------------------------------------------------------------------------------------------------------------------------

[2025-02-24 09:30:59 #1 store] 
Database 'D:\Rides24\src\main\resources\rides.temp' is opened by 9428@LAPTOP-KQMM363R

[2025-02-24 09:30:59 #2 type.registry] 
New type domain.Driver

[2025-02-24 09:30:59 #3 type] 
Type domain.Driver is not enhanced.

[2025-02-24 09:30:59 #4 type.registry] 
New type domain.Ride

[2025-02-24 09:30:59 #5 type] 
Type domain.Ride is not enhanced.

[2025-02-24 09:30:59 #6 type.registry] 
New type java.util.Vector<java.lang.Object>

[2025-02-24 09:30:59 #7 type.registry] 
New type java.util.Vector<domain.Ride>

------------------------------------------------------------------------------------------------------------------------

[2025-02-24 09:31:41 #1 store] 
Database 'D:\Rides24\src\main\resources\rides.temp' is opened by 16452@LAPTOP-KQMM363R

[2025-02-24 09:31:41 #2 type.registry] 
New type domain.Driver

[2025-02-24 09:31:41 #3 type] 
Type domain.Driver is not enhanced.

[2025-02-24 09:31:41 #4 type.registry] 
New type domain.Ride

[2025-02-24 09:31:41 #5 type] 
Type domain.Ride is not enhanced.

[2025-02-24 09:31:41 #6 type.registry] 
New type java.util.Vector<java.lang.Object>

[2025-02-24 09:31:41 #7 type.registry] 
New type java.util.Vector<domain.Ride>

------------------------------------------------------------------------------------------------------------------------

[2025-02-24 09:34:16 #1 store] 
Database 'D:\Rides24\src\main\resources\rides.temp' is opened by 2560@LAPTOP-KQMM363R

[2025-02-24 09:34:17 #2 type.registry] 
New type domain.Driver

[2025-02-24 09:34:17 #3 type] 
Type domain.Driver is not enhanced.

[2025-02-24 09:34:17 #4 type.registry] 
New type domain.Ride

[2025-02-24 09:34:17 #5 type] 
Type domain.Ride is not enhanced.

[2025-02-24 09:34:17 #6 type.registry] 
New type java.util.Vector<java.lang.Object>

[2025-02-24 09:34:17 #7 type.registry] 
New type java.util.Vector<domain.Ride>

------------------------------------------------------------------------------------------------------------------------

[2025-02-24 09:37:27 #1 store] 
Database 'D:\Rides24\src\main\resources\rides.temp' is opened by 22492@LAPTOP-KQMM363R

[2025-02-24 09:37:27 #2 type.registry] 
New type domain.Driver

[2025-02-24 09:37:27 #3 type] 
Type domain.Driver is not enhanced.

[2025-02-24 09:37:27 #4 type.registry] 
New type domain.Ride

[2025-02-24 09:37:27 #5 type] 
Type domain.Ride is not enhanced.

[2025-02-24 09:37:27 #6 type.registry] 
New type java.util.Vector<java.lang.Object>

[2025-02-24 09:37:27 #7 type.registry] 
New type java.util.Vector<domain.Ride>

------------------------------------------------------------------------------------------------------------------------

[2025-02-24 09:38:36 #1 store] 
Database 'D:\Rides24\src\main\resources\rides.temp' is opened by 19636@LAPTOP-KQMM363R

[2025-02-24 09:38:36 #2 type.registry] 
New type domain.Driver

[2025-02-24 09:38:36 #3 type] 
Type domain.Driver is not enhanced.

[2025-02-24 09:38:36 #4 type.registry] 
New type domain.Ride

[2025-02-24 09:38:36 #5 type] 
Type domain.Ride is not enhanced.

[2025-02-24 09:38:36 #6 type.registry] 
New type java.util.Vector<java.lang.Object>

[2025-02-24 09:38:36 #7 type.registry] 
New type java.util.Vector<domain.Ride>

------------------------------------------------------------------------------------------------------------------------

[2025-02-24 09:39:38 #1 store] 
Database 'D:\Rides24\src\main\resources\rides.temp' is opened by 11708@LAPTOP-KQMM363R

[2025-02-24 09:39:38 #2 type.registry] 
New type domain.Driver

[2025-02-24 09:39:38 #3 type] 
Type domain.Driver is not enhanced.

[2025-02-24 09:39:38 #4 type.registry] 
New type domain.Ride

[2025-02-24 09:39:38 #5 type] 
Type domain.Ride is not enhanced.

[2025-02-24 09:39:38 #6 type.registry] 
New type java.util.Vector<java.lang.Object>

[2025-02-24 09:39:38 #7 type.registry] 
New type java.util.Vector<domain.Ride>

------------------------------------------------------------------------------------------------------------------------

[2025-02-24 09:54:37 #1 store] 
Database 'D:\Rides24\src\main\resources\rides.temp' is opened by 14536@LAPTOP-KQMM363R

[2025-02-24 09:54:37 #2 type.registry] 
New type domain.Driver

[2025-02-24 09:54:37 #3 type] 
Type domain.Driver is not enhanced.

[2025-02-24 09:54:37 #4 type.registry] 
New type domain.Ride

[2025-02-24 09:54:37 #5 type] 
Type domain.Ride is not enhanced.

[2025-02-24 09:54:37 #6 type.registry] 
New type java.util.Vector<java.lang.Object>

[2025-02-24 09:54:37 #7 type.registry] 
New type java.util.Vector<domain.Ride>

------------------------------------------------------------------------------------------------------------------------

[2025-02-24 10:04:32 #1 store] 
Database 'D:\Rides24\src\main\resources\rides.temp' is opened by 11908@LAPTOP-KQMM363R

[2025-02-24 10:04:32 #2 type.registry] 
New type domain.Driver

[2025-02-24 10:04:32 #3 type] 
Type domain.Driver is not enhanced.

[2025-02-24 10:04:32 #4 type.registry] 
New type domain.Ride

[2025-02-24 10:04:32 #5 type] 
Type domain.Ride is not enhanced.

[2025-02-24 10:04:32 #6 type.registry] 
New type java.util.Vector<java.lang.Object>

[2025-02-24 10:04:32 #7 type.registry] 
New type java.util.Vector<domain.Ride>

------------------------------------------------------------------------------------------------------------------------

[2025-02-24 10:05:00 #1 store] 
Database 'D:\Rides24\src\main\resources\rides.temp' is opened by 17868@LAPTOP-KQMM363R

[2025-02-24 10:05:00 #2 type.registry] 
New type domain.Driver

[2025-02-24 10:05:00 #3 type] 
Type domain.Driver is not enhanced.

[2025-02-24 10:05:00 #4 type.registry] 
New type domain.Ride

[2025-02-24 10:05:00 #5 type] 
Type domain.Ride is not enhanced.

[2025-02-24 10:05:00 #6 type.registry] 
New type java.util.Vector<java.lang.Object>

[2025-02-24 10:05:00 #7 type.registry] 
New type java.util.Vector<domain.Ride>

------------------------------------------------------------------------------------------------------------------------

[2025-02-24 10:07:45 #1 store] 
Database 'D:\Rides24\src\main\resources\rides.temp' is opened by 14248@LAPTOP-KQMM363R

[2025-02-24 10:07:45 #2 type.registry] 
New type domain.Driver

[2025-02-24 10:07:45 #3 type] 
Type domain.Driver is not enhanced.

[2025-02-24 10:07:45 #4 type.registry] 
New type domain.Ride

[2025-02-24 10:07:45 #5 type] 
Type domain.Ride is not enhanced.

[2025-02-24 10:07:45 #6 type.registry] 
New type java.util.Vector<java.lang.Object>

[2025-02-24 10:07:45 #7 type.registry] 
New type java.util.Vector<domain.Ride>

------------------------------------------------------------------------------------------------------------------------

[2025-02-24 10:08:27 #1 store] 
Database 'D:\Rides24\src\main\resources\rides.temp' is opened by 12888@LAPTOP-KQMM363R

[2025-02-24 10:08:27 #2 type.registry] 
New type domain.Driver

[2025-02-24 10:08:27 #3 type] 
Type domain.Driver is not enhanced.

[2025-02-24 10:08:27 #4 type.registry] 
New type domain.Ride

[2025-02-24 10:08:27 #5 type] 
Type domain.Ride is not enhanced.

[2025-02-24 10:08:27 #6 type.registry] 
New type java.util.Vector<java.lang.Object>

[2025-02-24 10:08:27 #7 type.registry] 
New type java.util.Vector<domain.Ride>

------------------------------------------------------------------------------------------------------------------------

[2025-02-24 10:24:54 #1 store] 
Database 'D:\Rides24\src\main\resources\rides.temp' is opened by 22328@LAPTOP-KQMM363R

[2025-02-24 10:24:54 #2 type.registry] 
New type domain.Driver

[2025-02-24 10:24:54 #3 type] 
Type domain.Driver is not enhanced.

[2025-02-24 10:24:55 #4 type.registry] 
New type domain.Ride

[2025-02-24 10:24:55 #5 type] 
Type domain.Ride is not enhanced.

[2025-02-24 10:24:55 #6 type.registry] 
New type java.util.Vector<java.lang.Object>

[2025-02-24 10:24:55 #7 type.registry] 
New type java.util.Vector<domain.Ride>

------------------------------------------------------------------------------------------------------------------------

[2025-02-24 10:25:10 #1 store] 
Database 'D:\Rides24\src\main\resources\rides.temp' is opened by 11704@LAPTOP-KQMM363R

[2025-02-24 10:25:10 #2 type.registry] 
New type domain.Driver

[2025-02-24 10:25:10 #3 type] 
Type domain.Driver is not enhanced.

[2025-02-24 10:25:10 #4 type.registry] 
New type domain.Ride

[2025-02-24 10:25:10 #5 type] 
Type domain.Ride is not enhanced.

[2025-02-24 10:25:10 #6 type.registry] 
New type java.util.Vector<java.lang.Object>

[2025-02-24 10:25:10 #7 type.registry] 
New type java.util.Vector<domain.Ride>

------------------------------------------------------------------------------------------------------------------------

[2025-02-24 17:59:56 #1 store] 
Database 'D:\Rides24\src\main\resources\rides.temp' is opened by 15344@LAPTOP-KQMM363R

[2025-02-24 17:59:56 #2 type.registry] 
New type domain.Driver

[2025-02-24 17:59:56 #3 type] 
Type domain.Driver is not enhanced.

[2025-02-24 17:59:56 #4 type.registry] 
New type domain.Ride

[2025-02-24 17:59:56 #5 type] 
Type domain.Ride is not enhanced.

[2025-02-24 17:59:56 #6 type.registry] 
New type java.util.Vector<java.lang.Object>

[2025-02-24 17:59:56 #7 type.registry] 
New type java.util.Vector<domain.Ride>

------------------------------------------------------------------------------------------------------------------------

[2025-02-24 18:07:57 #1 store] 
Database 'D:\Rides24\src\main\resources\rides.temp' is opened by 3240@LAPTOP-KQMM363R

[2025-02-24 18:07:57 #2 type.registry] 
New type domain.Driver

[2025-02-24 18:07:57 #3 type] 
Type domain.Driver is not enhanced.

[2025-02-24 18:07:57 #4 type.registry] 
New type domain.Ride

[2025-02-24 18:07:57 #5 type] 
Type domain.Ride is not enhanced.

[2025-02-24 18:07:57 #6 type.registry] 
New type java.util.Vector<java.lang.Object>

[2025-02-24 18:07:57 #7 type.registry] 
New type java.util.Vector<domain.Ride>

------------------------------------------------------------------------------------------------------------------------

[2025-02-24 18:52:17 #1 store] 
Database 'D:\Rides24\src\main\resources\rides.temp' is opened by 13960@LAPTOP-KQMM363R

------------------------------------------------------------------------------------------------------------------------

[2025-02-24 18:52:27 #1 store] 
Database 'D:\Rides24\src\main\resources\rides.temp' is opened by 18152@LAPTOP-KQMM363R

