------------------------------------------------------------------------------------------------------------------------

[2025-03-26 13:25:14 #1 store] 
Database '/Users/arruti/eclipse-workspace/Rides24-4.zip_expanded/Rides24-4/src/main/resources/rides.temp' is opened by 23780@MacBook-Air-de-Benat.local

[2025-03-26 13:25:14 #2 type.registry] 
New type domain.User

[2025-03-26 13:25:14 #3 type.registry] 
New type domain.Driver

[2025-03-26 13:25:14 #4 type] 
Type domain.User is not enhanced.

[2025-03-26 13:25:14 #5 type.registry] 
New type domain.Ride

[2025-03-26 13:25:14 #6 type] 
Type domain.Driver is not enhanced.

[2025-03-26 13:25:14 #7 type] 
Type domain.Ride is not enhanced.

[2025-03-26 13:25:14 #8 type.registry] 
New type domain.Traveler

[2025-03-26 13:25:14 #9 type.registry] 
New type java.util.ArrayList<domain.Traveler>

[2025-03-26 13:25:14 #10 type] 
Type domain.Traveler is not enhanced.

[2025-03-26 13:25:14 #11 type.registry] 
New type java.util.Vector<java.lang.Object>

[2025-03-26 13:25:14 #12 type.registry] 
New type java.util.Vector<domain.Ride>

[2025-03-26 13:25:14 #13 type.registry] 
New type java.util.ArrayList<java.lang.Object>

------------------------------------------------------------------------------------------------------------------------

[2025-03-26 13:25:30 #1 store] 
Database '/Users/arruti/eclipse-workspace/Rides24-4.zip_expanded/Rides24-4/src/main/resources/rides.temp' is opened by 23787@MacBook-Air-de-Benat.local

[2025-03-26 13:25:30 #2 type.registry] 
New type domain.User

[2025-03-26 13:25:30 #3 type.registry] 
New type domain.Driver

[2025-03-26 13:25:30 #4 type] 
Type domain.User is not enhanced.

[2025-03-26 13:25:30 #5 type.registry] 
New type domain.Ride

[2025-03-26 13:25:30 #6 type] 
Type domain.Driver is not enhanced.

[2025-03-26 13:25:30 #7 type] 
Type domain.Ride is not enhanced.

[2025-03-26 13:25:30 #8 type.registry] 
New type domain.Traveler

[2025-03-26 13:25:30 #9 type.registry] 
New type java.util.ArrayList<domain.Traveler>

[2025-03-26 13:25:30 #10 type] 
Type domain.Traveler is not enhanced.

[2025-03-26 13:25:30 #11 type.registry] 
New type java.util.Vector<java.lang.Object>

[2025-03-26 13:25:30 #12 type.registry] 
New type java.util.Vector<domain.Ride>

[2025-03-26 13:25:30 #13 type.registry] 
New type java.util.ArrayList<java.lang.Object>

------------------------------------------------------------------------------------------------------------------------

[2025-03-26 18:39:31 #1 store] 
Database '/Users/arruti/eclipse-workspace/Rides24-4.zip_expanded/Rides24-4/src/main/resources/rides.temp' is opened by 25220@Mac.home

[2025-03-26 18:39:31 #2 type.registry] 
New type domain.User

[2025-03-26 18:39:31 #3 type.registry] 
New type domain.Driver

[2025-03-26 18:39:31 #4 type] 
Type domain.User is not enhanced.

[2025-03-26 18:39:31 #5 type.registry] 
New type domain.Ride

[2025-03-26 18:39:31 #6 type] 
Type domain.Driver is not enhanced.

[2025-03-26 18:39:31 #7 type] 
Type domain.Ride is not enhanced.

[2025-03-26 18:39:31 #8 type.registry] 
New type domain.Traveler

[2025-03-26 18:39:31 #9 type.registry] 
New type java.util.ArrayList<domain.Traveler>

[2025-03-26 18:39:31 #10 type] 
Type domain.Traveler is not enhanced.

[2025-03-26 18:39:31 #11 type.registry] 
New type java.util.Vector<java.lang.Object>

[2025-03-26 18:39:31 #12 type.registry] 
New type java.util.Vector<domain.Ride>

[2025-03-26 18:39:31 #13 type.registry] 
New type java.util.ArrayList<java.lang.Object>

------------------------------------------------------------------------------------------------------------------------

[2025-03-26 19:06:51 #1 store] 
Database '/Users/arruti/eclipse-workspace/Rides24-4.zip_expanded/Rides24-4/src/main/resources/rides.temp' is opened by 25572@Mac.home

------------------------------------------------------------------------------------------------------------------------

[2025-03-26 19:12:28 #1 store] 
Database '/Users/arruti/eclipse-workspace/Rides24-4.zip_expanded/Rides24-4/src/main/resources/rides.temp' is opened by 25639@Mac.home

[2025-03-26 19:12:28 #2 type.registry] 
New type domain.User

[2025-03-26 19:12:28 #3 type.registry] 
New type domain.Driver

[2025-03-26 19:12:28 #4 type] 
Type domain.User is not enhanced.

[2025-03-26 19:12:28 #5 type.registry] 
New type domain.Ride

[2025-03-26 19:12:28 #6 type] 
Type domain.Driver is not enhanced.

[2025-03-26 19:12:28 #7 type.registry] 
New type domain.Car

[2025-03-26 19:12:28 #8 type] 
Type domain.Ride is not enhanced.

[2025-03-26 19:12:28 #9 type.registry] 
New type domain.Traveler

[2025-03-26 19:12:28 #10 type.registry] 
New type java.util.ArrayList<domain.Traveler>

[2025-03-26 19:12:28 #11 type] 
Type domain.Traveler is not enhanced.

[2025-03-26 19:12:28 #12 type.registry] 
New type java.util.Vector<java.lang.Object>

[2025-03-26 19:12:28 #13 type.registry] 
New type java.util.Vector<domain.Ride>

[2025-03-26 19:12:28 #14 type.registry] 
New type java.util.ArrayList<java.lang.Object>

------------------------------------------------------------------------------------------------------------------------

[2025-03-26 19:14:43 #1 store] 
Database '/Users/arruti/eclipse-workspace/Rides24-4.zip_expanded/Rides24-4/src/main/resources/rides.temp' is opened by 25676@Mac.home

[2025-03-26 19:14:43 #2 type.registry] 
New type domain.User

[2025-03-26 19:14:43 #3 type.registry] 
New type domain.Driver

[2025-03-26 19:14:43 #4 type] 
Type domain.User is not enhanced.

[2025-03-26 19:14:43 #5 type.registry] 
New type domain.Ride

[2025-03-26 19:14:43 #6 type] 
Type domain.Driver is not enhanced.

[2025-03-26 19:14:43 #7 type.registry] 
New type domain.Car

[2025-03-26 19:14:43 #8 type] 
Type domain.Ride is not enhanced.

[2025-03-26 19:14:43 #9 type.registry] 
New type domain.Traveler

[2025-03-26 19:14:43 #10 type.registry] 
New type java.util.ArrayList<domain.Traveler>

[2025-03-26 19:14:43 #11 type] 
Type domain.Traveler is not enhanced.

[2025-03-26 19:14:43 #12 type.registry] 
New type java.util.Vector<java.lang.Object>

[2025-03-26 19:14:43 #13 type.registry] 
New type java.util.Vector<domain.Ride>

[2025-03-26 19:14:43 #14 type.registry] 
New type java.util.ArrayList<java.lang.Object>

------------------------------------------------------------------------------------------------------------------------

[2025-03-26 19:42:32 #1 store] 
Database '/Users/arruti/eclipse-workspace/Rides24-4.zip_expanded/Rides24-4/src/main/resources/rides.temp' is opened by 26034@Mac.home

[2025-03-26 19:42:32 #2 type.registry] 
New type domain.User

[2025-03-26 19:42:32 #3 type.registry] 
New type domain.Driver

[2025-03-26 19:42:32 #4 type] 
Type domain.User is not enhanced.

[2025-03-26 19:42:32 #5 type.registry] 
New type domain.Ride

[2025-03-26 19:42:32 #6 type] 
Type domain.Driver is not enhanced.

[2025-03-26 19:42:32 #7 type.registry] 
New type domain.Car

[2025-03-26 19:42:32 #8 type] 
Type domain.Ride is not enhanced.

[2025-03-26 19:42:32 #9 type.registry] 
New type domain.Traveler

[2025-03-26 19:42:32 #10 type.registry] 
New type java.util.ArrayList<domain.Traveler>

[2025-03-26 19:42:32 #11 type] 
Type domain.Traveler is not enhanced.

[2025-03-26 19:42:32 #12 type.registry] 
New type java.util.Vector<java.lang.Object>

[2025-03-26 19:42:32 #13 type.registry] 
New type java.util.Vector<domain.Ride>

[2025-03-26 19:42:32 #14 type.registry] 
New type java.util.ArrayList<java.lang.Object>

------------------------------------------------------------------------------------------------------------------------

[2025-03-26 20:04:36 #1 store] 
Database '/home/aguachufrei/Workspaces/eclipse-workspace/Rides24/src/main/resources/rides.temp' is opened by 385859@archlinux

[2025-03-26 20:04:37 #2 type.registry] 
New type domain.User

[2025-03-26 20:04:37 #3 type.registry] 
New type domain.Driver

[2025-03-26 20:04:37 #4 type] 
Type domain.User is not enhanced.

[2025-03-26 20:04:37 #5 type.registry] 
New type domain.Ride

[2025-03-26 20:04:37 #6 type] 
Type domain.Driver is not enhanced.

[2025-03-26 20:04:37 #7 type.registry] 
New type domain.Car

[2025-03-26 20:04:37 #8 type] 
Type domain.Ride is not enhanced.

[2025-03-26 20:04:37 #9 type.registry] 
New type domain.Traveler

[2025-03-26 20:04:37 #10 type.registry] 
New type java.util.ArrayList<domain.Traveler>

[2025-03-26 20:04:37 #11 type] 
Type domain.Traveler is not enhanced.

[2025-03-26 20:04:37 #12 type.registry] 
New type java.util.Vector<java.lang.Object>

[2025-03-26 20:04:37 #13 type.registry] 
New type java.util.Vector<domain.Ride>

[2025-03-26 20:04:37 #14 type.registry] 
New type java.util.ArrayList<java.lang.Object>

------------------------------------------------------------------------------------------------------------------------

[2025-03-26 20:28:42 #1 store] 
Database '/home/aguachufrei/Workspaces/eclipse-workspace/Rides24/src/main/resources/rides.temp' is opened by 391174@archlinux

[2025-03-26 20:28:43 #2 type.registry] 
New type domain.User

[2025-03-26 20:28:43 #3 type.registry] 
New type domain.Driver

[2025-03-26 20:28:43 #4 type] 
Type domain.User is not enhanced.

[2025-03-26 20:28:43 #5 type.registry] 
New type domain.Ride

[2025-03-26 20:28:43 #6 type] 
Type domain.Driver is not enhanced.

[2025-03-26 20:28:43 #7 type.registry] 
New type domain.Car

[2025-03-26 20:28:43 #8 type] 
Type domain.Ride is not enhanced.

[2025-03-26 20:28:43 #9 type.registry] 
New type domain.Traveler

[2025-03-26 20:28:43 #10 type.registry] 
New type java.util.ArrayList<domain.Traveler>

[2025-03-26 20:28:43 #11 type] 
Type domain.Traveler is not enhanced.

[2025-03-26 20:28:43 #12 type.registry] 
New type java.util.Vector<java.lang.Object>

[2025-03-26 20:28:43 #13 type.registry] 
New type java.util.Vector<domain.Ride>

[2025-03-26 20:28:43 #14 type.registry] 
New type java.util.ArrayList<java.lang.Object>

------------------------------------------------------------------------------------------------------------------------

[2025-03-26 20:31:04 #1 store] 
Database '/home/aguachufrei/Workspaces/eclipse-workspace/Rides24/src/main/resources/rides.temp' is opened by 391531@archlinux

[2025-03-26 20:31:04 #2 type.registry] 
New type domain.User

[2025-03-26 20:31:04 #3 type.registry] 
New type domain.Driver

[2025-03-26 20:31:04 #4 type] 
Type domain.User is not enhanced.

[2025-03-26 20:31:04 #5 type.registry] 
New type domain.Ride

[2025-03-26 20:31:04 #6 type] 
Type domain.Driver is not enhanced.

[2025-03-26 20:31:04 #7 type.registry] 
New type domain.Car

[2025-03-26 20:31:04 #8 type] 
Type domain.Ride is not enhanced.

[2025-03-26 20:31:04 #9 type.registry] 
New type domain.Traveler

[2025-03-26 20:31:04 #10 type.registry] 
New type java.util.ArrayList<domain.Traveler>

[2025-03-26 20:31:04 #11 type] 
Type domain.Traveler is not enhanced.

[2025-03-26 20:31:04 #12 type.registry] 
New type java.util.Vector<java.lang.Object>

[2025-03-26 20:31:04 #13 type.registry] 
New type java.util.Vector<domain.Ride>

[2025-03-26 20:31:04 #14 type.registry] 
New type java.util.ArrayList<java.lang.Object>

------------------------------------------------------------------------------------------------------------------------

[2025-03-26 20:33:46 #1 store] 
Database '/home/aguachufrei/Workspaces/eclipse-workspace/Rides24/src/main/resources/rides.temp' is opened by 391938@archlinux

[2025-03-26 20:33:46 #2 type.registry] 
New type domain.User

[2025-03-26 20:33:46 #3 type.registry] 
New type domain.Driver

[2025-03-26 20:33:46 #4 type] 
Type domain.User is not enhanced.

[2025-03-26 20:33:46 #5 type.registry] 
New type domain.Ride

[2025-03-26 20:33:46 #6 type] 
Type domain.Driver is not enhanced.

[2025-03-26 20:33:46 #7 type.registry] 
New type domain.Car

[2025-03-26 20:33:46 #8 type.registry] 
New type java.util.ArrayList<domain.Car>

[2025-03-26 20:33:46 #9 type] 
Type domain.Ride is not enhanced.

[2025-03-26 20:33:46 #10 type.registry] 
New type domain.Traveler

[2025-03-26 20:33:46 #11 type.registry] 
New type java.util.ArrayList<domain.Traveler>

[2025-03-26 20:33:46 #12 type] 
Type domain.Traveler is not enhanced.

[2025-03-26 20:33:46 #13 type.registry] 
New type java.util.Vector<java.lang.Object>

[2025-03-26 20:33:46 #14 type.registry] 
New type java.util.Vector<domain.Ride>

[2025-03-26 20:33:46 #15 type.registry] 
New type java.util.ArrayList<java.lang.Object>

------------------------------------------------------------------------------------------------------------------------

[2025-03-26 20:35:44 #1 store] 
Database '/home/aguachufrei/Workspaces/eclipse-workspace/Rides24/src/main/resources/rides.temp' is opened by 392379@archlinux

[2025-03-26 20:35:44 #2 type.registry] 
New type domain.User

[2025-03-26 20:35:44 #3 type.registry] 
New type domain.Driver

[2025-03-26 20:35:44 #4 type] 
Type domain.User is not enhanced.

[2025-03-26 20:35:44 #5 type.registry] 
New type domain.Ride

[2025-03-26 20:35:44 #6 type] 
Type domain.Driver is not enhanced.

[2025-03-26 20:35:44 #7 type.registry] 
New type domain.Car

[2025-03-26 20:35:44 #8 type.registry] 
New type java.util.ArrayList<domain.Car>

[2025-03-26 20:35:44 #9 type] 
Type domain.Ride is not enhanced.

[2025-03-26 20:35:44 #10 type.registry] 
New type domain.Traveler

[2025-03-26 20:35:44 #11 type.registry] 
New type java.util.ArrayList<domain.Traveler>

[2025-03-26 20:35:44 #12 type] 
Type domain.Traveler is not enhanced.

[2025-03-26 20:35:44 #13 type.registry] 
New type java.util.Vector<java.lang.Object>

[2025-03-26 20:35:44 #14 type.registry] 
New type java.util.Vector<domain.Ride>

[2025-03-26 20:35:44 #15 type.registry] 
New type java.util.ArrayList<java.lang.Object>

------------------------------------------------------------------------------------------------------------------------

[2025-03-26 20:38:52 #1 store] 
Database '/home/aguachufrei/Workspaces/eclipse-workspace/Rides24/src/main/resources/rides.temp' is opened by 392838@archlinux

[2025-03-26 20:38:52 #2 type.registry] 
New type domain.User

[2025-03-26 20:38:52 #3 type.registry] 
New type domain.Driver

[2025-03-26 20:38:52 #4 type] 
Type domain.User is not enhanced.

[2025-03-26 20:38:52 #5 type.registry] 
New type domain.Ride

[2025-03-26 20:38:52 #6 type] 
Type domain.Driver is not enhanced.

[2025-03-26 20:38:52 #7 type.registry] 
New type domain.Car

[2025-03-26 20:38:52 #8 type.registry] 
New type java.util.ArrayList<domain.Car>

[2025-03-26 20:38:52 #9 type] 
Type domain.Ride is not enhanced.

[2025-03-26 20:38:52 #10 type.registry] 
New type domain.Traveler

[2025-03-26 20:38:52 #11 type.registry] 
New type java.util.ArrayList<domain.Traveler>

[2025-03-26 20:38:52 #12 type] 
Type domain.Traveler is not enhanced.

[2025-03-26 20:38:52 #13 type.registry] 
New type java.util.Vector<java.lang.Object>

[2025-03-26 20:38:52 #14 type.registry] 
New type java.util.Vector<domain.Ride>

[2025-03-26 20:38:52 #15 type.registry] 
New type java.util.ArrayList<java.lang.Object>

------------------------------------------------------------------------------------------------------------------------

[2025-03-26 20:40:36 #1 store] 
Database '/home/aguachufrei/Workspaces/eclipse-workspace/Rides24/src/main/resources/rides.temp' is opened by 393233@archlinux

[2025-03-26 20:40:36 #2 type.registry] 
New type domain.User

[2025-03-26 20:40:36 #3 type.registry] 
New type domain.Driver

[2025-03-26 20:40:36 #4 type] 
Type domain.User is not enhanced.

[2025-03-26 20:40:36 #5 type.registry] 
New type domain.Ride

[2025-03-26 20:40:36 #6 type] 
Type domain.Driver is not enhanced.

[2025-03-26 20:40:36 #7 type.registry] 
New type domain.Car

[2025-03-26 20:40:36 #8 type.registry] 
New type java.util.ArrayList<domain.Car>

[2025-03-26 20:40:36 #9 type] 
Type domain.Ride is not enhanced.

[2025-03-26 20:40:36 #10 type.registry] 
New type domain.Traveler

[2025-03-26 20:40:36 #11 type.registry] 
New type java.util.ArrayList<domain.Traveler>

[2025-03-26 20:40:36 #12 type] 
Type domain.Traveler is not enhanced.

[2025-03-26 20:40:36 #13 type.registry] 
New type java.util.Vector<java.lang.Object>

[2025-03-26 20:40:36 #14 type.registry] 
New type java.util.Vector<domain.Ride>

[2025-03-26 20:40:36 #15 type.registry] 
New type java.util.ArrayList<java.lang.Object>

------------------------------------------------------------------------------------------------------------------------

[2025-03-26 20:40:45 #1 store] 
Database '/home/aguachufrei/Workspaces/eclipse-workspace/Rides24/src/main/resources/rides.temp' is opened by 393282@archlinux

[2025-03-26 20:40:46 #2 type.registry] 
New type domain.User

[2025-03-26 20:40:46 #3 type.registry] 
New type domain.Driver

[2025-03-26 20:40:46 #4 type] 
Type domain.User is not enhanced.

[2025-03-26 20:40:46 #5 type.registry] 
New type domain.Ride

[2025-03-26 20:40:46 #6 type] 
Type domain.Driver is not enhanced.

[2025-03-26 20:40:46 #7 type.registry] 
New type domain.Car

[2025-03-26 20:40:46 #8 type.registry] 
New type java.util.ArrayList<domain.Car>

[2025-03-26 20:40:46 #9 type] 
Type domain.Ride is not enhanced.

[2025-03-26 20:40:46 #10 type.registry] 
New type domain.Traveler

[2025-03-26 20:40:46 #11 type.registry] 
New type java.util.ArrayList<domain.Traveler>

[2025-03-26 20:40:46 #12 type] 
Type domain.Traveler is not enhanced.

[2025-03-26 20:40:46 #13 type.registry] 
New type java.util.Vector<java.lang.Object>

[2025-03-26 20:40:46 #14 type.registry] 
New type java.util.Vector<domain.Ride>

[2025-03-26 20:40:46 #15 type.registry] 
New type java.util.ArrayList<java.lang.Object>

------------------------------------------------------------------------------------------------------------------------

[2025-03-26 20:42:14 #1 store] 
Database '/home/aguachufrei/Workspaces/eclipse-workspace/Rides24/src/main/resources/rides.temp' is opened by 393629@archlinux

[2025-03-26 20:42:14 #2 type.registry] 
New type domain.User

[2025-03-26 20:42:14 #3 type.registry] 
New type domain.Driver

[2025-03-26 20:42:14 #4 type] 
Type domain.User is not enhanced.

[2025-03-26 20:42:14 #5 type.registry] 
New type domain.Ride

[2025-03-26 20:42:14 #6 type] 
Type domain.Driver is not enhanced.

[2025-03-26 20:42:14 #7 type.registry] 
New type domain.Car

[2025-03-26 20:42:14 #8 type.registry] 
New type java.util.ArrayList<domain.Car>

[2025-03-26 20:42:14 #9 type] 
Type domain.Ride is not enhanced.

[2025-03-26 20:42:14 #10 type.registry] 
New type domain.Traveler

[2025-03-26 20:42:14 #11 type.registry] 
New type java.util.ArrayList<domain.Traveler>

[2025-03-26 20:42:14 #12 type] 
Type domain.Traveler is not enhanced.

[2025-03-26 20:42:14 #13 type.registry] 
New type java.util.Vector<java.lang.Object>

[2025-03-26 20:42:14 #14 type.registry] 
New type java.util.Vector<domain.Ride>

[2025-03-26 20:42:14 #15 type.registry] 
New type java.util.ArrayList<java.lang.Object>

------------------------------------------------------------------------------------------------------------------------

[2025-03-26 20:54:15 #1 store] 
Database '/home/aguachufrei/Workspaces/eclipse-workspace/Rides24/src/main/resources/rides.temp' is opened by 400059@archlinux

[2025-03-26 20:54:15 #2 type.registry] 
New type domain.User

[2025-03-26 20:54:15 #3 type.registry] 
New type domain.Driver

[2025-03-26 20:54:15 #4 type] 
Type domain.User is not enhanced.

[2025-03-26 20:54:15 #5 type.registry] 
New type domain.Ride

[2025-03-26 20:54:15 #6 type] 
Type domain.Driver is not enhanced.

[2025-03-26 20:54:15 #7 type.registry] 
New type domain.Car

[2025-03-26 20:54:15 #8 type.registry] 
New type java.util.ArrayList<domain.Car>

[2025-03-26 20:54:15 #9 type] 
Type domain.Ride is not enhanced.

[2025-03-26 20:54:15 #10 type.registry] 
New type domain.Traveler

[2025-03-26 20:54:15 #11 type.registry] 
New type java.util.ArrayList<domain.Traveler>

[2025-03-26 20:54:15 #12 type] 
Type domain.Traveler is not enhanced.

[2025-03-26 20:54:15 #13 type.registry] 
New type java.util.Vector<java.lang.Object>

[2025-03-26 20:54:15 #14 type.registry] 
New type java.util.Vector<domain.Ride>

[2025-03-26 20:54:15 #15 type.registry] 
New type java.util.ArrayList<java.lang.Object>

------------------------------------------------------------------------------------------------------------------------

[2025-03-26 21:01:45 #1 store] 
Database '/home/aguachufrei/Workspaces/eclipse-workspace/Rides24/src/main/resources/rides.temp' is opened by 407971@archlinux

[2025-03-26 21:01:45 #2 type.registry] 
New type domain.User

[2025-03-26 21:01:45 #3 type.registry] 
New type domain.Driver

[2025-03-26 21:01:45 #4 type] 
Type domain.User is not enhanced.

[2025-03-26 21:01:45 #5 type.registry] 
New type domain.Ride

[2025-03-26 21:01:45 #6 type] 
Type domain.Driver is not enhanced.

[2025-03-26 21:01:45 #7 type.registry] 
New type domain.Car

[2025-03-26 21:01:45 #8 type.registry] 
New type java.util.ArrayList<domain.Car>

[2025-03-26 21:01:45 #9 type] 
Type domain.Ride is not enhanced.

[2025-03-26 21:01:45 #10 type.registry] 
New type domain.Traveler

[2025-03-26 21:01:45 #11 type.registry] 
New type java.util.ArrayList<domain.Traveler>

[2025-03-26 21:01:45 #12 type] 
Type domain.Traveler is not enhanced.

[2025-03-26 21:01:45 #13 type.registry] 
New type java.util.Vector<java.lang.Object>

[2025-03-26 21:01:45 #14 type.registry] 
New type java.util.Vector<domain.Ride>

[2025-03-26 21:01:45 #15 type.registry] 
New type java.util.ArrayList<java.lang.Object>

------------------------------------------------------------------------------------------------------------------------

[2025-03-26 21:06:53 #1 store] 
Database '/home/aguachufrei/Workspaces/eclipse-workspace/Rides24/src/main/resources/rides.temp' is opened by 408376@archlinux

[2025-03-26 21:06:53 #2 type.registry] 
New type domain.User

[2025-03-26 21:06:53 #3 type.registry] 
New type domain.Driver

[2025-03-26 21:06:53 #4 type] 
Type domain.User is not enhanced.

[2025-03-26 21:06:53 #5 type.registry] 
New type domain.Ride

[2025-03-26 21:06:53 #6 type] 
Type domain.Driver is not enhanced.

[2025-03-26 21:06:53 #7 type.registry] 
New type domain.Car

[2025-03-26 21:06:53 #8 type.registry] 
New type java.util.ArrayList<domain.Car>

[2025-03-26 21:06:53 #9 type] 
Type domain.Ride is not enhanced.

[2025-03-26 21:06:53 #10 type.registry] 
New type domain.Traveler

[2025-03-26 21:06:53 #11 type.registry] 
New type java.util.ArrayList<domain.Traveler>

[2025-03-26 21:06:53 #12 type] 
Type domain.Car is not enhanced.

[2025-03-26 21:06:53 #13 type] 
Type domain.Traveler is not enhanced.

[2025-03-26 21:06:53 #14 type.registry] 
New type java.util.Vector<java.lang.Object>

[2025-03-26 21:06:53 #15 type.registry] 
New type java.util.Vector<domain.Ride>

[2025-03-26 21:06:53 #16 type.registry] 
New type java.util.ArrayList<java.lang.Object>

