------------------------------------------------------------------------------------------------------------------------

[2025-02-26 18:25:53 #1 server] 
Server on port 6136 has started by 22204@LAPTOP-KQMM363R

------------------------------------------------------------------------------------------------------------------------

[2025-02-26 18:25:59 #1 server] 
java.net.BindException: Address already in use: bind
	at java.base/sun.nio.ch.Net.bind0(Native Method)
	at java.base/sun.nio.ch.Net.bind(Net.java:565)
	at java.base/sun.nio.ch.Net.bind(Net.java:554)
	at java.base/sun.nio.ch.NioSocketImpl.bind(NioSocketImpl.java:636)
	at java.base/java.net.ServerSocket.bind(ServerSocket.java:389)
	at java.base/java.net.ServerSocket.<init>(ServerSocket.java:276)
	at java.base/java.net.ServerSocket.<init>(ServerSocket.java:221)
	at com.objectdb.o.SMR.I(SMR.java:259)
	at com.objectdb.o.SMR.n(SMR.java:159)
	at com.objectdb.o.TOL.run(TOL.java:116)
	at com.objectdb.Server.runCommand(Server.java:200)
	at com.objectdb.Server.run(Server.java:104)
	at com.objectdb.Server.main(Server.java:63)

[2025-02-26 18:28:39 #2 store] 
Database 'D:\Rides24\src\main\resources\db\src\main\resources\rides.temp' has been recovered (tr. 1-38)

[2025-02-26 18:28:39 #3 store] 
Database 'D:\Rides24\src\main\resources\db\src\main\resources\rides.temp' is opened by 22204@LAPTOP-KQMM363R

------------------------------------------------------------------------------------------------------------------------

[2025-02-26 18:28:39 #1 type] 
Type domain.User is not enhanced.

[2025-02-26 18:28:39 #2 type] 
Type domain.Driver is not enhanced.

[2025-02-26 18:28:39 #3 type] 
Type domain.Ride is not enhanced.

------------------------------------------------------------------------------------------------------------------------

[2025-02-26 18:28:49 #1 type] 
Type domain.User is not enhanced.

[2025-02-26 18:28:49 #2 type] 
Type domain.Driver is not enhanced.

[2025-02-26 18:28:49 #3 type] 
Type domain.Ride is not enhanced.

------------------------------------------------------------------------------------------------------------------------

[2025-02-26 18:28:57 #1 server] 
java.net.BindException: Address already in use: bind
	at java.base/sun.nio.ch.Net.bind0(Native Method)
	at java.base/sun.nio.ch.Net.bind(Net.java:565)
	at java.base/sun.nio.ch.Net.bind(Net.java:554)
	at java.base/sun.nio.ch.NioSocketImpl.bind(NioSocketImpl.java:636)
	at java.base/java.net.ServerSocket.bind(ServerSocket.java:389)
	at java.base/java.net.ServerSocket.<init>(ServerSocket.java:276)
	at java.base/java.net.ServerSocket.<init>(ServerSocket.java:221)
	at com.objectdb.o.SMR.I(SMR.java:259)
	at com.objectdb.o.SMR.n(SMR.java:159)
	at com.objectdb.o.TOL.run(TOL.java:116)
	at com.objectdb.Server.runCommand(Server.java:200)
	at com.objectdb.Server.run(Server.java:104)
	at com.objectdb.Server.main(Server.java:63)

------------------------------------------------------------------------------------------------------------------------

[2025-02-26 18:29:04 #1 type] 
Type domain.User is not enhanced.

[2025-02-26 18:29:04 #2 type] 
Type domain.Driver is not enhanced.

[2025-02-26 18:29:04 #3 type] 
Type domain.Ride is not enhanced.

------------------------------------------------------------------------------------------------------------------------

[2025-02-26 19:13:44 #1 type] 
Type domain.User is not enhanced.

[2025-02-26 19:13:44 #2 type] 
Type domain.Driver is not enhanced.

[2025-02-26 19:13:44 #3 type] 
Type domain.Ride is not enhanced.

------------------------------------------------------------------------------------------------------------------------

[2025-02-26 19:13:58 #1 type] 
Type domain.User is not enhanced.

[2025-02-26 19:13:58 #2 type] 
Type domain.Driver is not enhanced.

[2025-02-26 19:13:58 #3 type] 
Type domain.Ride is not enhanced.

------------------------------------------------------------------------------------------------------------------------

[2025-02-26 19:14:01 #1 type] 
Type domain.User is not enhanced.

[2025-02-26 19:14:01 #2 type] 
Type domain.Driver is not enhanced.

[2025-02-26 19:14:01 #3 type] 
Type domain.Ride is not enhanced.

------------------------------------------------------------------------------------------------------------------------

[2025-02-26 19:14:04 #1 type] 
Type domain.User is not enhanced.

[2025-02-26 19:14:04 #2 type] 
Type domain.Driver is not enhanced.

[2025-02-26 19:14:04 #3 type] 
Type domain.Ride is not enhanced.

------------------------------------------------------------------------------------------------------------------------

[2025-02-26 19:14:10 #1 type] 
Type domain.User is not enhanced.

[2025-02-26 19:14:10 #2 type] 
Type domain.Driver is not enhanced.

[2025-02-26 19:14:10 #3 type] 
Type domain.Ride is not enhanced.

------------------------------------------------------------------------------------------------------------------------

[2025-02-26 19:14:17 #1 server] 
java.net.BindException: Address already in use: bind
	at java.base/sun.nio.ch.Net.bind0(Native Method)
	at java.base/sun.nio.ch.Net.bind(Net.java:565)
	at java.base/sun.nio.ch.Net.bind(Net.java:554)
	at java.base/sun.nio.ch.NioSocketImpl.bind(NioSocketImpl.java:636)
	at java.base/java.net.ServerSocket.bind(ServerSocket.java:389)
	at java.base/java.net.ServerSocket.<init>(ServerSocket.java:276)
	at java.base/java.net.ServerSocket.<init>(ServerSocket.java:221)
	at com.objectdb.o.SMR.I(SMR.java:259)
	at com.objectdb.o.SMR.n(SMR.java:159)
	at com.objectdb.o.TOL.run(TOL.java:116)
	at com.objectdb.Server.runCommand(Server.java:200)
	at com.objectdb.Server.run(Server.java:104)
	at com.objectdb.Server.main(Server.java:63)

------------------------------------------------------------------------------------------------------------------------

[2025-02-26 19:14:22 #1 type] 
Type domain.User is not enhanced.

[2025-02-26 19:14:22 #2 type] 
Type domain.Driver is not enhanced.

[2025-02-26 19:14:22 #3 type] 
Type domain.Ride is not enhanced.

[2025-02-26 19:15:30 #4 store] 
Database 'D:\Rides24\src\main\resources\db\src\main\resources\rides.temp' is closed by 22204@LAPTOP-KQMM363R

[2025-02-26 19:15:43 #5 store] 
Database 'D:\Rides24\src\main\resources\db\src\main\resources\rides.temp' is opened by 22204@LAPTOP-KQMM363R

------------------------------------------------------------------------------------------------------------------------

[2025-02-26 19:15:43 #1 type] 
Type domain.User is not enhanced.

[2025-02-26 19:15:43 #2 type] 
Type domain.Driver is not enhanced.

[2025-02-26 19:15:43 #3 type] 
Type domain.Ride is not enhanced.

[2025-02-26 19:15:44 #6 store] 
Database 'D:\Rides24\src\main\resources\db\src\main\resources\rides.temp' is closed by 22204@LAPTOP-KQMM363R

[2025-02-26 19:15:48 #7 store] 
Database 'D:\Rides24\src\main\resources\db\src\main\resources\rides.temp' is opened by 22204@LAPTOP-KQMM363R

------------------------------------------------------------------------------------------------------------------------

[2025-02-26 19:15:48 #1 type] 
Type domain.User is not enhanced.

[2025-02-26 19:15:48 #2 type] 
Type domain.Driver is not enhanced.

[2025-02-26 19:15:48 #3 type] 
Type domain.Ride is not enhanced.

------------------------------------------------------------------------------------------------------------------------

[2025-02-26 19:15:51 #1 type] 
Type domain.User is not enhanced.

[2025-02-26 19:15:51 #2 type] 
Type domain.Driver is not enhanced.

[2025-02-26 19:15:51 #3 type] 
Type domain.Ride is not enhanced.

------------------------------------------------------------------------------------------------------------------------

[2025-02-26 19:15:54 #1 type] 
Type domain.User is not enhanced.

[2025-02-26 19:15:54 #2 type] 
Type domain.Driver is not enhanced.

[2025-02-26 19:15:54 #3 type] 
Type domain.Ride is not enhanced.

------------------------------------------------------------------------------------------------------------------------

[2025-02-26 19:15:56 #1 type] 
Type domain.User is not enhanced.

[2025-02-26 19:15:56 #2 type] 
Type domain.Driver is not enhanced.

[2025-02-26 19:15:56 #3 type] 
Type domain.Ride is not enhanced.

------------------------------------------------------------------------------------------------------------------------

[2025-02-26 19:16:04 #1 type] 
Type domain.User is not enhanced.

[2025-02-26 19:16:04 #2 type] 
Type domain.Driver is not enhanced.

[2025-02-26 19:16:04 #3 type] 
Type domain.Ride is not enhanced.

------------------------------------------------------------------------------------------------------------------------

[2025-02-26 19:16:16 #1 type] 
Type domain.User is not enhanced.

[2025-02-26 19:16:16 #2 type] 
Type domain.Driver is not enhanced.

[2025-02-26 19:16:16 #3 type] 
Type domain.Ride is not enhanced.

------------------------------------------------------------------------------------------------------------------------

[2025-02-26 19:16:25 #1 type] 
Type domain.User is not enhanced.

[2025-02-26 19:16:25 #2 type] 
Type domain.Driver is not enhanced.

[2025-02-26 19:16:25 #3 type] 
Type domain.Ride is not enhanced.

------------------------------------------------------------------------------------------------------------------------

[2025-02-26 19:16:32 #1 server] 
java.net.BindException: Address already in use: bind
	at java.base/sun.nio.ch.Net.bind0(Native Method)
	at java.base/sun.nio.ch.Net.bind(Net.java:565)
	at java.base/sun.nio.ch.Net.bind(Net.java:554)
	at java.base/sun.nio.ch.NioSocketImpl.bind(NioSocketImpl.java:636)
	at java.base/java.net.ServerSocket.bind(ServerSocket.java:389)
	at java.base/java.net.ServerSocket.<init>(ServerSocket.java:276)
	at java.base/java.net.ServerSocket.<init>(ServerSocket.java:221)
	at com.objectdb.o.SMR.I(SMR.java:259)
	at com.objectdb.o.SMR.n(SMR.java:159)
	at com.objectdb.o.TOL.run(TOL.java:116)
	at com.objectdb.Server.runCommand(Server.java:200)
	at com.objectdb.Server.run(Server.java:104)
	at com.objectdb.Server.main(Server.java:63)

------------------------------------------------------------------------------------------------------------------------

[2025-02-26 19:16:39 #1 server] 
java.net.BindException: Address already in use: bind
	at java.base/sun.nio.ch.Net.bind0(Native Method)
	at java.base/sun.nio.ch.Net.bind(Net.java:565)
	at java.base/sun.nio.ch.Net.bind(Net.java:554)
	at java.base/sun.nio.ch.NioSocketImpl.bind(NioSocketImpl.java:636)
	at java.base/java.net.ServerSocket.bind(ServerSocket.java:389)
	at java.base/java.net.ServerSocket.<init>(ServerSocket.java:276)
	at java.base/java.net.ServerSocket.<init>(ServerSocket.java:221)
	at com.objectdb.o.SMR.I(SMR.java:259)
	at com.objectdb.o.SMR.n(SMR.java:159)
	at com.objectdb.o.TOL.run(TOL.java:116)
	at com.objectdb.Server.runCommand(Server.java:200)
	at com.objectdb.Server.run(Server.java:104)
	at com.objectdb.Server.main(Server.java:63)

------------------------------------------------------------------------------------------------------------------------

[2025-02-26 19:16:45 #1 type] 
Type domain.User is not enhanced.

[2025-02-26 19:16:45 #2 type] 
Type domain.Driver is not enhanced.

[2025-02-26 19:16:45 #3 type] 
Type domain.Ride is not enhanced.

------------------------------------------------------------------------------------------------------------------------

[2025-02-26 19:22:14 #1 type] 
Type domain.User is not enhanced.

[2025-02-26 19:22:14 #2 type] 
Type domain.Driver is not enhanced.

[2025-02-26 19:22:14 #3 type] 
Type domain.Ride is not enhanced.

------------------------------------------------------------------------------------------------------------------------

[2025-02-26 19:22:25 #1 type] 
Type domain.User is not enhanced.

[2025-02-26 19:22:25 #2 type] 
Type domain.Driver is not enhanced.

[2025-02-26 19:22:25 #3 type] 
Type domain.Ride is not enhanced.

------------------------------------------------------------------------------------------------------------------------

[2025-02-26 19:36:19 #1 type] 
Type domain.User is not enhanced.

[2025-02-26 19:36:19 #2 type] 
Type domain.Driver is not enhanced.

[2025-02-26 19:36:19 #3 type] 
Type domain.Ride is not enhanced.

------------------------------------------------------------------------------------------------------------------------

[2025-02-26 19:38:01 #1 type] 
Type domain.User is not enhanced.

[2025-02-26 19:38:01 #2 type] 
Type domain.Driver is not enhanced.

[2025-02-26 19:38:01 #3 type] 
Type domain.Ride is not enhanced.

------------------------------------------------------------------------------------------------------------------------

[2025-02-26 19:38:26 #1 type] 
Type domain.User is not enhanced.

[2025-02-26 19:38:26 #2 type] 
Type domain.Driver is not enhanced.

[2025-02-26 19:38:27 #3 type] 
Type domain.Ride is not enhanced.

------------------------------------------------------------------------------------------------------------------------

[2025-02-26 19:38:34 #1 type] 
Type domain.User is not enhanced.

[2025-02-26 19:38:34 #2 type] 
Type domain.Driver is not enhanced.

[2025-02-26 19:38:34 #3 type] 
Type domain.Ride is not enhanced.

------------------------------------------------------------------------------------------------------------------------

[2025-02-26 19:38:47 #1 type] 
Type domain.User is not enhanced.

[2025-02-26 19:38:47 #2 type] 
Type domain.Driver is not enhanced.

[2025-02-26 19:38:47 #3 type] 
Type domain.Ride is not enhanced.

------------------------------------------------------------------------------------------------------------------------

[2025-02-26 19:41:25 #1 type] 
Type domain.User is not enhanced.

[2025-02-26 19:41:25 #2 type] 
Type domain.Driver is not enhanced.

[2025-02-26 19:41:25 #3 type] 
Type domain.Ride is not enhanced.

------------------------------------------------------------------------------------------------------------------------

[2025-02-26 19:42:45 #1 type] 
Type domain.User is not enhanced.

[2025-02-26 19:42:45 #2 type] 
Type domain.Driver is not enhanced.

[2025-02-26 19:42:45 #3 type] 
Type domain.Ride is not enhanced.

------------------------------------------------------------------------------------------------------------------------

[2025-02-26 19:46:28 #1 type] 
Type domain.User is not enhanced.

[2025-02-26 19:46:28 #2 type] 
Type domain.Driver is not enhanced.

[2025-02-26 19:46:28 #3 type] 
Type domain.Ride is not enhanced.

[2025-02-26 19:46:44 #8 store] 
Database 'D:\Rides24\src\main\resources\db\src\main\resources\rides.temp' is closed by 22204@LAPTOP-KQMM363R

[2025-02-26 19:46:54 #9 store] 
Database 'D:\Rides24\src\main\resources\db\src\main\resources\rides.temp' is opened by 22204@LAPTOP-KQMM363R

------------------------------------------------------------------------------------------------------------------------

[2025-02-26 19:46:54 #1 type] 
Type domain.User is not enhanced.

[2025-02-26 19:46:54 #2 type] 
Type domain.Driver is not enhanced.

[2025-02-26 19:46:54 #3 type] 
Type domain.Ride is not enhanced.

------------------------------------------------------------------------------------------------------------------------

[2025-02-26 19:46:58 #1 type] 
Type domain.User is not enhanced.

[2025-02-26 19:46:58 #2 type] 
Type domain.Driver is not enhanced.

[2025-02-26 19:46:58 #3 type] 
Type domain.Ride is not enhanced.

------------------------------------------------------------------------------------------------------------------------

[2025-02-26 19:47:01 #1 type] 
Type domain.User is not enhanced.

[2025-02-26 19:47:01 #2 type] 
Type domain.Driver is not enhanced.

[2025-02-26 19:47:01 #3 type] 
Type domain.Ride is not enhanced.

------------------------------------------------------------------------------------------------------------------------

[2025-02-26 19:47:29 #1 server] 
java.net.BindException: Address already in use: bind
	at java.base/sun.nio.ch.Net.bind0(Native Method)
	at java.base/sun.nio.ch.Net.bind(Net.java:565)
	at java.base/sun.nio.ch.Net.bind(Net.java:554)
	at java.base/sun.nio.ch.NioSocketImpl.bind(NioSocketImpl.java:636)
	at java.base/java.net.ServerSocket.bind(ServerSocket.java:389)
	at java.base/java.net.ServerSocket.<init>(ServerSocket.java:276)
	at java.base/java.net.ServerSocket.<init>(ServerSocket.java:221)
	at com.objectdb.o.SMR.I(SMR.java:259)
	at com.objectdb.o.SMR.n(SMR.java:159)
	at com.objectdb.o.TOL.run(TOL.java:116)
	at com.objectdb.Server.runCommand(Server.java:200)
	at com.objectdb.Server.run(Server.java:104)
	at com.objectdb.Server.main(Server.java:63)

------------------------------------------------------------------------------------------------------------------------

[2025-02-26 19:47:42 #1 type] 
Type domain.User is not enhanced.

[2025-02-26 19:47:42 #2 type] 
Type domain.Driver is not enhanced.

[2025-02-26 19:47:42 #3 type] 
Type domain.Ride is not enhanced.

------------------------------------------------------------------------------------------------------------------------

[2025-02-26 19:52:18 #1 type] 
Type domain.User is not enhanced.

[2025-02-26 19:52:18 #2 type] 
Type domain.Driver is not enhanced.

[2025-02-26 19:52:18 #3 type] 
Type domain.Ride is not enhanced.

------------------------------------------------------------------------------------------------------------------------

[2025-02-26 19:58:49 #1 type] 
Type domain.User is not enhanced.

[2025-02-26 19:58:49 #2 type] 
Type domain.Driver is not enhanced.

[2025-02-26 19:58:49 #3 type] 
Type domain.Ride is not enhanced.

------------------------------------------------------------------------------------------------------------------------

[2025-02-26 19:58:55 #1 type] 
Type domain.User is not enhanced.

[2025-02-26 19:58:55 #2 type] 
Type domain.Driver is not enhanced.

[2025-02-26 19:58:55 #3 type] 
Type domain.Ride is not enhanced.

------------------------------------------------------------------------------------------------------------------------

[2025-02-26 20:03:56 #1 type] 
Type domain.User is not enhanced.

[2025-02-26 20:03:56 #2 type] 
Type domain.Driver is not enhanced.

[2025-02-26 20:03:56 #3 type] 
Type domain.Ride is not enhanced.

------------------------------------------------------------------------------------------------------------------------

[2025-02-26 20:04:16 #1 type] 
Type domain.User is not enhanced.

[2025-02-26 20:04:16 #2 type] 
Type domain.Driver is not enhanced.

[2025-02-26 20:04:16 #3 type] 
Type domain.Ride is not enhanced.

------------------------------------------------------------------------------------------------------------------------

[2025-02-26 20:12:38 #1 type] 
Type domain.User is not enhanced.

[2025-02-26 20:12:38 #2 type] 
Type domain.Driver is not enhanced.

[2025-02-26 20:12:38 #3 type] 
Type domain.Ride is not enhanced.

------------------------------------------------------------------------------------------------------------------------

[2025-02-26 20:12:45 #1 type] 
Type domain.User is not enhanced.

[2025-02-26 20:12:45 #2 type] 
Type domain.Driver is not enhanced.

[2025-02-26 20:12:45 #3 type] 
Type domain.Ride is not enhanced.

[2025-02-26 20:13:06 #10 store] 
Database 'D:\Rides24\src\main\resources\db\src\main\resources\rides.temp' is closed by 22204@LAPTOP-KQMM363R

[2025-02-26 20:13:22 #11 store] 
Database 'D:\Rides24\src\main\resources\db\src\main\resources\rides.temp' is opened by 22204@LAPTOP-KQMM363R

------------------------------------------------------------------------------------------------------------------------

[2025-02-26 20:13:22 #1 type] 
Type domain.User is not enhanced.

[2025-02-26 20:13:22 #2 type] 
Type domain.Driver is not enhanced.

[2025-02-26 20:13:22 #3 type] 
Type domain.Ride is not enhanced.

------------------------------------------------------------------------------------------------------------------------

[2025-02-26 20:13:26 #1 server] 
java.net.BindException: Address already in use: bind
	at java.base/sun.nio.ch.Net.bind0(Native Method)
	at java.base/sun.nio.ch.Net.bind(Net.java:565)
	at java.base/sun.nio.ch.Net.bind(Net.java:554)
	at java.base/sun.nio.ch.NioSocketImpl.bind(NioSocketImpl.java:636)
	at java.base/java.net.ServerSocket.bind(ServerSocket.java:389)
	at java.base/java.net.ServerSocket.<init>(ServerSocket.java:276)
	at java.base/java.net.ServerSocket.<init>(ServerSocket.java:221)
	at com.objectdb.o.SMR.I(SMR.java:259)
	at com.objectdb.o.SMR.n(SMR.java:159)
	at com.objectdb.o.TOL.run(TOL.java:116)
	at com.objectdb.Server.runCommand(Server.java:200)
	at com.objectdb.Server.run(Server.java:104)
	at com.objectdb.Server.main(Server.java:63)

------------------------------------------------------------------------------------------------------------------------

[2025-02-26 20:14:05 #1 type] 
Type domain.User is not enhanced.

[2025-02-26 20:14:05 #2 type] 
Type domain.Driver is not enhanced.

[2025-02-26 20:14:05 #3 type] 
Type domain.Ride is not enhanced.

------------------------------------------------------------------------------------------------------------------------

[2025-02-26 20:15:22 #1 type] 
Type domain.User is not enhanced.

[2025-02-26 20:15:22 #2 type] 
Type domain.Driver is not enhanced.

[2025-02-26 20:15:22 #3 type] 
Type domain.Ride is not enhanced.

------------------------------------------------------------------------------------------------------------------------

[2025-02-26 20:24:08 #1 server] 
java.net.BindException: Address already in use: bind
	at java.base/sun.nio.ch.Net.bind0(Native Method)
	at java.base/sun.nio.ch.Net.bind(Net.java:565)
	at java.base/sun.nio.ch.Net.bind(Net.java:554)
	at java.base/sun.nio.ch.NioSocketImpl.bind(NioSocketImpl.java:636)
	at java.base/java.net.ServerSocket.bind(ServerSocket.java:389)
	at java.base/java.net.ServerSocket.<init>(ServerSocket.java:276)
	at java.base/java.net.ServerSocket.<init>(ServerSocket.java:221)
	at com.objectdb.o.SMR.I(SMR.java:259)
	at com.objectdb.o.SMR.n(SMR.java:159)
	at com.objectdb.o.TOL.run(TOL.java:116)
	at com.objectdb.Server.runCommand(Server.java:200)
	at com.objectdb.Server.run(Server.java:104)
	at com.objectdb.Server.main(Server.java:63)

------------------------------------------------------------------------------------------------------------------------

[2025-02-26 20:24:54 #1 type] 
Type domain.User is not enhanced.

[2025-02-26 20:24:54 #2 type] 
Type domain.Driver is not enhanced.

[2025-02-26 20:24:54 #3 type] 
Type domain.Ride is not enhanced.

------------------------------------------------------------------------------------------------------------------------

[2025-02-26 20:25:04 #1 type] 
Type domain.User is not enhanced.

[2025-02-26 20:25:04 #2 type] 
Type domain.Driver is not enhanced.

[2025-02-26 20:25:04 #3 type] 
Type domain.Ride is not enhanced.

------------------------------------------------------------------------------------------------------------------------

[2025-02-26 20:25:32 #1 type] 
Type domain.User is not enhanced.

[2025-02-26 20:25:32 #2 type] 
Type domain.Driver is not enhanced.

[2025-02-26 20:25:32 #3 type] 
Type domain.Ride is not enhanced.

[2025-02-26 20:26:07 #12 store] 
Database 'D:\Rides24\src\main\resources\db\src\main\resources\rides.temp' is closed by 22204@LAPTOP-KQMM363R

[2025-02-26 20:26:29 #13 store] 
Database 'D:\Rides24\src\main\resources\db\src\main\resources\rides.temp' is opened by 22204@LAPTOP-KQMM363R

------------------------------------------------------------------------------------------------------------------------

[2025-02-26 20:26:29 #1 type] 
Type domain.User is not enhanced.

[2025-02-26 20:26:29 #2 type] 
Type domain.Driver is not enhanced.

[2025-02-26 20:26:29 #3 type] 
Type domain.Ride is not enhanced.

------------------------------------------------------------------------------------------------------------------------

[2025-02-26 20:27:20 #1 server] 
java.net.BindException: Address already in use: bind
	at java.base/sun.nio.ch.Net.bind0(Native Method)
	at java.base/sun.nio.ch.Net.bind(Net.java:565)
	at java.base/sun.nio.ch.Net.bind(Net.java:554)
	at java.base/sun.nio.ch.NioSocketImpl.bind(NioSocketImpl.java:636)
	at java.base/java.net.ServerSocket.bind(ServerSocket.java:389)
	at java.base/java.net.ServerSocket.<init>(ServerSocket.java:276)
	at java.base/java.net.ServerSocket.<init>(ServerSocket.java:221)
	at com.objectdb.o.SMR.I(SMR.java:259)
	at com.objectdb.o.SMR.n(SMR.java:159)
	at com.objectdb.o.TOL.run(TOL.java:116)
	at com.objectdb.Server.runCommand(Server.java:200)
	at com.objectdb.Server.run(Server.java:104)
	at com.objectdb.Server.main(Server.java:63)

------------------------------------------------------------------------------------------------------------------------

[2025-02-26 20:27:44 #1 type] 
Type domain.User is not enhanced.

[2025-02-26 20:27:44 #2 type] 
Type domain.Driver is not enhanced.

[2025-02-26 20:27:44 #3 type] 
Type domain.Ride is not enhanced.

------------------------------------------------------------------------------------------------------------------------

[2025-02-26 21:06:03 #1 type] 
Type domain.User is not enhanced.

[2025-02-26 21:06:03 #2 type] 
Type domain.Driver is not enhanced.

[2025-02-26 21:06:03 #3 type] 
Type domain.Ride is not enhanced.

