------------------------------------------------------------------------------------------------------------------------

[2025-02-25 19:16:23 #1 store] 
Database 'D:\Rides24\src\main\resources\rides.temp' is opened by 22668@LAPTOP-KQMM363R

[2025-02-25 19:16:23 #2 type.registry] 
New type domain.User

[2025-02-25 19:16:23 #3 type.registry] 
New type domain.Driver

[2025-02-25 19:16:23 #4 type] 
Type domain.User is not enhanced.

[2025-02-25 19:16:23 #5 type.registry] 
New type domain.Ride

[2025-02-25 19:16:23 #6 type] 
Type domain.Ride is not enhanced.

[2025-02-25 19:16:23 #7 type.registry] 
New type domain.Traveler

[2025-02-25 19:16:23 #8 type.registry] 
New type java.util.ArrayList<domain.Traveler>

------------------------------------------------------------------------------------------------------------------------

[2025-02-25 19:25:47 #1 store] 
Database 'D:\Rides24\src\main\resources\rides.temp' is opened by 16080@LAPTOP-KQMM363R

[2025-02-25 19:25:48 #2 type.registry] 
New type domain.User

[2025-02-25 19:25:48 #3 type.registry] 
New type domain.Driver

[2025-02-25 19:25:48 #4 type] 
Type domain.User is not enhanced.

[2025-02-25 19:25:48 #5 type.registry] 
New type domain.Ride

[2025-02-25 19:25:48 #6 type] 
Type domain.Driver is not enhanced.

[2025-02-25 19:25:48 #7 type] 
Type domain.Ride is not enhanced.

[2025-02-25 19:25:48 #8 type.registry] 
New type domain.Traveler

[2025-02-25 19:25:48 #9 type.registry] 
New type java.util.ArrayList<domain.Traveler>

[2025-02-25 19:25:48 #10 type.registry] 
New type java.util.Vector<java.lang.Object>

[2025-02-25 19:25:48 #11 type.registry] 
New type java.util.Vector<domain.Ride>

[2025-02-25 19:25:48 #12 type.registry] 
New type java.util.ArrayList<java.lang.Object>

------------------------------------------------------------------------------------------------------------------------

[2025-02-25 19:26:15 #1 store] 
Database 'D:\Rides24\src\main\resources\rides.temp' is opened by 20372@LAPTOP-KQMM363R

[2025-02-25 19:26:15 #2 type.registry] 
New type domain.User

[2025-02-25 19:26:15 #3 type.registry] 
New type domain.Driver

[2025-02-25 19:26:15 #4 type] 
Type domain.User is not enhanced.

[2025-02-25 19:26:15 #5 type.registry] 
New type domain.Ride

[2025-02-25 19:26:15 #6 type] 
Type domain.Driver is not enhanced.

[2025-02-25 19:26:15 #7 type] 
Type domain.Ride is not enhanced.

[2025-02-25 19:26:15 #8 type.registry] 
New type domain.Traveler

[2025-02-25 19:26:15 #9 type.registry] 
New type java.util.ArrayList<domain.Traveler>

[2025-02-25 19:26:15 #10 type.registry] 
New type java.util.Vector<java.lang.Object>

[2025-02-25 19:26:15 #11 type.registry] 
New type java.util.Vector<domain.Ride>

[2025-02-25 19:26:15 #12 type.registry] 
New type java.util.ArrayList<java.lang.Object>

------------------------------------------------------------------------------------------------------------------------

[2025-02-25 19:35:19 #1 server] 
Server on port 6136 has started by 3924@LAPTOP-KQMM363R

------------------------------------------------------------------------------------------------------------------------

[2025-02-25 19:36:24 #1 server] 
java.net.BindException: Address already in use: bind
	at java.base/sun.nio.ch.Net.bind0(Native Method)
	at java.base/sun.nio.ch.Net.bind(Net.java:565)
	at java.base/sun.nio.ch.Net.bind(Net.java:554)
	at java.base/sun.nio.ch.NioSocketImpl.bind(NioSocketImpl.java:636)
	at java.base/java.net.ServerSocket.bind(ServerSocket.java:389)
	at java.base/java.net.ServerSocket.<init>(ServerSocket.java:276)
	at java.base/java.net.ServerSocket.<init>(ServerSocket.java:221)
	at com.objectdb.o.SMR.I(SMR.java:259)
	at com.objectdb.o.SMR.n(SMR.java:159)
	at com.objectdb.o.TOL.run(TOL.java:116)
	at com.objectdb.Server.runCommand(Server.java:200)
	at com.objectdb.Server.run(Server.java:104)
	at com.objectdb.Server.main(Server.java:63)

------------------------------------------------------------------------------------------------------------------------

[2025-02-25 19:37:02 #1 store] 
Database 'D:\Rides24\src\main\resources\rides.temp' is opened by 20724@LAPTOP-KQMM363R

[2025-02-25 19:37:02 #2 type.registry] 
New type domain.User

[2025-02-25 19:37:02 #3 type.registry] 
New type domain.Driver

[2025-02-25 19:37:02 #4 type] 
Type domain.User is not enhanced.

[2025-02-25 19:37:02 #5 type.registry] 
New type domain.Ride

[2025-02-25 19:37:02 #6 type] 
Type domain.Driver is not enhanced.

[2025-02-25 19:37:02 #7 type] 
Type domain.Ride is not enhanced.

[2025-02-25 19:37:02 #8 type.registry] 
New type domain.Traveler

[2025-02-25 19:37:02 #9 type.registry] 
New type java.util.ArrayList<domain.Traveler>

[2025-02-25 19:37:02 #10 type.registry] 
New type java.util.Vector<java.lang.Object>

[2025-02-25 19:37:02 #11 type.registry] 
New type java.util.Vector<domain.Ride>

[2025-02-25 19:37:02 #12 type.registry] 
New type java.util.ArrayList<java.lang.Object>

[2025-02-25 19:37:25 #2 store] 
Database 'D:\Rides24\src\main\resources\db\src\main\resources\rides.temp' is opened by 3924@LAPTOP-KQMM363R

------------------------------------------------------------------------------------------------------------------------

[2025-02-25 19:37:25 #1 type.registry] 
New type domain.User

[2025-02-25 19:37:25 #2 type.registry] 
New type domain.Driver

[2025-02-25 19:37:25 #3 type] 
Type domain.User is not enhanced.

[2025-02-25 19:37:25 #4 type.registry] 
New type domain.Ride

[2025-02-25 19:37:25 #5 type] 
Type domain.Driver is not enhanced.

[2025-02-25 19:37:25 #6 type] 
Type domain.Ride is not enhanced.

[2025-02-25 19:37:25 #7 type.registry] 
New type domain.Traveler

[2025-02-25 19:37:25 #8 type.registry] 
New type java.util.ArrayList<domain.Traveler>

[2025-02-25 19:37:25 #9 type.registry] 
New type java.util.Vector<java.lang.Object>

[2025-02-25 19:37:25 #10 type.registry] 
New type java.util.Vector<domain.Ride>

[2025-02-25 19:37:25 #11 type.registry] 
New type java.util.ArrayList<java.lang.Object>

------------------------------------------------------------------------------------------------------------------------

[2025-02-25 19:37:52 #1 type] 
Type domain.User is not enhanced.

[2025-02-25 19:37:52 #2 type] 
Type domain.Driver is not enhanced.

[2025-02-25 19:37:52 #3 type] 
Type domain.Ride is not enhanced.

------------------------------------------------------------------------------------------------------------------------

[2025-02-25 19:38:04 #1 server] 
java.net.BindException: Address already in use: bind
	at java.base/sun.nio.ch.Net.bind0(Native Method)
	at java.base/sun.nio.ch.Net.bind(Net.java:565)
	at java.base/sun.nio.ch.Net.bind(Net.java:554)
	at java.base/sun.nio.ch.NioSocketImpl.bind(NioSocketImpl.java:636)
	at java.base/java.net.ServerSocket.bind(ServerSocket.java:389)
	at java.base/java.net.ServerSocket.<init>(ServerSocket.java:276)
	at java.base/java.net.ServerSocket.<init>(ServerSocket.java:221)
	at com.objectdb.o.SMR.I(SMR.java:259)
	at com.objectdb.o.SMR.n(SMR.java:159)
	at com.objectdb.o.TOL.run(TOL.java:116)
	at com.objectdb.Server.runCommand(Server.java:200)
	at com.objectdb.Server.run(Server.java:104)
	at com.objectdb.Server.main(Server.java:63)

------------------------------------------------------------------------------------------------------------------------

[2025-02-25 19:38:38 #1 server] 
java.net.BindException: Address already in use: bind
	at java.base/sun.nio.ch.Net.bind0(Native Method)
	at java.base/sun.nio.ch.Net.bind(Net.java:565)
	at java.base/sun.nio.ch.Net.bind(Net.java:554)
	at java.base/sun.nio.ch.NioSocketImpl.bind(NioSocketImpl.java:636)
	at java.base/java.net.ServerSocket.bind(ServerSocket.java:389)
	at java.base/java.net.ServerSocket.<init>(ServerSocket.java:276)
	at java.base/java.net.ServerSocket.<init>(ServerSocket.java:221)
	at com.objectdb.o.SMR.I(SMR.java:259)
	at com.objectdb.o.SMR.n(SMR.java:159)
	at com.objectdb.o.TOL.run(TOL.java:116)
	at com.objectdb.Server.runCommand(Server.java:200)
	at com.objectdb.Server.run(Server.java:104)
	at com.objectdb.Server.main(Server.java:63)

------------------------------------------------------------------------------------------------------------------------

[2025-02-25 19:39:10 #1 type] 
Type domain.User is not enhanced.

[2025-02-25 19:39:10 #2 type] 
Type domain.Driver is not enhanced.

[2025-02-25 19:39:10 #3 type] 
Type domain.Ride is not enhanced.

------------------------------------------------------------------------------------------------------------------------

[2025-02-25 19:39:54 #1 type] 
Type domain.User is not enhanced.

[2025-02-25 19:39:54 #2 type] 
Type domain.Driver is not enhanced.

[2025-02-25 19:39:54 #3 type] 
Type domain.Ride is not enhanced.

------------------------------------------------------------------------------------------------------------------------

[2025-02-25 19:40:12 #1 type] 
Type domain.User is not enhanced.

[2025-02-25 19:40:12 #2 type] 
Type domain.Driver is not enhanced.

[2025-02-25 19:40:12 #3 type] 
Type domain.Ride is not enhanced.

------------------------------------------------------------------------------------------------------------------------

[2025-02-25 19:44:27 #1 server] 
java.net.BindException: Address already in use: bind
	at java.base/sun.nio.ch.Net.bind0(Native Method)
	at java.base/sun.nio.ch.Net.bind(Net.java:565)
	at java.base/sun.nio.ch.Net.bind(Net.java:554)
	at java.base/sun.nio.ch.NioSocketImpl.bind(NioSocketImpl.java:636)
	at java.base/java.net.ServerSocket.bind(ServerSocket.java:389)
	at java.base/java.net.ServerSocket.<init>(ServerSocket.java:276)
	at java.base/java.net.ServerSocket.<init>(ServerSocket.java:221)
	at com.objectdb.o.SMR.I(SMR.java:259)
	at com.objectdb.o.SMR.n(SMR.java:159)
	at com.objectdb.o.TOL.run(TOL.java:116)
	at com.objectdb.Server.runCommand(Server.java:200)
	at com.objectdb.Server.run(Server.java:104)
	at com.objectdb.Server.main(Server.java:63)

------------------------------------------------------------------------------------------------------------------------

[2025-02-25 19:44:28 #1 server] 
java.net.BindException: Address already in use: bind
	at java.base/sun.nio.ch.Net.bind0(Native Method)
	at java.base/sun.nio.ch.Net.bind(Net.java:565)
	at java.base/sun.nio.ch.Net.bind(Net.java:554)
	at java.base/sun.nio.ch.NioSocketImpl.bind(NioSocketImpl.java:636)
	at java.base/java.net.ServerSocket.bind(ServerSocket.java:389)
	at java.base/java.net.ServerSocket.<init>(ServerSocket.java:276)
	at java.base/java.net.ServerSocket.<init>(ServerSocket.java:221)
	at com.objectdb.o.SMR.I(SMR.java:259)
	at com.objectdb.o.SMR.n(SMR.java:159)
	at com.objectdb.o.TOL.run(TOL.java:116)
	at com.objectdb.Server.runCommand(Server.java:200)
	at com.objectdb.Server.run(Server.java:104)
	at com.objectdb.Server.main(Server.java:63)

------------------------------------------------------------------------------------------------------------------------

[2025-02-25 19:44:35 #1 type] 
Type domain.User is not enhanced.

[2025-02-25 19:44:35 #2 type] 
Type domain.Driver is not enhanced.

[2025-02-25 19:44:35 #3 type] 
Type domain.Ride is not enhanced.

------------------------------------------------------------------------------------------------------------------------

[2025-02-25 19:44:57 #1 server] 
java.net.BindException: Address already in use: bind
	at java.base/sun.nio.ch.Net.bind0(Native Method)
	at java.base/sun.nio.ch.Net.bind(Net.java:565)
	at java.base/sun.nio.ch.Net.bind(Net.java:554)
	at java.base/sun.nio.ch.NioSocketImpl.bind(NioSocketImpl.java:636)
	at java.base/java.net.ServerSocket.bind(ServerSocket.java:389)
	at java.base/java.net.ServerSocket.<init>(ServerSocket.java:276)
	at java.base/java.net.ServerSocket.<init>(ServerSocket.java:221)
	at com.objectdb.o.SMR.I(SMR.java:259)
	at com.objectdb.o.SMR.n(SMR.java:159)
	at com.objectdb.o.TOL.run(TOL.java:116)
	at com.objectdb.Server.runCommand(Server.java:200)
	at com.objectdb.Server.run(Server.java:104)
	at com.objectdb.Server.main(Server.java:63)

------------------------------------------------------------------------------------------------------------------------

[2025-02-25 19:45:07 #1 type] 
Type domain.User is not enhanced.

[2025-02-25 19:45:07 #2 type] 
Type domain.Driver is not enhanced.

[2025-02-25 19:45:07 #3 type] 
Type domain.Ride is not enhanced.

------------------------------------------------------------------------------------------------------------------------

[2025-02-25 19:45:29 #1 type] 
Type domain.User is not enhanced.

[2025-02-25 19:45:29 #2 type] 
Type domain.Driver is not enhanced.

[2025-02-25 19:45:29 #3 type] 
Type domain.Ride is not enhanced.

------------------------------------------------------------------------------------------------------------------------

[2025-02-25 19:46:41 #1 type] 
Type domain.User is not enhanced.

[2025-02-25 19:46:41 #2 type] 
Type domain.Driver is not enhanced.

[2025-02-25 19:46:41 #3 type] 
Type domain.Ride is not enhanced.

------------------------------------------------------------------------------------------------------------------------

[2025-02-25 19:48:54 #1 type] 
Type domain.User is not enhanced.

[2025-02-25 19:48:54 #2 type] 
Type domain.Driver is not enhanced.

[2025-02-25 19:48:54 #3 type] 
Type domain.Ride is not enhanced.

------------------------------------------------------------------------------------------------------------------------

[2025-02-25 19:49:34 #1 type] 
Type domain.User is not enhanced.

[2025-02-25 19:49:34 #2 type] 
Type domain.Driver is not enhanced.

[2025-02-25 19:49:34 #3 type] 
Type domain.Ride is not enhanced.

------------------------------------------------------------------------------------------------------------------------

[2025-02-25 19:51:51 #1 type] 
Type domain.User is not enhanced.

[2025-02-25 19:51:51 #2 type] 
Type domain.Driver is not enhanced.

[2025-02-25 19:51:51 #3 type] 
Type domain.Ride is not enhanced.

------------------------------------------------------------------------------------------------------------------------

[2025-02-25 19:53:07 #1 type] 
Type domain.User is not enhanced.

[2025-02-25 19:53:07 #2 type] 
Type domain.Driver is not enhanced.

[2025-02-25 19:53:07 #3 type] 
Type domain.Ride is not enhanced.

------------------------------------------------------------------------------------------------------------------------

[2025-02-25 19:59:19 #1 type] 
Type domain.User is not enhanced.

[2025-02-25 19:59:19 #2 type] 
Type domain.Driver is not enhanced.

[2025-02-25 19:59:19 #3 type] 
Type domain.Ride is not enhanced.

------------------------------------------------------------------------------------------------------------------------

[2025-02-25 20:00:16 #1 type] 
Type domain.User is not enhanced.

[2025-02-25 20:00:16 #2 type] 
Type domain.Driver is not enhanced.

[2025-02-25 20:00:16 #3 type] 
Type domain.Ride is not enhanced.

------------------------------------------------------------------------------------------------------------------------

[2025-02-25 20:03:53 #1 type] 
Type domain.User is not enhanced.

[2025-02-25 20:03:53 #2 type] 
Type domain.Driver is not enhanced.

[2025-02-25 20:03:53 #3 type] 
Type domain.Ride is not enhanced.

------------------------------------------------------------------------------------------------------------------------

[2025-02-25 20:06:32 #1 type] 
Type domain.User is not enhanced.

[2025-02-25 20:06:32 #2 type] 
Type domain.Driver is not enhanced.

[2025-02-25 20:06:32 #3 type] 
Type domain.Ride is not enhanced.

------------------------------------------------------------------------------------------------------------------------

[2025-02-25 20:07:33 #1 type] 
Type domain.User is not enhanced.

[2025-02-25 20:07:33 #2 type] 
Type domain.Driver is not enhanced.

[2025-02-25 20:07:33 #3 type] 
Type domain.Ride is not enhanced.

------------------------------------------------------------------------------------------------------------------------

[2025-02-25 20:08:34 #1 type] 
Type domain.User is not enhanced.

[2025-02-25 20:08:34 #2 type] 
Type domain.Driver is not enhanced.

[2025-02-25 20:08:34 #3 type] 
Type domain.Ride is not enhanced.

------------------------------------------------------------------------------------------------------------------------

[2025-02-25 20:09:14 #1 type] 
Type domain.User is not enhanced.

[2025-02-25 20:09:14 #2 type] 
Type domain.Driver is not enhanced.

[2025-02-25 20:09:14 #3 type] 
Type domain.Ride is not enhanced.

------------------------------------------------------------------------------------------------------------------------

[2025-02-25 20:10:19 #1 type] 
Type domain.User is not enhanced.

[2025-02-25 20:10:19 #2 type] 
Type domain.Driver is not enhanced.

[2025-02-25 20:10:19 #3 type] 
Type domain.Ride is not enhanced.

------------------------------------------------------------------------------------------------------------------------

[2025-02-25 20:11:34 #1 type] 
Type domain.User is not enhanced.

[2025-02-25 20:11:34 #2 type] 
Type domain.Driver is not enhanced.

[2025-02-25 20:11:34 #3 type] 
Type domain.Ride is not enhanced.

------------------------------------------------------------------------------------------------------------------------

[2025-02-25 20:11:52 #1 type] 
Type domain.User is not enhanced.

[2025-02-25 20:11:52 #2 type] 
Type domain.Driver is not enhanced.

[2025-02-25 20:11:52 #3 type] 
Type domain.Ride is not enhanced.

------------------------------------------------------------------------------------------------------------------------

[2025-02-25 20:12:32 #1 type] 
Type domain.User is not enhanced.

[2025-02-25 20:12:32 #2 type] 
Type domain.Driver is not enhanced.

[2025-02-25 20:12:32 #3 type] 
Type domain.Ride is not enhanced.

------------------------------------------------------------------------------------------------------------------------

[2025-02-25 20:12:50 #1 type] 
Type domain.User is not enhanced.

[2025-02-25 20:12:50 #2 type] 
Type domain.Driver is not enhanced.

[2025-02-25 20:12:50 #3 type] 
Type domain.Ride is not enhanced.

------------------------------------------------------------------------------------------------------------------------

[2025-02-25 20:13:18 #1 server] 
java.net.BindException: Address already in use: bind
	at java.base/sun.nio.ch.Net.bind0(Native Method)
	at java.base/sun.nio.ch.Net.bind(Net.java:565)
	at java.base/sun.nio.ch.Net.bind(Net.java:554)
	at java.base/sun.nio.ch.NioSocketImpl.bind(NioSocketImpl.java:636)
	at java.base/java.net.ServerSocket.bind(ServerSocket.java:389)
	at java.base/java.net.ServerSocket.<init>(ServerSocket.java:276)
	at java.base/java.net.ServerSocket.<init>(ServerSocket.java:221)
	at com.objectdb.o.SMR.I(SMR.java:259)
	at com.objectdb.o.SMR.n(SMR.java:159)
	at com.objectdb.o.TOL.run(TOL.java:116)
	at com.objectdb.Server.runCommand(Server.java:200)
	at com.objectdb.Server.run(Server.java:104)
	at com.objectdb.Server.main(Server.java:63)

------------------------------------------------------------------------------------------------------------------------

[2025-02-25 20:13:21 #1 type] 
Type domain.User is not enhanced.

[2025-02-25 20:13:21 #2 type] 
Type domain.Driver is not enhanced.

[2025-02-25 20:13:21 #3 type] 
Type domain.Ride is not enhanced.

------------------------------------------------------------------------------------------------------------------------

[2025-02-25 20:13:30 #1 type] 
Type domain.User is not enhanced.

[2025-02-25 20:13:30 #2 type] 
Type domain.Driver is not enhanced.

[2025-02-25 20:13:30 #3 type] 
Type domain.Ride is not enhanced.

------------------------------------------------------------------------------------------------------------------------

[2025-02-25 20:13:50 #1 type] 
Type domain.User is not enhanced.

[2025-02-25 20:13:50 #2 type] 
Type domain.Driver is not enhanced.

[2025-02-25 20:13:50 #3 type] 
Type domain.Ride is not enhanced.

------------------------------------------------------------------------------------------------------------------------

[2025-02-25 20:13:55 #1 server] 
java.net.BindException: Address already in use: bind
	at java.base/sun.nio.ch.Net.bind0(Native Method)
	at java.base/sun.nio.ch.Net.bind(Net.java:565)
	at java.base/sun.nio.ch.Net.bind(Net.java:554)
	at java.base/sun.nio.ch.NioSocketImpl.bind(NioSocketImpl.java:636)
	at java.base/java.net.ServerSocket.bind(ServerSocket.java:389)
	at java.base/java.net.ServerSocket.<init>(ServerSocket.java:276)
	at java.base/java.net.ServerSocket.<init>(ServerSocket.java:221)
	at com.objectdb.o.SMR.I(SMR.java:259)
	at com.objectdb.o.SMR.n(SMR.java:159)
	at com.objectdb.o.TOL.run(TOL.java:116)
	at com.objectdb.Server.runCommand(Server.java:200)
	at com.objectdb.Server.run(Server.java:104)
	at com.objectdb.Server.main(Server.java:63)

------------------------------------------------------------------------------------------------------------------------

[2025-02-25 20:14:01 #1 type] 
Type domain.User is not enhanced.

[2025-02-25 20:14:01 #2 type] 
Type domain.Driver is not enhanced.

[2025-02-25 20:14:01 #3 type] 
Type domain.Ride is not enhanced.

------------------------------------------------------------------------------------------------------------------------

[2025-02-25 20:14:04 #1 server] 
java.net.BindException: Address already in use: bind
	at java.base/sun.nio.ch.Net.bind0(Native Method)
	at java.base/sun.nio.ch.Net.bind(Net.java:565)
	at java.base/sun.nio.ch.Net.bind(Net.java:554)
	at java.base/sun.nio.ch.NioSocketImpl.bind(NioSocketImpl.java:636)
	at java.base/java.net.ServerSocket.bind(ServerSocket.java:389)
	at java.base/java.net.ServerSocket.<init>(ServerSocket.java:276)
	at java.base/java.net.ServerSocket.<init>(ServerSocket.java:221)
	at com.objectdb.o.SMR.I(SMR.java:259)
	at com.objectdb.o.SMR.n(SMR.java:159)
	at com.objectdb.o.TOL.run(TOL.java:116)
	at com.objectdb.Server.runCommand(Server.java:200)
	at com.objectdb.Server.run(Server.java:104)
	at com.objectdb.Server.main(Server.java:63)

------------------------------------------------------------------------------------------------------------------------

[2025-02-25 20:14:14 #1 type] 
Type domain.User is not enhanced.

[2025-02-25 20:14:14 #2 type] 
Type domain.Driver is not enhanced.

[2025-02-25 20:14:14 #3 type] 
Type domain.Ride is not enhanced.

------------------------------------------------------------------------------------------------------------------------

[2025-02-25 20:20:44 #1 type] 
Type domain.User is not enhanced.

[2025-02-25 20:20:44 #2 type] 
Type domain.Driver is not enhanced.

[2025-02-25 20:20:44 #3 type] 
Type domain.Ride is not enhanced.

------------------------------------------------------------------------------------------------------------------------

[2025-02-25 20:20:48 #1 type] 
Type domain.User is not enhanced.

[2025-02-25 20:20:48 #2 type] 
Type domain.Driver is not enhanced.

[2025-02-25 20:20:48 #3 type] 
Type domain.Ride is not enhanced.

