------------------------------------------------------------------------------------------------------------------------

[2025-03-27 18:34:57 #1 store] 
Database '/home/aguachufrei/Workspaces/eclipse-workspace/Rides24/src/main/resources/rides.temp' is opened by 36358@archlinux

[2025-03-27 18:34:57 #2 type.registry] 
New type domain.User

[2025-03-27 18:34:57 #3 type.registry] 
New type domain.Driver

[2025-03-27 18:34:57 #4 type] 
Type domain.User is not enhanced.

[2025-03-27 18:34:57 #5 type.registry] 
New type domain.Ride

[2025-03-27 18:34:57 #6 type] 
Type domain.Driver is not enhanced.

[2025-03-27 18:34:57 #7 type.registry] 
New type domain.Car

[2025-03-27 18:34:57 #8 type.registry] 
New type java.util.ArrayList<domain.Car>

[2025-03-27 18:34:57 #9 type] 
Type domain.Ride is not enhanced.

[2025-03-27 18:34:57 #10 type.registry] 
New type domain.Traveler

[2025-03-27 18:34:57 #11 type.registry] 
New type java.util.ArrayList<domain.Traveler>

[2025-03-27 18:34:57 #12 type] 
Type domain.Car is not enhanced.

[2025-03-27 18:34:57 #13 type] 
Type domain.Traveler is not enhanced.

[2025-03-27 18:34:57 #14 type.registry] 
New type java.util.Vector<java.lang.Object>

[2025-03-27 18:34:57 #15 type.registry] 
New type java.util.Vector<domain.Ride>

[2025-03-27 18:34:57 #16 type.registry] 
New type java.util.ArrayList<java.lang.Object>

------------------------------------------------------------------------------------------------------------------------

[2025-03-27 18:36:13 #1 store] 
Database '/home/aguachufrei/Workspaces/eclipse-workspace/Rides24/src/main/resources/rides.temp' is opened by 36488@archlinux

[2025-03-27 18:36:13 #2 type.registry] 
New type domain.User

[2025-03-27 18:36:13 #3 type.registry] 
New type domain.Driver

[2025-03-27 18:36:13 #4 type] 
Type domain.User is not enhanced.

[2025-03-27 18:36:13 #5 type.registry] 
New type domain.Ride

[2025-03-27 18:36:13 #6 type] 
Type domain.Driver is not enhanced.

[2025-03-27 18:36:13 #7 type.registry] 
New type domain.Car

[2025-03-27 18:36:13 #8 type.registry] 
New type java.util.ArrayList<domain.Car>

[2025-03-27 18:36:13 #9 type] 
Type domain.Ride is not enhanced.

[2025-03-27 18:36:13 #10 type.registry] 
New type domain.Traveler

[2025-03-27 18:36:13 #11 type.registry] 
New type java.util.ArrayList<domain.Traveler>

[2025-03-27 18:36:13 #12 type] 
Type domain.Car is not enhanced.

[2025-03-27 18:36:13 #13 type] 
Type domain.Traveler is not enhanced.

[2025-03-27 18:36:13 #14 type.registry] 
New type java.util.Vector<java.lang.Object>

[2025-03-27 18:36:13 #15 type.registry] 
New type java.util.Vector<domain.Ride>

[2025-03-27 18:36:13 #16 type.registry] 
New type java.util.ArrayList<java.lang.Object>

------------------------------------------------------------------------------------------------------------------------

[2025-03-27 18:39:14 #1 store] 
Database '/home/aguachufrei/Workspaces/eclipse-workspace/Rides24/src/main/resources/rides.temp' is opened by 36773@archlinux

[2025-03-27 18:39:14 #2 type.registry] 
New type domain.User

[2025-03-27 18:39:14 #3 type.registry] 
New type domain.Driver

[2025-03-27 18:39:14 #4 type] 
Type domain.User is not enhanced.

[2025-03-27 18:39:14 #5 type.registry] 
New type domain.Ride

[2025-03-27 18:39:14 #6 type] 
Type domain.Driver is not enhanced.

[2025-03-27 18:39:14 #7 type.registry] 
New type domain.Car

[2025-03-27 18:39:14 #8 type.registry] 
New type java.util.ArrayList<domain.Car>

[2025-03-27 18:39:14 #9 type] 
Type domain.Ride is not enhanced.

[2025-03-27 18:39:14 #10 type.registry] 
New type domain.Traveler

[2025-03-27 18:39:14 #11 type.registry] 
New type java.util.ArrayList<domain.Traveler>

[2025-03-27 18:39:14 #12 type] 
Type domain.Car is not enhanced.

[2025-03-27 18:39:14 #13 type] 
Type domain.Traveler is not enhanced.

[2025-03-27 18:39:14 #14 type.registry] 
New type java.util.Vector<java.lang.Object>

[2025-03-27 18:39:14 #15 type.registry] 
New type java.util.Vector<domain.Ride>

[2025-03-27 18:39:14 #16 type.registry] 
New type java.util.ArrayList<java.lang.Object>

------------------------------------------------------------------------------------------------------------------------

[2025-03-27 19:05:35 #1 store] 
Database '/home/aguachufrei/Workspaces/eclipse-workspace/Rides24/src/main/resources/rides.temp' is opened by 40910@archlinux

[2025-03-27 19:05:35 #2 type.registry] 
New type domain.User

[2025-03-27 19:05:35 #3 type.registry] 
New type domain.Driver

[2025-03-27 19:05:35 #4 type] 
Type domain.User is not enhanced.

[2025-03-27 19:05:35 #5 type.registry] 
New type domain.Ride

[2025-03-27 19:05:35 #6 type] 
Type domain.Driver is not enhanced.

[2025-03-27 19:05:35 #7 type.registry] 
New type domain.Car

[2025-03-27 19:05:35 #8 type.registry] 
New type java.util.ArrayList<domain.Car>

[2025-03-27 19:05:35 #9 type] 
Type domain.Ride is not enhanced.

[2025-03-27 19:05:35 #10 type.registry] 
New type domain.Traveler

[2025-03-27 19:05:35 #11 type.registry] 
New type java.util.ArrayList<domain.Traveler>

[2025-03-27 19:05:35 #12 type] 
Type domain.Car is not enhanced.

[2025-03-27 19:05:35 #13 type] 
Type domain.Traveler is not enhanced.

[2025-03-27 19:05:35 #14 type.registry] 
New type java.util.Vector<java.lang.Object>

[2025-03-27 19:05:35 #15 type.registry] 
New type java.util.Vector<domain.Ride>

[2025-03-27 19:05:35 #16 type.registry] 
New type java.util.ArrayList<java.lang.Object>

------------------------------------------------------------------------------------------------------------------------

[2025-03-27 19:09:14 #1 store] 
Database '/home/aguachufrei/Workspaces/eclipse-workspace/Rides24/src/main/resources/rides.temp' is opened by 41224@archlinux

[2025-03-27 19:09:14 #2 type.registry] 
New type domain.User

[2025-03-27 19:09:14 #3 type.registry] 
New type domain.Driver

[2025-03-27 19:09:14 #4 type] 
Type domain.User is not enhanced.

[2025-03-27 19:09:14 #5 type.registry] 
New type domain.Ride

[2025-03-27 19:09:14 #6 type] 
Type domain.Driver is not enhanced.

[2025-03-27 19:09:14 #7 type.registry] 
New type domain.Car

[2025-03-27 19:09:14 #8 type.registry] 
New type java.util.ArrayList<domain.Car>

[2025-03-27 19:09:14 #9 type] 
Type domain.Ride is not enhanced.

[2025-03-27 19:09:14 #10 type.registry] 
New type domain.Traveler

[2025-03-27 19:09:14 #11 type.registry] 
New type java.util.ArrayList<domain.Traveler>

[2025-03-27 19:09:14 #12 type] 
Type domain.Car is not enhanced.

[2025-03-27 19:09:14 #13 type] 
Type domain.Traveler is not enhanced.

[2025-03-27 19:09:14 #14 type.registry] 
New type java.util.Vector<java.lang.Object>

[2025-03-27 19:09:14 #15 type.registry] 
New type java.util.Vector<domain.Ride>

[2025-03-27 19:09:14 #16 type.registry] 
New type java.util.ArrayList<java.lang.Object>

------------------------------------------------------------------------------------------------------------------------

[2025-03-27 19:14:04 #1 store] 
Database '/home/aguachufrei/Workspaces/eclipse-workspace/Rides24/src/main/resources/rides.temp' is opened by 41553@archlinux

[2025-03-27 19:14:04 #2 type.registry] 
New type domain.User

[2025-03-27 19:14:04 #3 type.registry] 
New type domain.Driver

[2025-03-27 19:14:04 #4 type] 
Type domain.User is not enhanced.

[2025-03-27 19:14:04 #5 type.registry] 
New type domain.Ride

[2025-03-27 19:14:04 #6 type] 
Type domain.Driver is not enhanced.

[2025-03-27 19:14:04 #7 type.registry] 
New type domain.Car

[2025-03-27 19:14:04 #8 type.registry] 
New type java.util.ArrayList<domain.Car>

[2025-03-27 19:14:04 #9 type] 
Type domain.Ride is not enhanced.

[2025-03-27 19:14:04 #10 type.registry] 
New type domain.Traveler

[2025-03-27 19:14:04 #11 type.registry] 
New type java.util.ArrayList<domain.Traveler>

[2025-03-27 19:14:04 #12 type] 
Type domain.Car is not enhanced.

[2025-03-27 19:14:04 #13 type] 
Type domain.Traveler is not enhanced.

[2025-03-27 19:14:04 #14 type.registry] 
New type java.util.Vector<java.lang.Object>

[2025-03-27 19:14:04 #15 type.registry] 
New type java.util.Vector<domain.Ride>

[2025-03-27 19:14:04 #16 type.registry] 
New type java.util.ArrayList<java.lang.Object>

------------------------------------------------------------------------------------------------------------------------

[2025-03-27 19:15:06 #1 store] 
Database '/home/aguachufrei/Workspaces/eclipse-workspace/Rides24/src/main/resources/rides.temp' is opened by 42079@archlinux

[2025-03-27 19:15:06 #2 type.registry] 
New type domain.User

[2025-03-27 19:15:06 #3 type.registry] 
New type domain.Driver

[2025-03-27 19:15:06 #4 type] 
Type domain.User is not enhanced.

[2025-03-27 19:15:06 #5 type.registry] 
New type domain.Ride

[2025-03-27 19:15:06 #6 type] 
Type domain.Driver is not enhanced.

[2025-03-27 19:15:06 #7 type.registry] 
New type domain.Car

[2025-03-27 19:15:06 #8 type.registry] 
New type java.util.ArrayList<domain.Car>

[2025-03-27 19:15:06 #9 type] 
Type domain.Ride is not enhanced.

[2025-03-27 19:15:06 #10 type.registry] 
New type domain.Traveler

[2025-03-27 19:15:06 #11 type.registry] 
New type java.util.ArrayList<domain.Traveler>

[2025-03-27 19:15:06 #12 type] 
Type domain.Car is not enhanced.

[2025-03-27 19:15:06 #13 type] 
Type domain.Traveler is not enhanced.

[2025-03-27 19:15:06 #14 type.registry] 
New type java.util.Vector<java.lang.Object>

[2025-03-27 19:15:06 #15 type.registry] 
New type java.util.Vector<domain.Ride>

[2025-03-27 19:15:06 #16 type.registry] 
New type java.util.ArrayList<java.lang.Object>

------------------------------------------------------------------------------------------------------------------------

[2025-03-27 19:48:31 #1 store] 
Database '/home/aguachufrei/Workspaces/eclipse-workspace/Rides24/src/main/resources/rides.temp' is opened by 61661@archlinux

[2025-03-27 19:48:31 #2 type.registry] 
New type domain.User

[2025-03-27 19:48:31 #3 type.registry] 
New type domain.Driver

[2025-03-27 19:48:31 #4 type] 
Type domain.User is not enhanced.

[2025-03-27 19:48:31 #5 type.registry] 
New type domain.Ride

[2025-03-27 19:48:31 #6 type] 
Type domain.Driver is not enhanced.

[2025-03-27 19:48:31 #7 type.registry] 
New type domain.Car

[2025-03-27 19:48:31 #8 type.registry] 
New type java.util.ArrayList<domain.Car>

[2025-03-27 19:48:31 #9 type] 
Type domain.Ride is not enhanced.

[2025-03-27 19:48:31 #10 type.registry] 
New type domain.Traveler

[2025-03-27 19:48:31 #11 type.registry] 
New type java.util.ArrayList<domain.Traveler>

[2025-03-27 19:48:31 #12 type] 
Type domain.Car is not enhanced.

[2025-03-27 19:48:31 #13 type] 
Type domain.Traveler is not enhanced.

[2025-03-27 19:48:31 #14 type.registry] 
New type java.util.Vector<java.lang.Object>

[2025-03-27 19:48:31 #15 type.registry] 
New type java.util.Vector<domain.Ride>

[2025-03-27 19:48:31 #16 type.registry] 
New type java.util.ArrayList<java.lang.Object>

------------------------------------------------------------------------------------------------------------------------

[2025-03-27 19:56:48 #1 store] 
Database '/home/aguachufrei/Workspaces/eclipse-workspace/Rides24/src/main/resources/rides.temp' is opened by 65103@archlinux

[2025-03-27 19:56:48 #2 type.registry] 
New type domain.User

[2025-03-27 19:56:48 #3 type.registry] 
New type domain.Driver

[2025-03-27 19:56:48 #4 type] 
Type domain.User is not enhanced.

[2025-03-27 19:56:48 #5 type.registry] 
New type domain.Ride

[2025-03-27 19:56:48 #6 type] 
Type domain.Driver is not enhanced.

[2025-03-27 19:56:48 #7 type.registry] 
New type domain.Car

[2025-03-27 19:56:48 #8 type.registry] 
New type java.util.ArrayList<domain.Car>

[2025-03-27 19:56:48 #9 type] 
Type domain.Ride is not enhanced.

[2025-03-27 19:56:48 #10 type.registry] 
New type domain.Traveler

[2025-03-27 19:56:48 #11 type.registry] 
New type java.util.ArrayList<domain.Traveler>

[2025-03-27 19:56:48 #12 type] 
Type domain.Car is not enhanced.

[2025-03-27 19:56:48 #13 type] 
Type domain.Traveler is not enhanced.

[2025-03-27 19:56:48 #14 type.registry] 
New type java.util.Vector<java.lang.Object>

[2025-03-27 19:56:48 #15 type.registry] 
New type java.util.Vector<domain.Ride>

[2025-03-27 19:56:48 #16 type.registry] 
New type java.util.ArrayList<java.lang.Object>

------------------------------------------------------------------------------------------------------------------------

[2025-03-27 20:09:58 #1 store] 
Database '/home/aguachufrei/Workspaces/eclipse-workspace/Rides24/src/main/resources/rides.temp' is opened by 68336@archlinux

[2025-03-27 20:09:58 #2 type.registry] 
New type domain.User

[2025-03-27 20:09:58 #3 type.registry] 
New type domain.Driver

[2025-03-27 20:09:58 #4 type] 
Type domain.User is not enhanced.

[2025-03-27 20:09:58 #5 type.registry] 
New type domain.Ride

[2025-03-27 20:09:58 #6 type] 
Type domain.Driver is not enhanced.

[2025-03-27 20:09:58 #7 type.registry] 
New type domain.Car

[2025-03-27 20:09:58 #8 type.registry] 
New type java.util.ArrayList<domain.Car>

[2025-03-27 20:09:58 #9 type] 
Type domain.Ride is not enhanced.

[2025-03-27 20:09:58 #10 type.registry] 
New type domain.Traveler

[2025-03-27 20:09:58 #11 type.registry] 
New type java.util.ArrayList<domain.Traveler>

[2025-03-27 20:09:58 #12 type] 
Type domain.Car is not enhanced.

[2025-03-27 20:09:58 #13 type] 
Type domain.Traveler is not enhanced.

[2025-03-27 20:09:58 #14 type.registry] 
New type java.util.Vector<java.lang.Object>

[2025-03-27 20:09:58 #15 type.registry] 
New type java.util.Vector<domain.Ride>

[2025-03-27 20:09:58 #16 type.registry] 
New type java.util.ArrayList<java.lang.Object>

------------------------------------------------------------------------------------------------------------------------

[2025-03-27 20:12:19 #1 store] 
Database '/home/aguachufrei/Workspaces/eclipse-workspace/Rides24/src/main/resources/rides.temp' is opened by 68503@archlinux

[2025-03-27 20:12:20 #2 type.registry] 
New type domain.User

[2025-03-27 20:12:20 #3 type.registry] 
New type domain.Driver

[2025-03-27 20:12:20 #4 type] 
Type domain.User is not enhanced.

[2025-03-27 20:12:20 #5 type.registry] 
New type domain.Ride

[2025-03-27 20:12:20 #6 type] 
Type domain.Driver is not enhanced.

[2025-03-27 20:12:20 #7 type.registry] 
New type domain.Car

[2025-03-27 20:12:20 #8 type.registry] 
New type java.util.ArrayList<domain.Car>

[2025-03-27 20:12:20 #9 type] 
Type domain.Ride is not enhanced.

[2025-03-27 20:12:20 #10 type.registry] 
New type domain.Traveler

[2025-03-27 20:12:20 #11 type.registry] 
New type java.util.ArrayList<domain.Traveler>

[2025-03-27 20:12:20 #12 type] 
Type domain.Car is not enhanced.

[2025-03-27 20:12:20 #13 type] 
Type domain.Traveler is not enhanced.

[2025-03-27 20:12:20 #14 type.registry] 
New type java.util.Vector<java.lang.Object>

[2025-03-27 20:12:20 #15 type.registry] 
New type java.util.Vector<domain.Ride>

[2025-03-27 20:12:20 #16 type.registry] 
New type java.util.ArrayList<java.lang.Object>

------------------------------------------------------------------------------------------------------------------------

[2025-03-27 20:19:41 #1 store] 
Database '/home/aguachufrei/Workspaces/eclipse-workspace/Rides24/src/main/resources/rides.temp' is opened by 69195@archlinux

[2025-03-27 20:19:41 #2 type.registry] 
New type domain.User

[2025-03-27 20:19:41 #3 type.registry] 
New type domain.Driver

[2025-03-27 20:19:41 #4 type] 
Type domain.User is not enhanced.

[2025-03-27 20:19:41 #5 type.registry] 
New type domain.Ride

[2025-03-27 20:19:41 #6 type] 
Type domain.Driver is not enhanced.

[2025-03-27 20:19:41 #7 type.registry] 
New type domain.Car

[2025-03-27 20:19:41 #8 type.registry] 
New type java.util.ArrayList<domain.Car>

[2025-03-27 20:19:41 #9 type] 
Type domain.Ride is not enhanced.

[2025-03-27 20:19:41 #10 type.registry] 
New type domain.Traveler

[2025-03-27 20:19:41 #11 type.registry] 
New type java.util.ArrayList<domain.Traveler>

[2025-03-27 20:19:41 #12 type] 
Type domain.Car is not enhanced.

[2025-03-27 20:19:41 #13 type] 
Type domain.Traveler is not enhanced.

[2025-03-27 20:19:41 #14 type.registry] 
New type java.util.Vector<java.lang.Object>

[2025-03-27 20:19:41 #15 type.registry] 
New type java.util.Vector<domain.Ride>

[2025-03-27 20:19:41 #16 type.registry] 
New type java.util.ArrayList<java.lang.Object>

------------------------------------------------------------------------------------------------------------------------

[2025-03-27 20:26:10 #1 store] 
Database '/home/aguachufrei/Workspaces/eclipse-workspace/Rides24/src/main/resources/rides.temp' is opened by 69552@archlinux

[2025-03-27 20:26:10 #2 type.registry] 
New type domain.User

[2025-03-27 20:26:10 #3 type.registry] 
New type domain.Driver

[2025-03-27 20:26:10 #4 type] 
Type domain.User is not enhanced.

[2025-03-27 20:26:10 #5 type.registry] 
New type domain.Ride

[2025-03-27 20:26:10 #6 type] 
Type domain.Driver is not enhanced.

[2025-03-27 20:26:10 #7 type.registry] 
New type domain.Car

[2025-03-27 20:26:10 #8 type.registry] 
New type java.util.ArrayList<domain.Car>

[2025-03-27 20:26:10 #9 type] 
Type domain.Ride is not enhanced.

[2025-03-27 20:26:10 #10 type.registry] 
New type domain.Traveler

[2025-03-27 20:26:10 #11 type.registry] 
New type java.util.ArrayList<domain.Traveler>

[2025-03-27 20:26:10 #12 type] 
Type domain.Car is not enhanced.

[2025-03-27 20:26:10 #13 type] 
Type domain.Traveler is not enhanced.

[2025-03-27 20:26:10 #14 type.registry] 
New type java.util.Vector<java.lang.Object>

[2025-03-27 20:26:10 #15 type.registry] 
New type java.util.Vector<domain.Ride>

[2025-03-27 20:26:10 #16 type.registry] 
New type java.util.ArrayList<java.lang.Object>

------------------------------------------------------------------------------------------------------------------------

[2025-03-27 20:28:32 #1 store] 
Database '/home/aguachufrei/Workspaces/eclipse-workspace/Rides24/src/main/resources/rides.temp' is opened by 69672@archlinux

[2025-03-27 20:28:32 #2 type.registry] 
New type domain.User

[2025-03-27 20:28:32 #3 type.registry] 
New type domain.Driver

[2025-03-27 20:28:32 #4 type] 
Type domain.User is not enhanced.

[2025-03-27 20:28:32 #5 type.registry] 
New type domain.Ride

[2025-03-27 20:28:32 #6 type] 
Type domain.Driver is not enhanced.

[2025-03-27 20:28:32 #7 type.registry] 
New type domain.Car

[2025-03-27 20:28:32 #8 type.registry] 
New type java.util.ArrayList<domain.Car>

[2025-03-27 20:28:32 #9 type] 
Type domain.Ride is not enhanced.

[2025-03-27 20:28:32 #10 type.registry] 
New type domain.Traveler

[2025-03-27 20:28:32 #11 type.registry] 
New type java.util.ArrayList<domain.Traveler>

[2025-03-27 20:28:32 #12 type] 
Type domain.Car is not enhanced.

[2025-03-27 20:28:32 #13 type] 
Type domain.Traveler is not enhanced.

[2025-03-27 20:28:32 #14 type.registry] 
New type java.util.Vector<java.lang.Object>

[2025-03-27 20:28:32 #15 type.registry] 
New type java.util.Vector<domain.Ride>

[2025-03-27 20:28:32 #16 type.registry] 
New type java.util.ArrayList<java.lang.Object>

------------------------------------------------------------------------------------------------------------------------

[2025-03-27 20:33:02 #1 store] 
Database '/home/aguachufrei/Workspaces/eclipse-workspace/Rides24/src/main/resources/rides.temp' is opened by 70021@archlinux

[2025-03-27 20:33:02 #2 type.registry] 
New type domain.User

[2025-03-27 20:33:02 #3 type.registry] 
New type domain.Driver

[2025-03-27 20:33:02 #4 type] 
Type domain.User is not enhanced.

[2025-03-27 20:33:02 #5 type.registry] 
New type domain.Ride

[2025-03-27 20:33:02 #6 type] 
Type domain.Driver is not enhanced.

[2025-03-27 20:33:02 #7 type.registry] 
New type domain.Car

[2025-03-27 20:33:02 #8 type.registry] 
New type java.util.ArrayList<domain.Car>

[2025-03-27 20:33:02 #9 type] 
Type domain.Ride is not enhanced.

[2025-03-27 20:33:02 #10 type.registry] 
New type domain.Traveler

[2025-03-27 20:33:02 #11 type.registry] 
New type java.util.ArrayList<domain.Traveler>

[2025-03-27 20:33:02 #12 type] 
Type domain.Car is not enhanced.

[2025-03-27 20:33:02 #13 type] 
Type domain.Traveler is not enhanced.

[2025-03-27 20:33:02 #14 type.registry] 
New type java.util.Vector<java.lang.Object>

[2025-03-27 20:33:02 #15 type.registry] 
New type java.util.Vector<domain.Ride>

[2025-03-27 20:33:02 #16 type.registry] 
New type java.util.ArrayList<java.lang.Object>

------------------------------------------------------------------------------------------------------------------------

[2025-03-27 20:37:20 #1 store] 
Database '/home/aguachufrei/Workspaces/eclipse-workspace/Rides24/src/main/resources/rides.temp' is opened by 70706@archlinux

[2025-03-27 20:37:20 #2 type.registry] 
New type domain.User

[2025-03-27 20:37:20 #3 type.registry] 
New type domain.Driver

[2025-03-27 20:37:20 #4 type] 
Type domain.User is not enhanced.

[2025-03-27 20:37:20 #5 type.registry] 
New type domain.Ride

[2025-03-27 20:37:20 #6 type] 
Type domain.Driver is not enhanced.

[2025-03-27 20:37:20 #7 type.registry] 
New type domain.Car

[2025-03-27 20:37:20 #8 type.registry] 
New type java.util.ArrayList<domain.Car>

[2025-03-27 20:37:20 #9 type] 
Type domain.Ride is not enhanced.

[2025-03-27 20:37:20 #10 type.registry] 
New type domain.Traveler

[2025-03-27 20:37:20 #11 type.registry] 
New type java.util.ArrayList<domain.Traveler>

[2025-03-27 20:37:20 #12 type] 
Type domain.Car is not enhanced.

[2025-03-27 20:37:20 #13 type] 
Type domain.Traveler is not enhanced.

[2025-03-27 20:37:20 #14 type.registry] 
New type java.util.Vector<java.lang.Object>

[2025-03-27 20:37:20 #15 type.registry] 
New type java.util.Vector<domain.Ride>

[2025-03-27 20:37:20 #16 type.registry] 
New type java.util.ArrayList<java.lang.Object>

------------------------------------------------------------------------------------------------------------------------

[2025-03-27 20:38:00 #1 store] 
Database '/home/aguachufrei/Workspaces/eclipse-workspace/Rides24/src/main/resources/rides.temp' is opened by 70793@archlinux

[2025-03-27 20:38:00 #2 type.registry] 
New type domain.User

[2025-03-27 20:38:00 #3 type.registry] 
New type domain.Driver

[2025-03-27 20:38:00 #4 type] 
Type domain.User is not enhanced.

[2025-03-27 20:38:00 #5 type.registry] 
New type domain.Ride

[2025-03-27 20:38:00 #6 type] 
Type domain.Driver is not enhanced.

[2025-03-27 20:38:00 #7 type.registry] 
New type domain.Car

[2025-03-27 20:38:00 #8 type.registry] 
New type java.util.ArrayList<domain.Car>

[2025-03-27 20:38:00 #9 type] 
Type domain.Ride is not enhanced.

[2025-03-27 20:38:00 #10 type.registry] 
New type domain.Traveler

[2025-03-27 20:38:00 #11 type.registry] 
New type java.util.ArrayList<domain.Traveler>

[2025-03-27 20:38:00 #12 type] 
Type domain.Car is not enhanced.

[2025-03-27 20:38:00 #13 type] 
Type domain.Traveler is not enhanced.

[2025-03-27 20:38:00 #14 type.registry] 
New type java.util.Vector<java.lang.Object>

[2025-03-27 20:38:00 #15 type.registry] 
New type java.util.Vector<domain.Ride>

[2025-03-27 20:38:00 #16 type.registry] 
New type java.util.ArrayList<java.lang.Object>

------------------------------------------------------------------------------------------------------------------------

[2025-03-27 20:38:36 #1 store] 
Database '/home/aguachufrei/Workspaces/eclipse-workspace/Rides24/src/main/resources/rides.temp' is opened by 70872@archlinux

[2025-03-27 20:38:36 #2 type.registry] 
New type domain.User

[2025-03-27 20:38:36 #3 type.registry] 
New type domain.Driver

[2025-03-27 20:38:36 #4 type] 
Type domain.User is not enhanced.

[2025-03-27 20:38:36 #5 type.registry] 
New type domain.Ride

[2025-03-27 20:38:36 #6 type] 
Type domain.Driver is not enhanced.

[2025-03-27 20:38:36 #7 type.registry] 
New type domain.Car

[2025-03-27 20:38:36 #8 type.registry] 
New type java.util.ArrayList<domain.Car>

[2025-03-27 20:38:36 #9 type] 
Type domain.Ride is not enhanced.

[2025-03-27 20:38:36 #10 type.registry] 
New type domain.Traveler

[2025-03-27 20:38:36 #11 type.registry] 
New type java.util.ArrayList<domain.Traveler>

[2025-03-27 20:38:36 #12 type] 
Type domain.Car is not enhanced.

[2025-03-27 20:38:36 #13 type] 
Type domain.Traveler is not enhanced.

[2025-03-27 20:38:36 #14 type.registry] 
New type java.util.Vector<java.lang.Object>

[2025-03-27 20:38:36 #15 type.registry] 
New type java.util.Vector<domain.Ride>

[2025-03-27 20:38:36 #16 type.registry] 
New type java.util.ArrayList<java.lang.Object>

------------------------------------------------------------------------------------------------------------------------

[2025-03-27 20:42:48 #1 store] 
Database '/home/aguachufrei/Workspaces/eclipse-workspace/Rides24/src/main/resources/rides.temp' is opened by 71338@archlinux

[2025-03-27 20:42:48 #2 type.registry] 
New type domain.User

[2025-03-27 20:42:48 #3 type.registry] 
New type domain.Driver

[2025-03-27 20:42:48 #4 type] 
Type domain.User is not enhanced.

[2025-03-27 20:42:48 #5 type.registry] 
New type domain.Ride

[2025-03-27 20:42:48 #6 type] 
Type domain.Driver is not enhanced.

[2025-03-27 20:42:48 #7 type.registry] 
New type domain.Car

[2025-03-27 20:42:48 #8 type.registry] 
New type java.util.ArrayList<domain.Car>

[2025-03-27 20:42:48 #9 type] 
Type domain.Ride is not enhanced.

[2025-03-27 20:42:48 #10 type.registry] 
New type domain.Traveler

[2025-03-27 20:42:48 #11 type.registry] 
New type java.util.ArrayList<domain.Traveler>

[2025-03-27 20:42:48 #12 type] 
Type domain.Car is not enhanced.

[2025-03-27 20:42:48 #13 type] 
Type domain.Traveler is not enhanced.

[2025-03-27 20:42:48 #14 type.registry] 
New type java.util.Vector<java.lang.Object>

[2025-03-27 20:42:48 #15 type.registry] 
New type java.util.Vector<domain.Ride>

[2025-03-27 20:42:48 #16 type.registry] 
New type java.util.ArrayList<java.lang.Object>

