------------------------------------------------------------------------------------------------------------------------

[2025-03-25 15:07:13 #1 store] 
Database '/Users/arruti/eclipse-workspace/Rides24-4.zip_expanded/Rides24-4/src/main/resources/rides.temp' is opened by 16276@MacBook-Air-de-Benat.local

[2025-03-25 15:07:13 #2 type.registry] 
New type domain.User

[2025-03-25 15:07:13 #3 type.registry] 
New type domain.Driver

[2025-03-25 15:07:13 #4 type] 
Type domain.User is not enhanced.

[2025-03-25 15:07:13 #5 type.registry] 
New type domain.Ride

[2025-03-25 15:07:13 #6 type] 
Type domain.Driver is not enhanced.

[2025-03-25 15:07:13 #7 type] 
Type domain.Ride is not enhanced.

[2025-03-25 15:07:13 #8 type.registry] 
New type domain.Traveler

[2025-03-25 15:07:13 #9 type.registry] 
New type java.util.ArrayList<domain.Traveler>

[2025-03-25 15:07:13 #10 type] 
Type domain.Traveler is not enhanced.

[2025-03-25 15:07:13 #11 type.registry] 
New type java.util.Vector<java.lang.Object>

[2025-03-25 15:07:13 #12 type.registry] 
New type java.util.Vector<domain.Ride>

[2025-03-25 15:07:13 #13 type.registry] 
New type java.util.ArrayList<java.lang.Object>

------------------------------------------------------------------------------------------------------------------------

[2025-03-25 15:10:07 #1 store] 
Database '/Users/arruti/eclipse-workspace/Rides24-4.zip_expanded/Rides24-4/src/main/resources/rides.temp' is opened by 16305@MacBook-Air-de-Benat.local

[2025-03-25 15:10:07 #2 type.registry] 
New type domain.User

[2025-03-25 15:10:07 #3 type.registry] 
New type domain.Driver

[2025-03-25 15:10:07 #4 type] 
Type domain.User is not enhanced.

[2025-03-25 15:10:07 #5 type.registry] 
New type domain.Ride

[2025-03-25 15:10:07 #6 type] 
Type domain.Driver is not enhanced.

[2025-03-25 15:10:07 #7 type] 
Type domain.Ride is not enhanced.

[2025-03-25 15:10:07 #8 type.registry] 
New type domain.Traveler

[2025-03-25 15:10:07 #9 type.registry] 
New type java.util.ArrayList<domain.Traveler>

[2025-03-25 15:10:07 #10 type] 
Type domain.Traveler is not enhanced.

[2025-03-25 15:10:07 #11 type.registry] 
New type java.util.Vector<java.lang.Object>

[2025-03-25 15:10:07 #12 type.registry] 
New type java.util.Vector<domain.Ride>

[2025-03-25 15:10:07 #13 type.registry] 
New type java.util.ArrayList<java.lang.Object>

------------------------------------------------------------------------------------------------------------------------

[2025-03-25 15:10:19 #1 store] 
Database '/Users/arruti/eclipse-workspace/Rides24-4.zip_expanded/Rides24-4/src/main/resources/rides.temp' is opened by 16307@MacBook-Air-de-Benat.local

[2025-03-25 15:10:19 #2 type.registry] 
New type domain.User

[2025-03-25 15:10:19 #3 type.registry] 
New type domain.Driver

[2025-03-25 15:10:19 #4 type] 
Type domain.User is not enhanced.

[2025-03-25 15:10:19 #5 type.registry] 
New type domain.Ride

[2025-03-25 15:10:19 #6 type] 
Type domain.Driver is not enhanced.

[2025-03-25 15:10:19 #7 type] 
Type domain.Ride is not enhanced.

[2025-03-25 15:10:19 #8 type.registry] 
New type domain.Traveler

[2025-03-25 15:10:19 #9 type.registry] 
New type java.util.ArrayList<domain.Traveler>

[2025-03-25 15:10:19 #10 type] 
Type domain.Traveler is not enhanced.

[2025-03-25 15:10:19 #11 type.registry] 
New type java.util.Vector<java.lang.Object>

[2025-03-25 15:10:19 #12 type.registry] 
New type java.util.Vector<domain.Ride>

[2025-03-25 15:10:19 #13 type.registry] 
New type java.util.ArrayList<java.lang.Object>

------------------------------------------------------------------------------------------------------------------------

[2025-03-25 15:14:02 #1 store] 
Database '/Users/arruti/eclipse-workspace/Rides24-4.zip_expanded/Rides24-4/src/main/resources/rides.temp' is opened by 16333@MacBook-Air-de-Benat.local

[2025-03-25 15:14:02 #2 type.registry] 
New type domain.User

[2025-03-25 15:14:02 #3 type.registry] 
New type domain.Driver

[2025-03-25 15:14:02 #4 type] 
Type domain.User is not enhanced.

[2025-03-25 15:14:02 #5 type.registry] 
New type domain.Ride

[2025-03-25 15:14:02 #6 type] 
Type domain.Driver is not enhanced.

[2025-03-25 15:14:02 #7 type] 
Type domain.Ride is not enhanced.

[2025-03-25 15:14:02 #8 type.registry] 
New type domain.Traveler

[2025-03-25 15:14:02 #9 type.registry] 
New type java.util.ArrayList<domain.Traveler>

[2025-03-25 15:14:02 #10 type] 
Type domain.Traveler is not enhanced.

[2025-03-25 15:14:02 #11 type.registry] 
New type java.util.Vector<java.lang.Object>

[2025-03-25 15:14:02 #12 type.registry] 
New type java.util.Vector<domain.Ride>

[2025-03-25 15:14:02 #13 type.registry] 
New type java.util.ArrayList<java.lang.Object>

------------------------------------------------------------------------------------------------------------------------

[2025-03-25 15:15:02 #1 store] 
Database '/Users/arruti/eclipse-workspace/Rides24-4.zip_expanded/Rides24-4/src/main/resources/rides.temp' is opened by 16341@MacBook-Air-de-Benat.local

[2025-03-25 15:15:02 #2 type.registry] 
New type domain.User

[2025-03-25 15:15:02 #3 type.registry] 
New type domain.Driver

[2025-03-25 15:15:02 #4 type] 
Type domain.User is not enhanced.

[2025-03-25 15:15:02 #5 type.registry] 
New type domain.Ride

[2025-03-25 15:15:02 #6 type] 
Type domain.Driver is not enhanced.

[2025-03-25 15:15:02 #7 type] 
Type domain.Ride is not enhanced.

[2025-03-25 15:15:02 #8 type.registry] 
New type domain.Traveler

[2025-03-25 15:15:02 #9 type.registry] 
New type java.util.ArrayList<domain.Traveler>

[2025-03-25 15:15:02 #10 type] 
Type domain.Traveler is not enhanced.

[2025-03-25 15:15:02 #11 type.registry] 
New type java.util.Vector<java.lang.Object>

[2025-03-25 15:15:02 #12 type.registry] 
New type java.util.Vector<domain.Ride>

[2025-03-25 15:15:02 #13 type.registry] 
New type java.util.ArrayList<java.lang.Object>

------------------------------------------------------------------------------------------------------------------------

[2025-03-25 15:49:08 #1 store] 
Database '/Users/arruti/eclipse-workspace/Rides24-4.zip_expanded/Rides24-4/src/main/resources/rides.temp' is opened by 16626@MacBook-Air-de-Benat.local

[2025-03-25 15:49:08 #2 type.registry] 
New type domain.User

[2025-03-25 15:49:08 #3 type.registry] 
New type domain.Driver

[2025-03-25 15:49:08 #4 type] 
Type domain.User is not enhanced.

[2025-03-25 15:49:08 #5 type.registry] 
New type domain.Ride

[2025-03-25 15:49:08 #6 type] 
Type domain.Driver is not enhanced.

[2025-03-25 15:49:08 #7 type] 
Type domain.Ride is not enhanced.

[2025-03-25 15:49:08 #8 type.registry] 
New type domain.Traveler

[2025-03-25 15:49:08 #9 type.registry] 
New type java.util.ArrayList<domain.Traveler>

[2025-03-25 15:49:08 #10 type] 
Type domain.Traveler is not enhanced.

[2025-03-25 15:49:08 #11 type.registry] 
New type java.util.Vector<java.lang.Object>

[2025-03-25 15:49:08 #12 type.registry] 
New type java.util.Vector<domain.Ride>

[2025-03-25 15:49:08 #13 type.registry] 
New type java.util.ArrayList<java.lang.Object>

------------------------------------------------------------------------------------------------------------------------

[2025-03-25 15:53:58 #1 store] 
Database '/Users/arruti/eclipse-workspace/Rides24-4.zip_expanded/Rides24-4/src/main/resources/rides.temp' is opened by 16677@MacBook-Air-de-Benat.local

[2025-03-25 15:53:58 #2 type.registry] 
New type domain.User

[2025-03-25 15:53:58 #3 type.registry] 
New type domain.Driver

[2025-03-25 15:53:58 #4 type] 
Type domain.User is not enhanced.

[2025-03-25 15:53:58 #5 type.registry] 
New type domain.Ride

[2025-03-25 15:53:59 #6 type] 
Type domain.Driver is not enhanced.

[2025-03-25 15:53:59 #7 type] 
Type domain.Ride is not enhanced.

[2025-03-25 15:53:59 #8 type.registry] 
New type domain.Traveler

[2025-03-25 15:53:59 #9 type.registry] 
New type java.util.ArrayList<domain.Traveler>

[2025-03-25 15:53:59 #10 type] 
Type domain.Traveler is not enhanced.

[2025-03-25 15:53:59 #11 type.registry] 
New type java.util.Vector<java.lang.Object>

[2025-03-25 15:53:59 #12 type.registry] 
New type java.util.Vector<domain.Ride>

[2025-03-25 15:53:59 #13 type.registry] 
New type java.util.ArrayList<java.lang.Object>

------------------------------------------------------------------------------------------------------------------------

[2025-03-25 15:55:02 #1 store] 
Database '/Users/arruti/eclipse-workspace/Rides24-4.zip_expanded/Rides24-4/src/main/resources/rides.temp' is opened by 16691@MacBook-Air-de-Benat.local

[2025-03-25 15:55:02 #2 type.registry] 
New type domain.User

[2025-03-25 15:55:02 #3 type.registry] 
New type domain.Driver

[2025-03-25 15:55:02 #4 type] 
Type domain.User is not enhanced.

[2025-03-25 15:55:02 #5 type.registry] 
New type domain.Ride

[2025-03-25 15:55:02 #6 type] 
Type domain.Driver is not enhanced.

[2025-03-25 15:55:02 #7 type] 
Type domain.Ride is not enhanced.

[2025-03-25 15:55:02 #8 type.registry] 
New type domain.Traveler

[2025-03-25 15:55:02 #9 type.registry] 
New type java.util.ArrayList<domain.Traveler>

[2025-03-25 15:55:02 #10 type] 
Type domain.Traveler is not enhanced.

[2025-03-25 15:55:02 #11 type.registry] 
New type java.util.Vector<java.lang.Object>

[2025-03-25 15:55:02 #12 type.registry] 
New type java.util.Vector<domain.Ride>

[2025-03-25 15:55:03 #13 type.registry] 
New type java.util.ArrayList<java.lang.Object>

------------------------------------------------------------------------------------------------------------------------

[2025-03-25 17:41:42 #1 store] 
Database '/Users/arruti/eclipse-workspace/Rides24-4.zip_expanded/Rides24-4/src/main/resources/rides.temp' is opened by 17549@MacBook-Air-de-Benat.local

[2025-03-25 17:41:42 #2 type.registry] 
New type domain.User

[2025-03-25 17:41:42 #3 type.registry] 
New type domain.Driver

[2025-03-25 17:41:42 #4 type] 
Type domain.User is not enhanced.

[2025-03-25 17:41:42 #5 type.registry] 
New type domain.Ride

[2025-03-25 17:41:42 #6 type] 
Type domain.Driver is not enhanced.

[2025-03-25 17:41:42 #7 type] 
Type domain.Ride is not enhanced.

[2025-03-25 17:41:42 #8 type.registry] 
New type domain.Traveler

[2025-03-25 17:41:42 #9 type.registry] 
New type java.util.ArrayList<domain.Traveler>

[2025-03-25 17:41:42 #10 type] 
Type domain.Traveler is not enhanced.

[2025-03-25 17:41:42 #11 type.registry] 
New type java.util.Vector<java.lang.Object>

[2025-03-25 17:41:42 #12 type.registry] 
New type java.util.Vector<domain.Ride>

[2025-03-25 17:41:42 #13 type.registry] 
New type java.util.ArrayList<java.lang.Object>

------------------------------------------------------------------------------------------------------------------------

[2025-03-25 17:49:02 #1 store] 
Database '/Users/arruti/eclipse-workspace/Rides24-4.zip_expanded/Rides24-4/src/main/resources/rides.temp' is opened by 17602@MacBook-Air-de-Benat.local

[2025-03-25 17:49:02 #2 type.registry] 
New type domain.User

[2025-03-25 17:49:02 #3 type.registry] 
New type domain.Driver

[2025-03-25 17:49:02 #4 type] 
Type domain.User is not enhanced.

[2025-03-25 17:49:02 #5 type.registry] 
New type domain.Ride

[2025-03-25 17:49:02 #6 type] 
Type domain.Driver is not enhanced.

[2025-03-25 17:49:02 #7 type] 
Type domain.Ride is not enhanced.

[2025-03-25 17:49:02 #8 type.registry] 
New type domain.Traveler

[2025-03-25 17:49:02 #9 type.registry] 
New type java.util.ArrayList<domain.Traveler>

[2025-03-25 17:49:02 #10 type] 
Type domain.Traveler is not enhanced.

[2025-03-25 17:49:02 #11 type.registry] 
New type java.util.Vector<java.lang.Object>

[2025-03-25 17:49:02 #12 type.registry] 
New type java.util.Vector<domain.Ride>

[2025-03-25 17:49:02 #13 type.registry] 
New type java.util.ArrayList<java.lang.Object>

------------------------------------------------------------------------------------------------------------------------

[2025-03-25 17:50:33 #1 store] 
Database '/Users/arruti/eclipse-workspace/Rides24-4.zip_expanded/Rides24-4/src/main/resources/rides.temp' is opened by 17621@MacBook-Air-de-Benat.local

[2025-03-25 17:50:33 #2 type.registry] 
New type domain.User

[2025-03-25 17:50:33 #3 type.registry] 
New type domain.Driver

[2025-03-25 17:50:33 #4 type] 
Type domain.User is not enhanced.

[2025-03-25 17:50:33 #5 type.registry] 
New type domain.Ride

[2025-03-25 17:50:33 #6 type] 
Type domain.Driver is not enhanced.

[2025-03-25 17:50:33 #7 type] 
Type domain.Ride is not enhanced.

[2025-03-25 17:50:33 #8 type.registry] 
New type domain.Traveler

[2025-03-25 17:50:33 #9 type.registry] 
New type java.util.ArrayList<domain.Traveler>

[2025-03-25 17:50:33 #10 type] 
Type domain.Traveler is not enhanced.

[2025-03-25 17:50:33 #11 type.registry] 
New type java.util.Vector<java.lang.Object>

[2025-03-25 17:50:33 #12 type.registry] 
New type java.util.Vector<domain.Ride>

[2025-03-25 17:50:33 #13 type.registry] 
New type java.util.ArrayList<java.lang.Object>

------------------------------------------------------------------------------------------------------------------------

[2025-03-25 17:51:26 #1 store] 
Database '/Users/arruti/eclipse-workspace/Rides24-4.zip_expanded/Rides24-4/src/main/resources/rides.temp' is opened by 17632@MacBook-Air-de-Benat.local

[2025-03-25 17:51:26 #2 type.registry] 
New type domain.User

[2025-03-25 17:51:26 #3 type.registry] 
New type domain.Driver

[2025-03-25 17:51:26 #4 type] 
Type domain.User is not enhanced.

[2025-03-25 17:51:26 #5 type.registry] 
New type domain.Ride

[2025-03-25 17:51:26 #6 type] 
Type domain.Driver is not enhanced.

[2025-03-25 17:51:26 #7 type] 
Type domain.Ride is not enhanced.

[2025-03-25 17:51:26 #8 type.registry] 
New type domain.Traveler

[2025-03-25 17:51:26 #9 type.registry] 
New type java.util.ArrayList<domain.Traveler>

[2025-03-25 17:51:26 #10 type] 
Type domain.Traveler is not enhanced.

[2025-03-25 17:51:26 #11 type.registry] 
New type java.util.Vector<java.lang.Object>

[2025-03-25 17:51:26 #12 type.registry] 
New type java.util.Vector<domain.Ride>

[2025-03-25 17:51:26 #13 type.registry] 
New type java.util.ArrayList<java.lang.Object>

------------------------------------------------------------------------------------------------------------------------

[2025-03-25 17:52:05 #1 store] 
Database '/Users/arruti/eclipse-workspace/Rides24-4.zip_expanded/Rides24-4/src/main/resources/rides.temp' is opened by 17636@MacBook-Air-de-Benat.local

[2025-03-25 17:52:05 #2 type.registry] 
New type domain.User

[2025-03-25 17:52:05 #3 type.registry] 
New type domain.Driver

[2025-03-25 17:52:05 #4 type] 
Type domain.User is not enhanced.

[2025-03-25 17:52:05 #5 type.registry] 
New type domain.Ride

[2025-03-25 17:52:05 #6 type] 
Type domain.Driver is not enhanced.

[2025-03-25 17:52:05 #7 type] 
Type domain.Ride is not enhanced.

[2025-03-25 17:52:05 #8 type.registry] 
New type domain.Traveler

[2025-03-25 17:52:05 #9 type.registry] 
New type java.util.ArrayList<domain.Traveler>

[2025-03-25 17:52:05 #10 type] 
Type domain.Traveler is not enhanced.

[2025-03-25 17:52:05 #11 type.registry] 
New type java.util.Vector<java.lang.Object>

[2025-03-25 17:52:05 #12 type.registry] 
New type java.util.Vector<domain.Ride>

[2025-03-25 17:52:05 #13 type.registry] 
New type java.util.ArrayList<java.lang.Object>

------------------------------------------------------------------------------------------------------------------------

[2025-03-25 17:52:53 #1 store] 
Database '/Users/arruti/eclipse-workspace/Rides24-4.zip_expanded/Rides24-4/src/main/resources/rides.temp' is opened by 17646@MacBook-Air-de-Benat.local

[2025-03-25 17:52:53 #2 type.registry] 
New type domain.User

[2025-03-25 17:52:53 #3 type.registry] 
New type domain.Driver

[2025-03-25 17:52:53 #4 type] 
Type domain.User is not enhanced.

[2025-03-25 17:52:53 #5 type.registry] 
New type domain.Ride

[2025-03-25 17:52:53 #6 type] 
Type domain.Driver is not enhanced.

[2025-03-25 17:52:53 #7 type] 
Type domain.Ride is not enhanced.

[2025-03-25 17:52:53 #8 type.registry] 
New type domain.Traveler

[2025-03-25 17:52:53 #9 type.registry] 
New type java.util.ArrayList<domain.Traveler>

[2025-03-25 17:52:53 #10 type] 
Type domain.Traveler is not enhanced.

[2025-03-25 17:52:53 #11 type.registry] 
New type java.util.Vector<java.lang.Object>

[2025-03-25 17:52:53 #12 type.registry] 
New type java.util.Vector<domain.Ride>

[2025-03-25 17:52:53 #13 type.registry] 
New type java.util.ArrayList<java.lang.Object>

------------------------------------------------------------------------------------------------------------------------

[2025-03-25 17:54:34 #1 store] 
Database '/Users/arruti/eclipse-workspace/Rides24-4.zip_expanded/Rides24-4/src/main/resources/rides.temp' is opened by 17653@MacBook-Air-de-Benat.local

[2025-03-25 17:54:34 #2 type.registry] 
New type domain.User

[2025-03-25 17:54:34 #3 type.registry] 
New type domain.Driver

[2025-03-25 17:54:34 #4 type] 
Type domain.User is not enhanced.

[2025-03-25 17:54:34 #5 type.registry] 
New type domain.Ride

[2025-03-25 17:54:34 #6 type] 
Type domain.Driver is not enhanced.

[2025-03-25 17:54:34 #7 type] 
Type domain.Ride is not enhanced.

[2025-03-25 17:54:34 #8 type.registry] 
New type domain.Traveler

[2025-03-25 17:54:34 #9 type.registry] 
New type java.util.ArrayList<domain.Traveler>

[2025-03-25 17:54:34 #10 type] 
Type domain.Traveler is not enhanced.

[2025-03-25 17:54:34 #11 type.registry] 
New type java.util.Vector<java.lang.Object>

[2025-03-25 17:54:34 #12 type.registry] 
New type java.util.Vector<domain.Ride>

[2025-03-25 17:54:34 #13 type.registry] 
New type java.util.ArrayList<java.lang.Object>

------------------------------------------------------------------------------------------------------------------------

[2025-03-25 17:56:12 #1 store] 
Database '/Users/arruti/eclipse-workspace/Rides24-4.zip_expanded/Rides24-4/src/main/resources/rides.temp' is opened by 17670@MacBook-Air-de-Benat.local

[2025-03-25 17:56:12 #2 type.registry] 
New type domain.User

[2025-03-25 17:56:12 #3 type.registry] 
New type domain.Driver

[2025-03-25 17:56:12 #4 type] 
Type domain.User is not enhanced.

[2025-03-25 17:56:12 #5 type.registry] 
New type domain.Ride

[2025-03-25 17:56:12 #6 type] 
Type domain.Driver is not enhanced.

[2025-03-25 17:56:12 #7 type] 
Type domain.Ride is not enhanced.

[2025-03-25 17:56:12 #8 type.registry] 
New type domain.Traveler

[2025-03-25 17:56:12 #9 type.registry] 
New type java.util.ArrayList<domain.Traveler>

[2025-03-25 17:56:12 #10 type] 
Type domain.Traveler is not enhanced.

[2025-03-25 17:56:12 #11 type.registry] 
New type java.util.Vector<java.lang.Object>

[2025-03-25 17:56:12 #12 type.registry] 
New type java.util.Vector<domain.Ride>

[2025-03-25 17:56:12 #13 type.registry] 
New type java.util.ArrayList<java.lang.Object>

