------------------------------------------------------------------------------------------------------------------------

[2025-03-28 19:29:55 #1 store] 
Database '/Users/arruti/eclipse-workspace/Rides_24.zip_expanded/Rides24-5/src/main/resources/rides.temp' is opened by 37655@MacBook-Air-de-Benat.local

------------------------------------------------------------------------------------------------------------------------

[2025-03-28 19:55:06 #1 store] 
Database '/Users/arruti/eclipse-workspace/Rides_24.zip_expanded/Rides24-5/src/main/resources/rides.temp' is opened by 38135@MacBook-Air-de-Benat.local

------------------------------------------------------------------------------------------------------------------------

[2025-03-28 19:56:09 #1 store] 
Database '/Users/arruti/eclipse-workspace/Rides_24.zip_expanded/Rides24-5/src/main/resources/rides.temp' is opened by 38153@MacBook-Air-de-Benat.local

------------------------------------------------------------------------------------------------------------------------

[2025-03-28 19:59:33 #1 store] 
Database '/Users/arruti/eclipse-workspace/Rides_24.zip_expanded/Rides24-5/src/main/resources/rides.temp' is opened by 38226@MacBook-Air-de-Benat.local

[2025-03-28 19:59:33 #2 type.registry] 
New type domain.User

[2025-03-28 19:59:33 #3 type.registry] 
New type domain.Driver

[2025-03-28 19:59:33 #4 type] 
Type domain.User is not enhanced.

[2025-03-28 19:59:33 #5 type.registry] 
New type domain.Ride

[2025-03-28 19:59:33 #6 type.registry] 
New type domain.Mugimenduak

[2025-03-28 19:59:33 #7 type] 
Type domain.Driver is not enhanced.

[2025-03-28 19:59:33 #8 type.registry] 
New type domain.Car

[2025-03-28 19:59:33 #9 type.registry] 
New type java.util.ArrayList<domain.Car>

[2025-03-28 19:59:33 #10 type.registry] 
New type java.util.ArrayList<domain.Ride>

[2025-03-28 19:59:33 #11 type] 
Type domain.Ride is not enhanced.

[2025-03-28 19:59:33 #12 type.registry] 
New type domain.Payment

[2025-03-28 19:59:33 #13 type.registry] 
New type domain.Book

[2025-03-28 19:59:33 #14 type.registry] 
New type java.util.ArrayList<domain.Book>

[2025-03-28 19:59:33 #15 type] 
Type domain.Mugimenduak is not enhanced.

[2025-03-28 19:59:33 #16 type] 
Type domain.Car is not enhanced.

[2025-03-28 19:59:33 #17 type] 
Type domain.Payment is not enhanced.

[2025-03-28 19:59:33 #18 type] 
Type domain.Book is not enhanced.

[2025-03-28 19:59:33 #19 type.registry] 
New type domain.Traveler

[2025-03-28 19:59:33 #20 type] 
Type domain.Traveler is not enhanced.

[2025-03-28 19:59:33 #21 type.registry] 
New type java.util.Vector<java.lang.Object>

[2025-03-28 19:59:33 #22 type.registry] 
New type java.util.Vector<domain.Ride>

[2025-03-28 19:59:33 #23 type.registry] 
New type java.util.ArrayList<java.lang.Object>

------------------------------------------------------------------------------------------------------------------------

[2025-03-28 20:28:26 #1 store] 
Database '/Users/arruti/eclipse-workspace/Rides_24.zip_expanded/Rides24-5/src/main/resources/rides.temp' is opened by 38816@MacBook-Air-de-Benat.local

[2025-03-28 20:28:26 #2 type.registry] 
New type domain.User

[2025-03-28 20:28:26 #3 type.registry] 
New type domain.Driver

[2025-03-28 20:28:26 #4 type] 
Type domain.User is not enhanced.

[2025-03-28 20:28:26 #5 type.registry] 
New type domain.Ride

[2025-03-28 20:28:26 #6 type.registry] 
New type domain.Mugimenduak

[2025-03-28 20:28:26 #7 type] 
Type domain.Driver is not enhanced.

[2025-03-28 20:28:26 #8 type.registry] 
New type domain.Car

[2025-03-28 20:28:26 #9 type.registry] 
New type java.util.ArrayList<domain.Car>

[2025-03-28 20:28:26 #10 type.registry] 
New type java.util.ArrayList<domain.Ride>

[2025-03-28 20:28:26 #11 type] 
Type domain.Ride is not enhanced.

[2025-03-28 20:28:26 #12 type.registry] 
New type domain.Payment

[2025-03-28 20:28:26 #13 type.registry] 
New type domain.Book

[2025-03-28 20:28:26 #14 type.registry] 
New type java.util.ArrayList<domain.Book>

[2025-03-28 20:28:26 #15 type] 
Type domain.Mugimenduak is not enhanced.

[2025-03-28 20:28:26 #16 type] 
Type domain.Car is not enhanced.

[2025-03-28 20:28:26 #17 type] 
Type domain.Payment is not enhanced.

[2025-03-28 20:28:26 #18 type] 
Type domain.Book is not enhanced.

[2025-03-28 20:28:26 #19 type.registry] 
New type domain.Traveler

[2025-03-28 20:28:26 #20 type] 
Type domain.Traveler is not enhanced.

[2025-03-28 20:28:26 #21 type.registry] 
New type java.util.Vector<java.lang.Object>

[2025-03-28 20:28:26 #22 type.registry] 
New type java.util.Vector<domain.Ride>

[2025-03-28 20:28:26 #23 type.registry] 
New type java.util.ArrayList<java.lang.Object>

------------------------------------------------------------------------------------------------------------------------

[2025-03-28 20:30:37 #1 store] 
Database '/Users/arruti/eclipse-workspace/Rides_24.zip_expanded/Rides24-5/src/main/resources/rides.temp' is opened by 38864@MacBook-Air-de-Benat.local

[2025-03-28 20:30:37 #2 type.registry] 
New type domain.User

[2025-03-28 20:30:37 #3 type.registry] 
New type domain.Driver

[2025-03-28 20:30:37 #4 type] 
Type domain.User is not enhanced.

[2025-03-28 20:30:37 #5 type.registry] 
New type domain.Ride

[2025-03-28 20:30:37 #6 type.registry] 
New type domain.Mugimenduak

[2025-03-28 20:30:37 #7 type] 
Type domain.Driver is not enhanced.

[2025-03-28 20:30:37 #8 type.registry] 
New type domain.Car

[2025-03-28 20:30:37 #9 type.registry] 
New type java.util.ArrayList<domain.Car>

[2025-03-28 20:30:37 #10 type.registry] 
New type java.util.ArrayList<domain.Ride>

[2025-03-28 20:30:37 #11 type] 
Type domain.Ride is not enhanced.

[2025-03-28 20:30:37 #12 type.registry] 
New type domain.Payment

[2025-03-28 20:30:37 #13 type.registry] 
New type domain.Book

[2025-03-28 20:30:37 #14 type.registry] 
New type java.util.ArrayList<domain.Book>

[2025-03-28 20:30:37 #15 type] 
Type domain.Mugimenduak is not enhanced.

[2025-03-28 20:30:37 #16 type] 
Type domain.Car is not enhanced.

[2025-03-28 20:30:37 #17 type] 
Type domain.Payment is not enhanced.

[2025-03-28 20:30:37 #18 type] 
Type domain.Book is not enhanced.

[2025-03-28 20:30:37 #19 type.registry] 
New type domain.Traveler

[2025-03-28 20:30:37 #20 type] 
Type domain.Traveler is not enhanced.

[2025-03-28 20:30:37 #21 type.registry] 
New type java.util.Vector<java.lang.Object>

[2025-03-28 20:30:37 #22 type.registry] 
New type java.util.Vector<domain.Ride>

[2025-03-28 20:30:37 #23 type.registry] 
New type java.util.ArrayList<java.lang.Object>

------------------------------------------------------------------------------------------------------------------------

[2025-03-28 20:32:19 #1 store] 
Database '/Users/arruti/eclipse-workspace/Rides_24.zip_expanded/Rides24-5/src/main/resources/rides.temp' is opened by 38895@MacBook-Air-de-Benat.local

[2025-03-28 20:32:19 #2 type.registry] 
New type domain.User

[2025-03-28 20:32:19 #3 type.registry] 
New type domain.Driver

[2025-03-28 20:32:19 #4 type] 
Type domain.User is not enhanced.

[2025-03-28 20:32:19 #5 type.registry] 
New type domain.Ride

[2025-03-28 20:32:19 #6 type.registry] 
New type domain.Mugimenduak

[2025-03-28 20:32:19 #7 type] 
Type domain.Driver is not enhanced.

[2025-03-28 20:32:19 #8 type.registry] 
New type domain.Car

[2025-03-28 20:32:19 #9 type.registry] 
New type java.util.ArrayList<domain.Car>

[2025-03-28 20:32:19 #10 type.registry] 
New type java.util.ArrayList<domain.Ride>

[2025-03-28 20:32:19 #11 type] 
Type domain.Ride is not enhanced.

[2025-03-28 20:32:19 #12 type.registry] 
New type domain.Payment

[2025-03-28 20:32:19 #13 type.registry] 
New type domain.Book

[2025-03-28 20:32:19 #14 type.registry] 
New type java.util.ArrayList<domain.Book>

[2025-03-28 20:32:19 #15 type] 
Type domain.Mugimenduak is not enhanced.

[2025-03-28 20:32:19 #16 type] 
Type domain.Car is not enhanced.

[2025-03-28 20:32:19 #17 type] 
Type domain.Payment is not enhanced.

[2025-03-28 20:32:19 #18 type] 
Type domain.Book is not enhanced.

[2025-03-28 20:32:19 #19 type.registry] 
New type domain.Traveler

[2025-03-28 20:32:19 #20 type] 
Type domain.Traveler is not enhanced.

[2025-03-28 20:32:19 #21 type.registry] 
New type java.util.Vector<java.lang.Object>

[2025-03-28 20:32:19 #22 type.registry] 
New type java.util.Vector<domain.Ride>

[2025-03-28 20:32:20 #23 type.registry] 
New type java.util.ArrayList<java.lang.Object>

------------------------------------------------------------------------------------------------------------------------

[2025-03-28 20:33:50 #1 store] 
Database '/Users/arruti/eclipse-workspace/Rides_24.zip_expanded/Rides24-5/src/main/resources/rides.temp' is opened by 38924@MacBook-Air-de-Benat.local

[2025-03-28 20:33:50 #2 type.registry] 
New type domain.User

[2025-03-28 20:33:50 #3 type.registry] 
New type domain.Driver

[2025-03-28 20:33:50 #4 type] 
Type domain.User is not enhanced.

[2025-03-28 20:33:50 #5 type.registry] 
New type domain.Ride

[2025-03-28 20:33:50 #6 type.registry] 
New type domain.Mugimenduak

[2025-03-28 20:33:50 #7 type] 
Type domain.Driver is not enhanced.

[2025-03-28 20:33:50 #8 type.registry] 
New type domain.Car

[2025-03-28 20:33:50 #9 type.registry] 
New type java.util.ArrayList<domain.Car>

[2025-03-28 20:33:50 #10 type.registry] 
New type java.util.ArrayList<domain.Ride>

[2025-03-28 20:33:50 #11 type] 
Type domain.Ride is not enhanced.

[2025-03-28 20:33:50 #12 type.registry] 
New type domain.Payment

[2025-03-28 20:33:50 #13 type.registry] 
New type domain.Book

[2025-03-28 20:33:50 #14 type.registry] 
New type java.util.ArrayList<domain.Book>

[2025-03-28 20:33:50 #15 type] 
Type domain.Mugimenduak is not enhanced.

[2025-03-28 20:33:50 #16 type] 
Type domain.Car is not enhanced.

[2025-03-28 20:33:50 #17 type] 
Type domain.Payment is not enhanced.

[2025-03-28 20:33:50 #18 type] 
Type domain.Book is not enhanced.

[2025-03-28 20:33:50 #19 type.registry] 
New type domain.Traveler

[2025-03-28 20:33:50 #20 type] 
Type domain.Traveler is not enhanced.

[2025-03-28 20:33:50 #21 type.registry] 
New type java.util.Vector<java.lang.Object>

[2025-03-28 20:33:50 #22 type.registry] 
New type java.util.Vector<domain.Ride>

[2025-03-28 20:33:50 #23 type.registry] 
New type java.util.ArrayList<java.lang.Object>

------------------------------------------------------------------------------------------------------------------------

[2025-03-28 20:35:23 #1 store] 
Database '/Users/arruti/eclipse-workspace/Rides_24.zip_expanded/Rides24-5/src/main/resources/rides.temp' is opened by 38953@MacBook-Air-de-Benat.local

[2025-03-28 20:35:23 #2 type.registry] 
New type domain.User

[2025-03-28 20:35:23 #3 type.registry] 
New type domain.Driver

[2025-03-28 20:35:23 #4 type] 
Type domain.User is not enhanced.

[2025-03-28 20:35:23 #5 type.registry] 
New type domain.Ride

[2025-03-28 20:35:23 #6 type.registry] 
New type domain.Mugimenduak

[2025-03-28 20:35:23 #7 type] 
Type domain.Driver is not enhanced.

[2025-03-28 20:35:23 #8 type.registry] 
New type domain.Car

[2025-03-28 20:35:23 #9 type.registry] 
New type java.util.ArrayList<domain.Car>

[2025-03-28 20:35:23 #10 type.registry] 
New type java.util.ArrayList<domain.Ride>

[2025-03-28 20:35:23 #11 type] 
Type domain.Ride is not enhanced.

[2025-03-28 20:35:23 #12 type.registry] 
New type domain.Payment

[2025-03-28 20:35:23 #13 type.registry] 
New type domain.Book

[2025-03-28 20:35:23 #14 type.registry] 
New type java.util.ArrayList<domain.Book>

[2025-03-28 20:35:23 #15 type] 
Type domain.Mugimenduak is not enhanced.

[2025-03-28 20:35:23 #16 type] 
Type domain.Car is not enhanced.

[2025-03-28 20:35:23 #17 type] 
Type domain.Payment is not enhanced.

[2025-03-28 20:35:23 #18 type] 
Type domain.Book is not enhanced.

[2025-03-28 20:35:23 #19 type.registry] 
New type domain.Traveler

[2025-03-28 20:35:23 #20 type] 
Type domain.Traveler is not enhanced.

[2025-03-28 20:35:23 #21 type.registry] 
New type java.util.Vector<java.lang.Object>

[2025-03-28 20:35:23 #22 type.registry] 
New type java.util.Vector<domain.Ride>

[2025-03-28 20:35:23 #23 type.registry] 
New type java.util.ArrayList<java.lang.Object>

------------------------------------------------------------------------------------------------------------------------

[2025-03-28 20:35:48 #1 store] 
Database '/Users/arruti/eclipse-workspace/Rides_24.zip_expanded/Rides24-5/src/main/resources/rides.temp' is opened by 38960@MacBook-Air-de-Benat.local

[2025-03-28 20:35:48 #2 type.registry] 
New type domain.User

[2025-03-28 20:35:48 #3 type.registry] 
New type domain.Driver

[2025-03-28 20:35:48 #4 type] 
Type domain.User is not enhanced.

[2025-03-28 20:35:48 #5 type.registry] 
New type domain.Ride

[2025-03-28 20:35:48 #6 type.registry] 
New type domain.Mugimenduak

[2025-03-28 20:35:48 #7 type] 
Type domain.Driver is not enhanced.

[2025-03-28 20:35:48 #8 type.registry] 
New type domain.Car

[2025-03-28 20:35:48 #9 type.registry] 
New type java.util.ArrayList<domain.Car>

[2025-03-28 20:35:48 #10 type.registry] 
New type java.util.ArrayList<domain.Ride>

[2025-03-28 20:35:48 #11 type] 
Type domain.Ride is not enhanced.

[2025-03-28 20:35:48 #12 type.registry] 
New type domain.Payment

[2025-03-28 20:35:48 #13 type.registry] 
New type domain.Book

[2025-03-28 20:35:48 #14 type.registry] 
New type java.util.ArrayList<domain.Book>

[2025-03-28 20:35:48 #15 type] 
Type domain.Mugimenduak is not enhanced.

[2025-03-28 20:35:48 #16 type] 
Type domain.Car is not enhanced.

[2025-03-28 20:35:48 #17 type] 
Type domain.Payment is not enhanced.

[2025-03-28 20:35:48 #18 type] 
Type domain.Book is not enhanced.

[2025-03-28 20:35:48 #19 type.registry] 
New type domain.Traveler

[2025-03-28 20:35:48 #20 type] 
Type domain.Traveler is not enhanced.

[2025-03-28 20:35:48 #21 type.registry] 
New type java.util.Vector<java.lang.Object>

[2025-03-28 20:35:48 #22 type.registry] 
New type java.util.Vector<domain.Ride>

[2025-03-28 20:35:48 #23 type.registry] 
New type java.util.ArrayList<java.lang.Object>

------------------------------------------------------------------------------------------------------------------------

[2025-03-28 20:37:33 #1 store] 
Database '/Users/arruti/eclipse-workspace/Rides_24.zip_expanded/Rides24-5/src/main/resources/rides.temp' is opened by 38998@MacBook-Air-de-Benat.local

[2025-03-28 20:37:33 #2 type.registry] 
New type domain.User

[2025-03-28 20:37:33 #3 type.registry] 
New type domain.Driver

[2025-03-28 20:37:33 #4 type] 
Type domain.User is not enhanced.

[2025-03-28 20:37:33 #5 type.registry] 
New type domain.Ride

[2025-03-28 20:37:33 #6 type.registry] 
New type domain.Mugimenduak

[2025-03-28 20:37:33 #7 type] 
Type domain.Driver is not enhanced.

[2025-03-28 20:37:33 #8 type.registry] 
New type domain.Car

[2025-03-28 20:37:33 #9 type.registry] 
New type java.util.ArrayList<domain.Car>

[2025-03-28 20:37:33 #10 type.registry] 
New type java.util.ArrayList<domain.Ride>

[2025-03-28 20:37:33 #11 type] 
Type domain.Ride is not enhanced.

[2025-03-28 20:37:33 #12 type.registry] 
New type domain.Payment

[2025-03-28 20:37:33 #13 type.registry] 
New type domain.Book

[2025-03-28 20:37:33 #14 type.registry] 
New type java.util.ArrayList<domain.Book>

[2025-03-28 20:37:33 #15 type] 
Type domain.Mugimenduak is not enhanced.

[2025-03-28 20:37:33 #16 type] 
Type domain.Car is not enhanced.

[2025-03-28 20:37:33 #17 type] 
Type domain.Payment is not enhanced.

[2025-03-28 20:37:33 #18 type] 
Type domain.Book is not enhanced.

[2025-03-28 20:37:33 #19 type.registry] 
New type domain.Traveler

[2025-03-28 20:37:33 #20 type] 
Type domain.Traveler is not enhanced.

[2025-03-28 20:37:33 #21 type.registry] 
New type java.util.Vector<java.lang.Object>

[2025-03-28 20:37:33 #22 type.registry] 
New type java.util.Vector<domain.Ride>

[2025-03-28 20:37:33 #23 type.registry] 
New type java.util.ArrayList<java.lang.Object>

