------------------------------------------------------------------------------------------------------------------------

[2025-03-29 17:06:43 #1 store] 
Database '/Users/arruti/eclipse-workspace/Rides_24.zip_expanded/Rides24-5/src/main/resources/rides.temp' is opened by 42827@MacBook-Air-de-Benat.local

[2025-03-29 17:06:43 #2 type.registry] 
New type domain.User

[2025-03-29 17:06:43 #3 type.registry] 
New type domain.Driver

[2025-03-29 17:06:43 #4 type] 
Type domain.User is not enhanced.

[2025-03-29 17:06:43 #5 type.registry] 
New type domain.Ride

[2025-03-29 17:06:43 #6 type.registry] 
New type domain.Mugimenduak

[2025-03-29 17:06:43 #7 type] 
Type domain.Driver is not enhanced.

[2025-03-29 17:06:43 #8 type.registry] 
New type domain.Car

[2025-03-29 17:06:43 #9 type.registry] 
New type java.util.ArrayList<domain.Car>

[2025-03-29 17:06:43 #10 type.registry] 
New type java.util.ArrayList<domain.Ride>

[2025-03-29 17:06:43 #11 type] 
Type domain.Ride is not enhanced.

[2025-03-29 17:06:43 #12 type.registry] 
New type domain.Payment

[2025-03-29 17:06:43 #13 type.registry] 
New type domain.Book

[2025-03-29 17:06:43 #14 type.registry] 
New type java.util.ArrayList<domain.Book>

[2025-03-29 17:06:43 #15 type] 
Type domain.Mugimenduak is not enhanced.

[2025-03-29 17:06:43 #16 type] 
Type domain.Car is not enhanced.

[2025-03-29 17:06:43 #17 type] 
Type domain.Payment is not enhanced.

[2025-03-29 17:06:43 #18 type] 
Type domain.Book is not enhanced.

[2025-03-29 17:06:43 #19 type.registry] 
New type domain.Traveler

[2025-03-29 17:06:43 #20 type] 
Type domain.Traveler is not enhanced.

[2025-03-29 17:06:43 #21 type.registry] 
New type java.util.Vector<java.lang.Object>

[2025-03-29 17:06:43 #22 type.registry] 
New type java.util.Vector<domain.Ride>

[2025-03-29 17:06:43 #23 type.registry] 
New type java.util.ArrayList<java.lang.Object>

------------------------------------------------------------------------------------------------------------------------

[2025-03-29 17:41:34 #1 store] 
Database '/Users/arruti/eclipse-workspace/Rides_24.zip_expanded/Rides24-5/src/main/resources/rides.temp' is opened by 43338@MacBook-Air-de-Benat.local

[2025-03-29 17:41:34 #2 type.registry] 
New type domain.User

[2025-03-29 17:41:34 #3 type.registry] 
New type domain.Driver

[2025-03-29 17:41:34 #4 type] 
Type domain.User is not enhanced.

[2025-03-29 17:41:34 #5 type.registry] 
New type domain.Ride

[2025-03-29 17:41:34 #6 type.registry] 
New type domain.Mugimenduak

[2025-03-29 17:41:34 #7 type] 
Type domain.Driver is not enhanced.

[2025-03-29 17:41:34 #8 type.registry] 
New type domain.Car

[2025-03-29 17:41:34 #9 type.registry] 
New type java.util.ArrayList<domain.Car>

[2025-03-29 17:41:34 #10 type.registry] 
New type java.util.ArrayList<domain.Ride>

[2025-03-29 17:41:34 #11 type] 
Type domain.Ride is not enhanced.

[2025-03-29 17:41:34 #12 type.registry] 
New type domain.Book

[2025-03-29 17:41:34 #13 type.registry] 
New type java.util.ArrayList<domain.Book>

[2025-03-29 17:41:34 #14 type] 
Type domain.Mugimenduak is not enhanced.

[2025-03-29 17:41:34 #15 type] 
Type domain.Car is not enhanced.

[2025-03-29 17:41:34 #16 type] 
Type domain.Book is not enhanced.

[2025-03-29 17:41:34 #17 type.registry] 
New type domain.Traveler

[2025-03-29 17:41:34 #18 type] 
Type domain.Traveler is not enhanced.

[2025-03-29 17:41:34 #19 type.registry] 
New type java.util.Vector<java.lang.Object>

[2025-03-29 17:41:34 #20 type.registry] 
New type java.util.Vector<domain.Ride>

[2025-03-29 17:41:34 #21 type.registry] 
New type java.util.ArrayList<java.lang.Object>

------------------------------------------------------------------------------------------------------------------------

[2025-03-29 17:46:59 #1 store] 
Database '/Users/arruti/eclipse-workspace/Rides_24.zip_expanded/Rides24-5/src/main/resources/rides.temp' is opened by 43426@MacBook-Air-de-Benat.local

[2025-03-29 17:46:59 #2 type.registry] 
New type domain.User

[2025-03-29 17:46:59 #3 type.registry] 
New type domain.Driver

[2025-03-29 17:46:59 #4 type] 
Type domain.User is not enhanced.

[2025-03-29 17:46:59 #5 type.registry] 
New type domain.Ride

[2025-03-29 17:46:59 #6 type.registry] 
New type domain.Mugimenduak

[2025-03-29 17:46:59 #7 type] 
Type domain.Driver is not enhanced.

[2025-03-29 17:46:59 #8 type.registry] 
New type domain.Car

[2025-03-29 17:46:59 #9 type.registry] 
New type java.util.ArrayList<domain.Car>

[2025-03-29 17:46:59 #10 type.registry] 
New type java.util.ArrayList<domain.Ride>

[2025-03-29 17:46:59 #11 type] 
Type domain.Ride is not enhanced.

[2025-03-29 17:46:59 #12 type.registry] 
New type domain.Book

[2025-03-29 17:46:59 #13 type.registry] 
New type java.util.ArrayList<domain.Book>

[2025-03-29 17:46:59 #14 type] 
Type domain.Mugimenduak is not enhanced.

[2025-03-29 17:46:59 #15 type] 
Type domain.Car is not enhanced.

[2025-03-29 17:46:59 #16 type] 
Type domain.Book is not enhanced.

[2025-03-29 17:46:59 #17 type.registry] 
New type domain.Traveler

[2025-03-29 17:46:59 #18 type] 
Type domain.Traveler is not enhanced.

[2025-03-29 17:46:59 #19 type.registry] 
New type java.util.Vector<java.lang.Object>

[2025-03-29 17:46:59 #20 type.registry] 
New type java.util.Vector<domain.Ride>

[2025-03-29 17:46:59 #21 type.registry] 
New type java.util.ArrayList<java.lang.Object>

------------------------------------------------------------------------------------------------------------------------

[2025-03-29 17:47:19 #1 store] 
Database '/Users/arruti/eclipse-workspace/Rides_24.zip_expanded/Rides24-5/src/main/resources/rides.temp' is opened by 43432@MacBook-Air-de-Benat.local

[2025-03-29 17:47:19 #2 type.registry] 
New type domain.User

[2025-03-29 17:47:19 #3 type.registry] 
New type domain.Driver

[2025-03-29 17:47:19 #4 type] 
Type domain.User is not enhanced.

[2025-03-29 17:47:19 #5 type.registry] 
New type domain.Ride

[2025-03-29 17:47:19 #6 type.registry] 
New type domain.Mugimenduak

[2025-03-29 17:47:19 #7 type] 
Type domain.Driver is not enhanced.

[2025-03-29 17:47:19 #8 type.registry] 
New type domain.Car

[2025-03-29 17:47:19 #9 type.registry] 
New type java.util.ArrayList<domain.Car>

[2025-03-29 17:47:19 #10 type.registry] 
New type java.util.ArrayList<domain.Ride>

[2025-03-29 17:47:19 #11 type] 
Type domain.Ride is not enhanced.

[2025-03-29 17:47:19 #12 type.registry] 
New type domain.Book

[2025-03-29 17:47:19 #13 type.registry] 
New type java.util.ArrayList<domain.Book>

[2025-03-29 17:47:19 #14 type] 
Type domain.Mugimenduak is not enhanced.

[2025-03-29 17:47:19 #15 type] 
Type domain.Car is not enhanced.

[2025-03-29 17:47:19 #16 type] 
Type domain.Book is not enhanced.

[2025-03-29 17:47:19 #17 type.registry] 
New type domain.Traveler

[2025-03-29 17:47:19 #18 type] 
Type domain.Traveler is not enhanced.

[2025-03-29 17:47:19 #19 type.registry] 
New type java.util.Vector<java.lang.Object>

[2025-03-29 17:47:19 #20 type.registry] 
New type java.util.Vector<domain.Ride>

[2025-03-29 17:47:19 #21 type.registry] 
New type java.util.ArrayList<java.lang.Object>

------------------------------------------------------------------------------------------------------------------------

[2025-03-29 17:54:33 #1 store] 
Database '/Users/arruti/eclipse-workspace/Rides_24.zip_expanded/Rides24-5/src/main/resources/rides.temp' is opened by 43545@MacBook-Air-de-Benat.local

[2025-03-29 17:54:33 #2 type.registry] 
New type domain.User

[2025-03-29 17:54:33 #3 type.registry] 
New type domain.Driver

[2025-03-29 17:54:33 #4 type] 
Type domain.User is not enhanced.

[2025-03-29 17:54:33 #5 type.registry] 
New type domain.Ride

[2025-03-29 17:54:33 #6 type.registry] 
New type domain.Mugimenduak

[2025-03-29 17:54:33 #7 type] 
Type domain.Driver is not enhanced.

[2025-03-29 17:54:33 #8 type.registry] 
New type domain.Car

[2025-03-29 17:54:33 #9 type.registry] 
New type java.util.ArrayList<domain.Car>

[2025-03-29 17:54:33 #10 type.registry] 
New type java.util.ArrayList<domain.Ride>

[2025-03-29 17:54:33 #11 type] 
Type domain.Ride is not enhanced.

[2025-03-29 17:54:33 #12 type.registry] 
New type domain.Book

[2025-03-29 17:54:33 #13 type.registry] 
New type java.util.ArrayList<domain.Book>

[2025-03-29 17:54:33 #14 type] 
Type domain.Mugimenduak is not enhanced.

[2025-03-29 17:54:33 #15 type] 
Type domain.Car is not enhanced.

[2025-03-29 17:54:33 #16 type] 
Type domain.Book is not enhanced.

[2025-03-29 17:54:33 #17 type.registry] 
New type domain.Traveler

[2025-03-29 17:54:33 #18 type] 
Type domain.Traveler is not enhanced.

[2025-03-29 17:54:33 #19 type.registry] 
New type java.util.Vector<java.lang.Object>

[2025-03-29 17:54:33 #20 type.registry] 
New type java.util.Vector<domain.Ride>

[2025-03-29 17:54:33 #21 type.registry] 
New type java.util.ArrayList<java.lang.Object>

------------------------------------------------------------------------------------------------------------------------

[2025-03-29 17:57:29 #1 store] 
Database '/Users/arruti/eclipse-workspace/Rides_24.zip_expanded/Rides24-5/src/main/resources/rides.temp' is opened by 43582@MacBook-Air-de-Benat.local

[2025-03-29 17:57:29 #2 type.registry] 
New type domain.User

[2025-03-29 17:57:29 #3 type.registry] 
New type domain.Driver

[2025-03-29 17:57:29 #4 type] 
Type domain.User is not enhanced.

[2025-03-29 17:57:29 #5 type.registry] 
New type domain.Ride

[2025-03-29 17:57:29 #6 type.registry] 
New type domain.Mugimenduak

[2025-03-29 17:57:29 #7 type] 
Type domain.Driver is not enhanced.

[2025-03-29 17:57:29 #8 type.registry] 
New type domain.Car

[2025-03-29 17:57:29 #9 type.registry] 
New type java.util.ArrayList<domain.Car>

[2025-03-29 17:57:29 #10 type.registry] 
New type java.util.ArrayList<domain.Ride>

[2025-03-29 17:57:29 #11 type] 
Type domain.Ride is not enhanced.

[2025-03-29 17:57:29 #12 type.registry] 
New type domain.Book

[2025-03-29 17:57:29 #13 type.registry] 
New type java.util.ArrayList<domain.Book>

[2025-03-29 17:57:29 #14 type] 
Type domain.Mugimenduak is not enhanced.

[2025-03-29 17:57:29 #15 type] 
Type domain.Car is not enhanced.

[2025-03-29 17:57:29 #16 type] 
Type domain.Book is not enhanced.

[2025-03-29 17:57:29 #17 type.registry] 
New type domain.Traveler

[2025-03-29 17:57:29 #18 type] 
Type domain.Traveler is not enhanced.

[2025-03-29 17:57:29 #19 type.registry] 
New type java.util.Vector<java.lang.Object>

[2025-03-29 17:57:29 #20 type.registry] 
New type java.util.Vector<domain.Ride>

[2025-03-29 17:57:29 #21 type.registry] 
New type java.util.ArrayList<java.lang.Object>

------------------------------------------------------------------------------------------------------------------------

[2025-03-29 17:59:05 #1 store] 
Database '/Users/arruti/eclipse-workspace/Rides_24.zip_expanded/Rides24-5/src/main/resources/rides.temp' is opened by 43607@MacBook-Air-de-Benat.local

[2025-03-29 17:59:05 #2 type.registry] 
New type domain.User

[2025-03-29 17:59:05 #3 type.registry] 
New type domain.Driver

[2025-03-29 17:59:05 #4 type] 
Type domain.User is not enhanced.

[2025-03-29 17:59:05 #5 type.registry] 
New type domain.Ride

[2025-03-29 17:59:05 #6 type.registry] 
New type domain.Mugimenduak

[2025-03-29 17:59:05 #7 type] 
Type domain.Driver is not enhanced.

[2025-03-29 17:59:05 #8 type.registry] 
New type domain.Car

[2025-03-29 17:59:05 #9 type.registry] 
New type java.util.ArrayList<domain.Car>

[2025-03-29 17:59:05 #10 type.registry] 
New type java.util.ArrayList<domain.Ride>

[2025-03-29 17:59:05 #11 type] 
Type domain.Ride is not enhanced.

[2025-03-29 17:59:05 #12 type.registry] 
New type domain.Book

[2025-03-29 17:59:05 #13 type.registry] 
New type java.util.ArrayList<domain.Book>

[2025-03-29 17:59:05 #14 type] 
Type domain.Mugimenduak is not enhanced.

[2025-03-29 17:59:05 #15 type] 
Type domain.Car is not enhanced.

[2025-03-29 17:59:05 #16 type] 
Type domain.Book is not enhanced.

[2025-03-29 17:59:05 #17 type.registry] 
New type domain.Traveler

[2025-03-29 17:59:05 #18 type] 
Type domain.Traveler is not enhanced.

[2025-03-29 17:59:05 #19 type.registry] 
New type java.util.Vector<java.lang.Object>

[2025-03-29 17:59:05 #20 type.registry] 
New type java.util.Vector<domain.Ride>

[2025-03-29 17:59:05 #21 type.registry] 
New type java.util.ArrayList<java.lang.Object>

------------------------------------------------------------------------------------------------------------------------

[2025-03-29 18:03:29 #1 store] 
Database '/Users/arruti/eclipse-workspace/Rides_24.zip_expanded/Rides24-5/src/main/resources/rides.temp' is opened by 43669@MacBook-Air-de-Benat.local

[2025-03-29 18:03:29 #2 type.registry] 
New type domain.User

[2025-03-29 18:03:29 #3 type.registry] 
New type domain.Driver

[2025-03-29 18:03:29 #4 type] 
Type domain.User is not enhanced.

[2025-03-29 18:03:29 #5 type.registry] 
New type domain.Ride

[2025-03-29 18:03:29 #6 type.registry] 
New type domain.Mugimenduak

[2025-03-29 18:03:29 #7 type] 
Type domain.Driver is not enhanced.

[2025-03-29 18:03:29 #8 type.registry] 
New type domain.Car

[2025-03-29 18:03:29 #9 type.registry] 
New type java.util.ArrayList<domain.Car>

[2025-03-29 18:03:29 #10 type.registry] 
New type java.util.ArrayList<domain.Ride>

[2025-03-29 18:03:29 #11 type] 
Type domain.Ride is not enhanced.

[2025-03-29 18:03:29 #12 type.registry] 
New type domain.Book

[2025-03-29 18:03:29 #13 type.registry] 
New type java.util.ArrayList<domain.Book>

[2025-03-29 18:03:29 #14 type] 
Type domain.Mugimenduak is not enhanced.

[2025-03-29 18:03:29 #15 type] 
Type domain.Car is not enhanced.

[2025-03-29 18:03:29 #16 type] 
Type domain.Book is not enhanced.

[2025-03-29 18:03:29 #17 type.registry] 
New type domain.Traveler

[2025-03-29 18:03:29 #18 type] 
Type domain.Traveler is not enhanced.

[2025-03-29 18:03:29 #19 type.registry] 
New type java.util.Vector<java.lang.Object>

[2025-03-29 18:03:29 #20 type.registry] 
New type java.util.Vector<domain.Ride>

[2025-03-29 18:03:29 #21 type.registry] 
New type java.util.ArrayList<java.lang.Object>

------------------------------------------------------------------------------------------------------------------------

[2025-03-29 18:04:12 #1 store] 
Database '/Users/arruti/eclipse-workspace/Rides_24.zip_expanded/Rides24-5/src/main/resources/rides.temp' is opened by 43684@MacBook-Air-de-Benat.local

[2025-03-29 18:04:12 #2 type.registry] 
New type domain.User

[2025-03-29 18:04:12 #3 type.registry] 
New type domain.Driver

[2025-03-29 18:04:12 #4 type] 
Type domain.User is not enhanced.

[2025-03-29 18:04:12 #5 type.registry] 
New type domain.Ride

[2025-03-29 18:04:12 #6 type.registry] 
New type domain.Mugimenduak

[2025-03-29 18:04:12 #7 type] 
Type domain.Driver is not enhanced.

[2025-03-29 18:04:12 #8 type.registry] 
New type domain.Car

[2025-03-29 18:04:12 #9 type.registry] 
New type java.util.ArrayList<domain.Car>

[2025-03-29 18:04:12 #10 type.registry] 
New type java.util.ArrayList<domain.Ride>

[2025-03-29 18:04:12 #11 type] 
Type domain.Ride is not enhanced.

[2025-03-29 18:04:12 #12 type.registry] 
New type domain.Book

[2025-03-29 18:04:12 #13 type.registry] 
New type java.util.ArrayList<domain.Book>

[2025-03-29 18:04:12 #14 type] 
Type domain.Mugimenduak is not enhanced.

[2025-03-29 18:04:12 #15 type] 
Type domain.Car is not enhanced.

[2025-03-29 18:04:12 #16 type] 
Type domain.Book is not enhanced.

[2025-03-29 18:04:12 #17 type.registry] 
New type domain.Traveler

[2025-03-29 18:04:12 #18 type] 
Type domain.Traveler is not enhanced.

[2025-03-29 18:04:12 #19 type.registry] 
New type java.util.Vector<java.lang.Object>

[2025-03-29 18:04:12 #20 type.registry] 
New type java.util.Vector<domain.Ride>

[2025-03-29 18:04:12 #21 type.registry] 
New type java.util.ArrayList<java.lang.Object>

------------------------------------------------------------------------------------------------------------------------

[2025-03-29 18:05:16 #1 store] 
Database '/Users/arruti/eclipse-workspace/Rides_24.zip_expanded/Rides24-5/src/main/resources/rides.temp' is opened by 43700@MacBook-Air-de-Benat.local

[2025-03-29 18:05:17 #2 type.registry] 
New type domain.User

[2025-03-29 18:05:17 #3 type.registry] 
New type domain.Driver

[2025-03-29 18:05:17 #4 type] 
Type domain.User is not enhanced.

[2025-03-29 18:05:17 #5 type.registry] 
New type domain.Ride

[2025-03-29 18:05:17 #6 type.registry] 
New type domain.Mugimenduak

[2025-03-29 18:05:17 #7 type] 
Type domain.Driver is not enhanced.

[2025-03-29 18:05:17 #8 type.registry] 
New type domain.Car

[2025-03-29 18:05:17 #9 type.registry] 
New type java.util.ArrayList<domain.Car>

[2025-03-29 18:05:17 #10 type.registry] 
New type java.util.ArrayList<domain.Ride>

[2025-03-29 18:05:17 #11 type] 
Type domain.Ride is not enhanced.

[2025-03-29 18:05:17 #12 type.registry] 
New type domain.Book

[2025-03-29 18:05:17 #13 type.registry] 
New type java.util.ArrayList<domain.Book>

[2025-03-29 18:05:17 #14 type] 
Type domain.Mugimenduak is not enhanced.

[2025-03-29 18:05:17 #15 type] 
Type domain.Car is not enhanced.

[2025-03-29 18:05:17 #16 type] 
Type domain.Book is not enhanced.

[2025-03-29 18:05:17 #17 type.registry] 
New type domain.Traveler

[2025-03-29 18:05:17 #18 type] 
Type domain.Traveler is not enhanced.

[2025-03-29 18:05:17 #19 type.registry] 
New type java.util.Vector<java.lang.Object>

[2025-03-29 18:05:17 #20 type.registry] 
New type java.util.Vector<domain.Ride>

[2025-03-29 18:05:17 #21 type.registry] 
New type java.util.ArrayList<java.lang.Object>

------------------------------------------------------------------------------------------------------------------------

[2025-03-29 18:07:41 #1 store] 
Database '/Users/arruti/eclipse-workspace/Rides_24.zip_expanded/Rides24-5/src/main/resources/rides.temp' is opened by 43736@MacBook-Air-de-Benat.local

[2025-03-29 18:07:41 #2 type.registry] 
New type domain.User

[2025-03-29 18:07:41 #3 type.registry] 
New type domain.Driver

[2025-03-29 18:07:41 #4 type] 
Type domain.User is not enhanced.

[2025-03-29 18:07:41 #5 type.registry] 
New type domain.Ride

[2025-03-29 18:07:41 #6 type.registry] 
New type domain.Mugimenduak

[2025-03-29 18:07:41 #7 type] 
Type domain.Driver is not enhanced.

[2025-03-29 18:07:41 #8 type.registry] 
New type domain.Car

[2025-03-29 18:07:41 #9 type.registry] 
New type java.util.ArrayList<domain.Car>

[2025-03-29 18:07:41 #10 type.registry] 
New type java.util.ArrayList<domain.Ride>

[2025-03-29 18:07:41 #11 type] 
Type domain.Ride is not enhanced.

[2025-03-29 18:07:41 #12 type.registry] 
New type domain.Book

[2025-03-29 18:07:41 #13 type.registry] 
New type java.util.ArrayList<domain.Book>

[2025-03-29 18:07:41 #14 type] 
Type domain.Mugimenduak is not enhanced.

[2025-03-29 18:07:41 #15 type] 
Type domain.Car is not enhanced.

[2025-03-29 18:07:41 #16 type] 
Type domain.Book is not enhanced.

[2025-03-29 18:07:41 #17 type.registry] 
New type domain.Traveler

[2025-03-29 18:07:41 #18 type] 
Type domain.Traveler is not enhanced.

[2025-03-29 18:07:41 #19 type.registry] 
New type java.util.Vector<java.lang.Object>

[2025-03-29 18:07:41 #20 type.registry] 
New type java.util.Vector<domain.Ride>

[2025-03-29 18:07:41 #21 type.registry] 
New type java.util.ArrayList<java.lang.Object>

------------------------------------------------------------------------------------------------------------------------

[2025-03-29 18:07:59 #1 store] 
Database '/Users/arruti/eclipse-workspace/Rides_24.zip_expanded/Rides24-5/src/main/resources/rides.temp' is opened by 43741@MacBook-Air-de-Benat.local

[2025-03-29 18:07:59 #2 type.registry] 
New type domain.User

[2025-03-29 18:07:59 #3 type.registry] 
New type domain.Driver

[2025-03-29 18:07:59 #4 type] 
Type domain.User is not enhanced.

[2025-03-29 18:07:59 #5 type.registry] 
New type domain.Ride

[2025-03-29 18:07:59 #6 type.registry] 
New type domain.Mugimenduak

[2025-03-29 18:07:59 #7 type] 
Type domain.Driver is not enhanced.

[2025-03-29 18:07:59 #8 type.registry] 
New type domain.Car

[2025-03-29 18:07:59 #9 type.registry] 
New type java.util.ArrayList<domain.Car>

[2025-03-29 18:07:59 #10 type.registry] 
New type java.util.ArrayList<domain.Ride>

[2025-03-29 18:07:59 #11 type] 
Type domain.Ride is not enhanced.

[2025-03-29 18:07:59 #12 type.registry] 
New type domain.Book

[2025-03-29 18:07:59 #13 type.registry] 
New type java.util.ArrayList<domain.Book>

[2025-03-29 18:07:59 #14 type] 
Type domain.Mugimenduak is not enhanced.

[2025-03-29 18:07:59 #15 type] 
Type domain.Car is not enhanced.

[2025-03-29 18:07:59 #16 type] 
Type domain.Book is not enhanced.

[2025-03-29 18:07:59 #17 type.registry] 
New type domain.Traveler

[2025-03-29 18:07:59 #18 type] 
Type domain.Traveler is not enhanced.

[2025-03-29 18:07:59 #19 type.registry] 
New type java.util.Vector<java.lang.Object>

[2025-03-29 18:07:59 #20 type.registry] 
New type java.util.Vector<domain.Ride>

[2025-03-29 18:07:59 #21 type.registry] 
New type java.util.ArrayList<java.lang.Object>

------------------------------------------------------------------------------------------------------------------------

[2025-03-29 18:16:14 #1 store] 
Database '/Users/arruti/eclipse-workspace/Rides_24.zip_expanded/Rides24-5/src/main/resources/rides.temp' is opened by 43857@MacBook-Air-de-Benat.local

[2025-03-29 18:16:14 #2 type.registry] 
New type domain.User

[2025-03-29 18:16:14 #3 type.registry] 
New type domain.Driver

[2025-03-29 18:16:14 #4 type] 
Type domain.User is not enhanced.

[2025-03-29 18:16:14 #5 type.registry] 
New type domain.Ride

[2025-03-29 18:16:14 #6 type.registry] 
New type domain.Mugimenduak

[2025-03-29 18:16:14 #7 type] 
Type domain.Driver is not enhanced.

[2025-03-29 18:16:14 #8 type.registry] 
New type domain.Car

[2025-03-29 18:16:14 #9 type.registry] 
New type java.util.ArrayList<domain.Car>

[2025-03-29 18:16:14 #10 type.registry] 
New type java.util.ArrayList<domain.Ride>

[2025-03-29 18:16:14 #11 type] 
Type domain.Ride is not enhanced.

[2025-03-29 18:16:14 #12 type.registry] 
New type domain.Book

[2025-03-29 18:16:14 #13 type.registry] 
New type java.util.ArrayList<domain.Book>

[2025-03-29 18:16:14 #14 type] 
Type domain.Mugimenduak is not enhanced.

[2025-03-29 18:16:14 #15 type] 
Type domain.Car is not enhanced.

[2025-03-29 18:16:14 #16 type] 
Type domain.Book is not enhanced.

[2025-03-29 18:16:14 #17 type.registry] 
New type domain.Traveler

[2025-03-29 18:16:14 #18 type] 
Type domain.Traveler is not enhanced.

[2025-03-29 18:16:14 #19 type.registry] 
New type java.util.Vector<java.lang.Object>

[2025-03-29 18:16:14 #20 type.registry] 
New type java.util.Vector<domain.Ride>

[2025-03-29 18:16:14 #21 type.registry] 
New type java.util.ArrayList<java.lang.Object>

------------------------------------------------------------------------------------------------------------------------

[2025-03-29 18:18:43 #1 store] 
Database '/Users/arruti/eclipse-workspace/Rides_24.zip_expanded/Rides24-5/src/main/resources/rides.temp' is opened by 43893@MacBook-Air-de-Benat.local

[2025-03-29 18:18:43 #2 type.registry] 
New type domain.User

[2025-03-29 18:18:43 #3 type.registry] 
New type domain.Driver

[2025-03-29 18:18:43 #4 type] 
Type domain.User is not enhanced.

[2025-03-29 18:18:43 #5 type.registry] 
New type domain.Ride

[2025-03-29 18:18:43 #6 type.registry] 
New type domain.Mugimenduak

[2025-03-29 18:18:43 #7 type] 
Type domain.Driver is not enhanced.

[2025-03-29 18:18:43 #8 type.registry] 
New type domain.Car

[2025-03-29 18:18:43 #9 type.registry] 
New type java.util.ArrayList<domain.Car>

[2025-03-29 18:18:43 #10 type.registry] 
New type java.util.ArrayList<domain.Ride>

[2025-03-29 18:18:43 #11 type] 
Type domain.Ride is not enhanced.

[2025-03-29 18:18:43 #12 type.registry] 
New type domain.Book

[2025-03-29 18:18:43 #13 type.registry] 
New type java.util.ArrayList<domain.Book>

[2025-03-29 18:18:43 #14 type] 
Type domain.Mugimenduak is not enhanced.

[2025-03-29 18:18:43 #15 type] 
Type domain.Car is not enhanced.

[2025-03-29 18:18:43 #16 type] 
Type domain.Book is not enhanced.

[2025-03-29 18:18:43 #17 type.registry] 
New type domain.Traveler

[2025-03-29 18:18:43 #18 type] 
Type domain.Traveler is not enhanced.

[2025-03-29 18:18:43 #19 type.registry] 
New type java.util.Vector<java.lang.Object>

[2025-03-29 18:18:43 #20 type.registry] 
New type java.util.Vector<domain.Ride>

[2025-03-29 18:18:43 #21 type.registry] 
New type java.util.ArrayList<java.lang.Object>

------------------------------------------------------------------------------------------------------------------------

[2025-03-29 18:28:49 #1 store] 
Database '/Users/arruti/eclipse-workspace/Rides_24.zip_expanded/Rides24-5/src/main/resources/rides.temp' is opened by 44030@MacBook-Air-de-Benat.local

[2025-03-29 18:28:49 #2 type.registry] 
New type domain.User

[2025-03-29 18:28:49 #3 type.registry] 
New type domain.Driver

[2025-03-29 18:28:49 #4 type] 
Type domain.User is not enhanced.

[2025-03-29 18:28:49 #5 type.registry] 
New type domain.Ride

[2025-03-29 18:28:49 #6 type.registry] 
New type domain.Mugimenduak

[2025-03-29 18:28:49 #7 type] 
Type domain.Driver is not enhanced.

[2025-03-29 18:28:49 #8 type.registry] 
New type domain.Car

[2025-03-29 18:28:49 #9 type.registry] 
New type java.util.ArrayList<domain.Car>

[2025-03-29 18:28:49 #10 type.registry] 
New type java.util.ArrayList<domain.Ride>

[2025-03-29 18:28:49 #11 type] 
Type domain.Ride is not enhanced.

[2025-03-29 18:28:49 #12 type.registry] 
New type domain.Book

[2025-03-29 18:28:49 #13 type.registry] 
New type java.util.ArrayList<domain.Book>

[2025-03-29 18:28:49 #14 type] 
Type domain.Mugimenduak is not enhanced.

[2025-03-29 18:28:49 #15 type] 
Type domain.Car is not enhanced.

[2025-03-29 18:28:49 #16 type] 
Type domain.Book is not enhanced.

[2025-03-29 18:28:49 #17 type.registry] 
New type domain.Traveler

[2025-03-29 18:28:49 #18 type] 
Type domain.Traveler is not enhanced.

[2025-03-29 18:28:49 #19 type.registry] 
New type java.util.Vector<java.lang.Object>

[2025-03-29 18:28:49 #20 type.registry] 
New type java.util.Vector<domain.Ride>

[2025-03-29 18:28:49 #21 type.registry] 
New type java.util.ArrayList<java.lang.Object>

------------------------------------------------------------------------------------------------------------------------

[2025-03-29 18:42:45 #1 store] 
Database '/Users/arruti/eclipse-workspace/Rides_24.zip_expanded/Rides24-5/src/main/resources/rides.temp' is opened by 44249@MacBook-Air-de-Benat.local

[2025-03-29 18:42:45 #2 type.registry] 
New type domain.User

[2025-03-29 18:42:45 #3 type.registry] 
New type domain.Driver

[2025-03-29 18:42:45 #4 type] 
Type domain.User is not enhanced.

[2025-03-29 18:42:45 #5 type.registry] 
New type domain.Ride

[2025-03-29 18:42:45 #6 type.registry] 
New type domain.Mugimenduak

[2025-03-29 18:42:45 #7 type] 
Type domain.Driver is not enhanced.

[2025-03-29 18:42:45 #8 type.registry] 
New type domain.Car

[2025-03-29 18:42:45 #9 type.registry] 
New type java.util.ArrayList<domain.Car>

[2025-03-29 18:42:45 #10 type.registry] 
New type java.util.ArrayList<domain.Ride>

[2025-03-29 18:42:45 #11 type] 
Type domain.Ride is not enhanced.

[2025-03-29 18:42:45 #12 type.registry] 
New type domain.Book

[2025-03-29 18:42:45 #13 type.registry] 
New type java.util.ArrayList<domain.Book>

[2025-03-29 18:42:45 #14 type] 
Type domain.Mugimenduak is not enhanced.

[2025-03-29 18:42:45 #15 type] 
Type domain.Car is not enhanced.

[2025-03-29 18:42:45 #16 type] 
Type domain.Book is not enhanced.

[2025-03-29 18:42:45 #17 type.registry] 
New type domain.Traveler

[2025-03-29 18:42:45 #18 type] 
Type domain.Traveler is not enhanced.

[2025-03-29 18:42:45 #19 type.registry] 
New type java.util.Vector<java.lang.Object>

[2025-03-29 18:42:45 #20 type.registry] 
New type java.util.Vector<domain.Ride>

[2025-03-29 18:42:45 #21 type.registry] 
New type java.util.ArrayList<java.lang.Object>

------------------------------------------------------------------------------------------------------------------------

[2025-03-29 18:51:23 #1 store] 
Database '/Users/arruti/eclipse-workspace/Rides_24.zip_expanded/Rides24-5/src/main/resources/rides.temp' is opened by 44374@MacBook-Air-de-Benat.local

[2025-03-29 18:51:24 #2 type.registry] 
New type domain.User

[2025-03-29 18:51:24 #3 type.registry] 
New type domain.Driver

[2025-03-29 18:51:24 #4 type] 
Type domain.User is not enhanced.

[2025-03-29 18:51:24 #5 type.registry] 
New type domain.Ride

[2025-03-29 18:51:24 #6 type.registry] 
New type domain.Mugimenduak

[2025-03-29 18:51:24 #7 type] 
Type domain.Driver is not enhanced.

[2025-03-29 18:51:24 #8 type.registry] 
New type domain.Car

[2025-03-29 18:51:24 #9 type.registry] 
New type java.util.ArrayList<domain.Car>

[2025-03-29 18:51:24 #10 type.registry] 
New type java.util.ArrayList<domain.Ride>

[2025-03-29 18:51:24 #11 type] 
Type domain.Ride is not enhanced.

[2025-03-29 18:51:24 #12 type.registry] 
New type domain.Book

[2025-03-29 18:51:24 #13 type.registry] 
New type java.util.ArrayList<domain.Book>

[2025-03-29 18:51:24 #14 type] 
Type domain.Mugimenduak is not enhanced.

[2025-03-29 18:51:24 #15 type] 
Type domain.Car is not enhanced.

[2025-03-29 18:51:24 #16 type] 
Type domain.Book is not enhanced.

[2025-03-29 18:51:24 #17 type.registry] 
New type domain.Traveler

[2025-03-29 18:51:24 #18 type] 
Type domain.Traveler is not enhanced.

[2025-03-29 18:51:24 #19 type.registry] 
New type java.util.Vector<java.lang.Object>

[2025-03-29 18:51:24 #20 type.registry] 
New type java.util.Vector<domain.Ride>

[2025-03-29 18:51:24 #21 type.registry] 
New type java.util.ArrayList<java.lang.Object>

------------------------------------------------------------------------------------------------------------------------

[2025-03-29 18:54:17 #1 store] 
Database '/Users/arruti/eclipse-workspace/Rides_24.zip_expanded/Rides24-5/src/main/resources/rides.temp' is opened by 44429@MacBook-Air-de-Benat.local

[2025-03-29 18:54:17 #2 type.registry] 
New type domain.User

[2025-03-29 18:54:17 #3 type.registry] 
New type domain.Driver

[2025-03-29 18:54:17 #4 type] 
Type domain.User is not enhanced.

[2025-03-29 18:54:17 #5 type.registry] 
New type domain.Ride

[2025-03-29 18:54:17 #6 type.registry] 
New type domain.Mugimenduak

[2025-03-29 18:54:17 #7 type] 
Type domain.Driver is not enhanced.

[2025-03-29 18:54:17 #8 type.registry] 
New type domain.Car

[2025-03-29 18:54:17 #9 type.registry] 
New type java.util.ArrayList<domain.Car>

[2025-03-29 18:54:17 #10 type.registry] 
New type java.util.ArrayList<domain.Ride>

[2025-03-29 18:54:17 #11 type] 
Type domain.Ride is not enhanced.

[2025-03-29 18:54:17 #12 type.registry] 
New type domain.Book

[2025-03-29 18:54:17 #13 type.registry] 
New type java.util.ArrayList<domain.Book>

[2025-03-29 18:54:17 #14 type] 
Type domain.Mugimenduak is not enhanced.

[2025-03-29 18:54:17 #15 type] 
Type domain.Car is not enhanced.

[2025-03-29 18:54:17 #16 type] 
Type domain.Book is not enhanced.

[2025-03-29 18:54:17 #17 type.registry] 
New type domain.Traveler

[2025-03-29 18:54:17 #18 type] 
Type domain.Traveler is not enhanced.

[2025-03-29 18:54:17 #19 type.registry] 
New type java.util.Vector<java.lang.Object>

[2025-03-29 18:54:17 #20 type.registry] 
New type java.util.Vector<domain.Ride>

[2025-03-29 18:54:17 #21 type.registry] 
New type java.util.ArrayList<java.lang.Object>

------------------------------------------------------------------------------------------------------------------------

[2025-03-29 18:56:23 #1 store] 
Database '/Users/arruti/eclipse-workspace/Rides_24.zip_expanded/Rides24-5/src/main/resources/rides.temp' is opened by 44458@MacBook-Air-de-Benat.local

[2025-03-29 18:56:23 #2 type.registry] 
New type domain.User

[2025-03-29 18:56:23 #3 type.registry] 
New type domain.Driver

[2025-03-29 18:56:23 #4 type] 
Type domain.User is not enhanced.

[2025-03-29 18:56:23 #5 type.registry] 
New type domain.Ride

[2025-03-29 18:56:23 #6 type.registry] 
New type domain.Mugimenduak

[2025-03-29 18:56:23 #7 type] 
Type domain.Driver is not enhanced.

[2025-03-29 18:56:23 #8 type.registry] 
New type domain.Car

[2025-03-29 18:56:23 #9 type.registry] 
New type java.util.ArrayList<domain.Car>

[2025-03-29 18:56:23 #10 type.registry] 
New type java.util.ArrayList<domain.Ride>

[2025-03-29 18:56:23 #11 type] 
Type domain.Ride is not enhanced.

[2025-03-29 18:56:23 #12 type.registry] 
New type domain.Book

[2025-03-29 18:56:23 #13 type.registry] 
New type java.util.ArrayList<domain.Book>

[2025-03-29 18:56:23 #14 type] 
Type domain.Mugimenduak is not enhanced.

[2025-03-29 18:56:23 #15 type] 
Type domain.Car is not enhanced.

[2025-03-29 18:56:23 #16 type] 
Type domain.Book is not enhanced.

[2025-03-29 18:56:23 #17 type.registry] 
New type domain.Traveler

[2025-03-29 18:56:23 #18 type] 
Type domain.Traveler is not enhanced.

[2025-03-29 18:56:23 #19 type.registry] 
New type java.util.Vector<java.lang.Object>

[2025-03-29 18:56:23 #20 type.registry] 
New type java.util.Vector<domain.Ride>

[2025-03-29 18:56:23 #21 type.registry] 
New type java.util.ArrayList<java.lang.Object>

------------------------------------------------------------------------------------------------------------------------

[2025-03-29 19:12:10 #1 store] 
Database '/Users/arruti/eclipse-workspace/Rides_24.zip_expanded/Rides24-5/src/main/resources/rides.temp' is opened by 44705@MacBook-Air-de-Benat.local

------------------------------------------------------------------------------------------------------------------------

[2025-03-29 19:12:54 #1 store] 
Database '/Users/arruti/eclipse-workspace/Rides_24.zip_expanded/Rides24-5/src/main/resources/rides.temp' is opened by 44713@MacBook-Air-de-Benat.local

------------------------------------------------------------------------------------------------------------------------

[2025-03-29 19:14:08 #1 store] 
Database '/Users/arruti/eclipse-workspace/Rides_24.zip_expanded/Rides24-5/src/main/resources/rides.temp' is opened by 44731@MacBook-Air-de-Benat.local

[2025-03-29 19:14:08 #2 type.registry] 
New type domain.User

[2025-03-29 19:14:08 #3 type.registry] 
New type domain.Driver

[2025-03-29 19:14:08 #4 type] 
Type domain.User is not enhanced.

[2025-03-29 19:14:08 #5 type.registry] 
New type domain.Ride

[2025-03-29 19:14:08 #6 type.registry] 
New type domain.Mugimenduak

[2025-03-29 19:14:08 #7 type] 
Type domain.Driver is not enhanced.

[2025-03-29 19:14:08 #8 type.registry] 
New type domain.Car

[2025-03-29 19:14:08 #9 type.registry] 
New type java.util.ArrayList<domain.Car>

[2025-03-29 19:14:08 #10 type.registry] 
New type java.util.ArrayList<domain.Ride>

[2025-03-29 19:14:08 #11 type] 
Type domain.Ride is not enhanced.

[2025-03-29 19:14:08 #12 type.registry] 
New type domain.Book

[2025-03-29 19:14:08 #13 type.registry] 
New type java.util.ArrayList<domain.Book>

[2025-03-29 19:14:08 #14 type] 
Type domain.Mugimenduak is not enhanced.

[2025-03-29 19:14:08 #15 type] 
Type domain.Car is not enhanced.

[2025-03-29 19:14:08 #16 type] 
Type domain.Book is not enhanced.

[2025-03-29 19:14:08 #17 type.registry] 
New type domain.Traveler

[2025-03-29 19:14:08 #18 type] 
Type domain.Traveler is not enhanced.

[2025-03-29 19:14:08 #19 type.registry] 
New type java.util.Vector<java.lang.Object>

[2025-03-29 19:14:08 #20 type.registry] 
New type java.util.Vector<domain.Ride>

[2025-03-29 19:14:08 #21 type.registry] 
New type java.util.ArrayList<java.lang.Object>

------------------------------------------------------------------------------------------------------------------------

[2025-03-29 19:16:25 #1 store] 
Database '/Users/arruti/eclipse-workspace/Rides_24.zip_expanded/Rides24-5/src/main/resources/rides.temp' is opened by 44760@MacBook-Air-de-Benat.local

[2025-03-29 19:16:25 #2 type.registry] 
New type domain.User

[2025-03-29 19:16:25 #3 type.registry] 
New type domain.Driver

[2025-03-29 19:16:25 #4 type] 
Type domain.User is not enhanced.

[2025-03-29 19:16:25 #5 type.registry] 
New type domain.Ride

[2025-03-29 19:16:25 #6 type.registry] 
New type domain.Mugimenduak

[2025-03-29 19:16:25 #7 type] 
Type domain.Driver is not enhanced.

[2025-03-29 19:16:25 #8 type.registry] 
New type domain.Car

[2025-03-29 19:16:25 #9 type.registry] 
New type java.util.ArrayList<domain.Car>

[2025-03-29 19:16:25 #10 type.registry] 
New type java.util.ArrayList<domain.Ride>

[2025-03-29 19:16:25 #11 type] 
Type domain.Ride is not enhanced.

[2025-03-29 19:16:25 #12 type.registry] 
New type domain.Book

[2025-03-29 19:16:25 #13 type.registry] 
New type java.util.ArrayList<domain.Book>

[2025-03-29 19:16:25 #14 type] 
Type domain.Mugimenduak is not enhanced.

[2025-03-29 19:16:25 #15 type] 
Type domain.Car is not enhanced.

[2025-03-29 19:16:25 #16 type] 
Type domain.Book is not enhanced.

[2025-03-29 19:16:25 #17 type.registry] 
New type domain.Traveler

[2025-03-29 19:16:25 #18 type] 
Type domain.Traveler is not enhanced.

[2025-03-29 19:16:25 #19 type.registry] 
New type java.util.Vector<java.lang.Object>

[2025-03-29 19:16:25 #20 type.registry] 
New type java.util.Vector<domain.Ride>

[2025-03-29 19:16:25 #21 type.registry] 
New type java.util.ArrayList<java.lang.Object>

------------------------------------------------------------------------------------------------------------------------

[2025-03-29 19:25:25 #1 store] 
Database '/Users/arruti/eclipse-workspace/Rides_24.zip_expanded/Rides24-5/src/main/resources/rides.temp' is opened by 44902@MacBook-Air-de-Benat.local

[2025-03-29 19:25:25 #2 type.registry] 
New type domain.User

[2025-03-29 19:25:25 #3 type.registry] 
New type domain.Driver

[2025-03-29 19:25:25 #4 type] 
Type domain.User is not enhanced.

[2025-03-29 19:25:25 #5 type.registry] 
New type domain.Ride

[2025-03-29 19:25:25 #6 type.registry] 
New type domain.Mugimenduak

[2025-03-29 19:25:25 #7 type] 
Type domain.Driver is not enhanced.

[2025-03-29 19:25:25 #8 type.registry] 
New type domain.Car

[2025-03-29 19:25:25 #9 type.registry] 
New type java.util.ArrayList<domain.Car>

[2025-03-29 19:25:25 #10 type.registry] 
New type java.util.ArrayList<domain.Ride>

[2025-03-29 19:25:25 #11 type] 
Type domain.Ride is not enhanced.

[2025-03-29 19:25:25 #12 type.registry] 
New type domain.Book

[2025-03-29 19:25:25 #13 type.registry] 
New type java.util.ArrayList<domain.Book>

[2025-03-29 19:25:25 #14 type] 
Type domain.Mugimenduak is not enhanced.

[2025-03-29 19:25:25 #15 type] 
Type domain.Car is not enhanced.

[2025-03-29 19:25:25 #16 type] 
Type domain.Book is not enhanced.

[2025-03-29 19:25:25 #17 type.registry] 
New type domain.Traveler

[2025-03-29 19:25:25 #18 type] 
Type domain.Traveler is not enhanced.

[2025-03-29 19:25:25 #19 type.registry] 
New type java.util.Vector<java.lang.Object>

[2025-03-29 19:25:25 #20 type.registry] 
New type java.util.Vector<domain.Ride>

[2025-03-29 19:25:25 #21 type.registry] 
New type java.util.ArrayList<java.lang.Object>

------------------------------------------------------------------------------------------------------------------------

[2025-03-29 19:26:58 #1 store] 
Database '/Users/arruti/eclipse-workspace/Rides_24.zip_expanded/Rides24-5/src/main/resources/rides.temp' is opened by 44925@MacBook-Air-de-Benat.local

[2025-03-29 19:26:58 #2 type.registry] 
New type domain.User

[2025-03-29 19:26:58 #3 type.registry] 
New type domain.Driver

[2025-03-29 19:26:58 #4 type] 
Type domain.User is not enhanced.

[2025-03-29 19:26:58 #5 type.registry] 
New type domain.Ride

[2025-03-29 19:26:58 #6 type.registry] 
New type domain.Mugimenduak

[2025-03-29 19:26:58 #7 type] 
Type domain.Driver is not enhanced.

[2025-03-29 19:26:58 #8 type.registry] 
New type domain.Car

[2025-03-29 19:26:58 #9 type.registry] 
New type java.util.ArrayList<domain.Car>

[2025-03-29 19:26:58 #10 type.registry] 
New type java.util.ArrayList<domain.Ride>

[2025-03-29 19:26:58 #11 type] 
Type domain.Ride is not enhanced.

[2025-03-29 19:26:58 #12 type.registry] 
New type domain.Book

[2025-03-29 19:26:58 #13 type.registry] 
New type java.util.ArrayList<domain.Book>

[2025-03-29 19:26:58 #14 type] 
Type domain.Mugimenduak is not enhanced.

[2025-03-29 19:26:58 #15 type] 
Type domain.Car is not enhanced.

[2025-03-29 19:26:58 #16 type] 
Type domain.Book is not enhanced.

[2025-03-29 19:26:58 #17 type.registry] 
New type domain.Traveler

[2025-03-29 19:26:58 #18 type] 
Type domain.Traveler is not enhanced.

[2025-03-29 19:26:58 #19 type.registry] 
New type java.util.Vector<java.lang.Object>

[2025-03-29 19:26:58 #20 type.registry] 
New type java.util.Vector<domain.Ride>

[2025-03-29 19:26:58 #21 type.registry] 
New type java.util.ArrayList<java.lang.Object>

------------------------------------------------------------------------------------------------------------------------

[2025-03-29 19:29:54 #1 store] 
Database '/Users/arruti/eclipse-workspace/Rides_24.zip_expanded/Rides24-5/src/main/resources/rides.temp' is opened by 44971@MacBook-Air-de-Benat.local

[2025-03-29 19:29:55 #2 type.registry] 
New type domain.User

[2025-03-29 19:29:55 #3 type.registry] 
New type domain.Driver

[2025-03-29 19:29:55 #4 type] 
Type domain.User is not enhanced.

[2025-03-29 19:29:55 #5 type.registry] 
New type domain.Ride

[2025-03-29 19:29:55 #6 type.registry] 
New type domain.Mugimenduak

[2025-03-29 19:29:55 #7 type] 
Type domain.Driver is not enhanced.

[2025-03-29 19:29:55 #8 type.registry] 
New type domain.Car

[2025-03-29 19:29:55 #9 type.registry] 
New type java.util.ArrayList<domain.Car>

[2025-03-29 19:29:55 #10 type.registry] 
New type java.util.ArrayList<domain.Ride>

[2025-03-29 19:29:55 #11 type] 
Type domain.Ride is not enhanced.

[2025-03-29 19:29:55 #12 type.registry] 
New type domain.Book

[2025-03-29 19:29:55 #13 type.registry] 
New type java.util.ArrayList<domain.Book>

[2025-03-29 19:29:55 #14 type] 
Type domain.Mugimenduak is not enhanced.

[2025-03-29 19:29:55 #15 type] 
Type domain.Car is not enhanced.

[2025-03-29 19:29:55 #16 type] 
Type domain.Book is not enhanced.

[2025-03-29 19:29:55 #17 type.registry] 
New type domain.Traveler

[2025-03-29 19:29:55 #18 type] 
Type domain.Traveler is not enhanced.

[2025-03-29 19:29:55 #19 type.registry] 
New type java.util.Vector<java.lang.Object>

[2025-03-29 19:29:55 #20 type.registry] 
New type java.util.Vector<domain.Ride>

[2025-03-29 19:29:55 #21 type.registry] 
New type java.util.ArrayList<java.lang.Object>

------------------------------------------------------------------------------------------------------------------------

[2025-03-29 19:32:36 #1 store] 
Database '/Users/arruti/eclipse-workspace/Rides_24.zip_expanded/Rides24-5/src/main/resources/rides.temp' is opened by 45008@MacBook-Air-de-Benat.local

[2025-03-29 19:32:36 #2 type.registry] 
New type domain.User

[2025-03-29 19:32:36 #3 type.registry] 
New type domain.Driver

[2025-03-29 19:32:36 #4 type] 
Type domain.User is not enhanced.

[2025-03-29 19:32:36 #5 type.registry] 
New type domain.Ride

[2025-03-29 19:32:36 #6 type.registry] 
New type domain.Mugimenduak

[2025-03-29 19:32:36 #7 type] 
Type domain.Driver is not enhanced.

[2025-03-29 19:32:36 #8 type.registry] 
New type domain.Car

[2025-03-29 19:32:36 #9 type.registry] 
New type java.util.ArrayList<domain.Car>

[2025-03-29 19:32:36 #10 type.registry] 
New type java.util.ArrayList<domain.Ride>

[2025-03-29 19:32:36 #11 type] 
Type domain.Ride is not enhanced.

[2025-03-29 19:32:36 #12 type.registry] 
New type domain.Book

[2025-03-29 19:32:36 #13 type.registry] 
New type java.util.ArrayList<domain.Book>

[2025-03-29 19:32:36 #14 type] 
Type domain.Mugimenduak is not enhanced.

[2025-03-29 19:32:36 #15 type] 
Type domain.Car is not enhanced.

[2025-03-29 19:32:36 #16 type] 
Type domain.Book is not enhanced.

[2025-03-29 19:32:36 #17 type.registry] 
New type domain.Traveler

[2025-03-29 19:32:36 #18 type] 
Type domain.Traveler is not enhanced.

[2025-03-29 19:32:36 #19 type.registry] 
New type java.util.Vector<java.lang.Object>

[2025-03-29 19:32:36 #20 type.registry] 
New type java.util.Vector<domain.Ride>

[2025-03-29 19:32:36 #21 type.registry] 
New type java.util.ArrayList<java.lang.Object>

------------------------------------------------------------------------------------------------------------------------

[2025-03-29 19:51:52 #1 store] 
Database '/Users/arruti/eclipse-workspace/Rides_24.zip_expanded/Rides24-5/src/main/resources/rides.temp' is opened by 45330@MacBook-Air-de-Benat.local

[2025-03-29 19:51:52 #2 type.registry] 
New type domain.User

[2025-03-29 19:51:52 #3 type.registry] 
New type domain.Driver

[2025-03-29 19:51:52 #4 type] 
Type domain.User is not enhanced.

[2025-03-29 19:51:52 #5 type.registry] 
New type domain.Ride

[2025-03-29 19:51:52 #6 type.registry] 
New type domain.Mugimenduak

[2025-03-29 19:51:52 #7 type] 
Type domain.Driver is not enhanced.

[2025-03-29 19:51:52 #8 type.registry] 
New type domain.Car

[2025-03-29 19:51:52 #9 type.registry] 
New type java.util.ArrayList<domain.Car>

[2025-03-29 19:51:52 #10 type.registry] 
New type java.util.ArrayList<domain.Ride>

[2025-03-29 19:51:52 #11 type] 
Type domain.Ride is not enhanced.

[2025-03-29 19:51:52 #12 type.registry] 
New type domain.Book

[2025-03-29 19:51:52 #13 type.registry] 
New type java.util.ArrayList<domain.Book>

[2025-03-29 19:51:52 #14 type] 
Type domain.Mugimenduak is not enhanced.

[2025-03-29 19:51:52 #15 type] 
Type domain.Car is not enhanced.

[2025-03-29 19:51:52 #16 type] 
Type domain.Book is not enhanced.

[2025-03-29 19:51:52 #17 type.registry] 
New type domain.Traveler

[2025-03-29 19:51:52 #18 type] 
Type domain.Traveler is not enhanced.

[2025-03-29 19:51:52 #19 type.registry] 
New type java.util.Vector<java.lang.Object>

[2025-03-29 19:51:52 #20 type.registry] 
New type java.util.Vector<domain.Ride>

[2025-03-29 19:51:52 #21 type.registry] 
New type java.util.ArrayList<java.lang.Object>

------------------------------------------------------------------------------------------------------------------------

[2025-03-29 19:55:53 #1 store] 
Database '/Users/arruti/eclipse-workspace/Rides_24.zip_expanded/Rides24-5/src/main/resources/rides.temp' is opened by 45384@MacBook-Air-de-Benat.local

[2025-03-29 19:55:53 #2 type.registry] 
New type domain.User

[2025-03-29 19:55:53 #3 type.registry] 
New type domain.Driver

[2025-03-29 19:55:53 #4 type] 
Type domain.User is not enhanced.

[2025-03-29 19:55:53 #5 type.registry] 
New type domain.Ride

[2025-03-29 19:55:53 #6 type.registry] 
New type domain.Mugimenduak

[2025-03-29 19:55:53 #7 type] 
Type domain.Driver is not enhanced.

[2025-03-29 19:55:53 #8 type.registry] 
New type domain.Car

[2025-03-29 19:55:53 #9 type.registry] 
New type java.util.ArrayList<domain.Car>

[2025-03-29 19:55:53 #10 type.registry] 
New type java.util.ArrayList<domain.Ride>

[2025-03-29 19:55:53 #11 type] 
Type domain.Ride is not enhanced.

[2025-03-29 19:55:53 #12 type.registry] 
New type domain.Book

[2025-03-29 19:55:53 #13 type.registry] 
New type java.util.ArrayList<domain.Book>

[2025-03-29 19:55:53 #14 type] 
Type domain.Mugimenduak is not enhanced.

[2025-03-29 19:55:53 #15 type] 
Type domain.Car is not enhanced.

[2025-03-29 19:55:53 #16 type] 
Type domain.Book is not enhanced.

[2025-03-29 19:55:53 #17 type.registry] 
New type domain.Traveler

[2025-03-29 19:55:53 #18 type] 
Type domain.Traveler is not enhanced.

[2025-03-29 19:55:53 #19 type.registry] 
New type java.util.Vector<java.lang.Object>

[2025-03-29 19:55:53 #20 type.registry] 
New type java.util.Vector<domain.Ride>

[2025-03-29 19:55:53 #21 type.registry] 
New type java.util.ArrayList<java.lang.Object>

------------------------------------------------------------------------------------------------------------------------

[2025-03-29 19:58:44 #1 store] 
Database '/Users/arruti/eclipse-workspace/Rides_24.zip_expanded/Rides24-5/src/main/resources/rides.temp' is opened by 45421@MacBook-Air-de-Benat.local

[2025-03-29 19:58:44 #2 type.registry] 
New type domain.User

[2025-03-29 19:58:44 #3 type.registry] 
New type domain.Driver

[2025-03-29 19:58:44 #4 type] 
Type domain.User is not enhanced.

[2025-03-29 19:58:44 #5 type.registry] 
New type domain.Ride

[2025-03-29 19:58:44 #6 type.registry] 
New type domain.Mugimenduak

[2025-03-29 19:58:44 #7 type] 
Type domain.Driver is not enhanced.

[2025-03-29 19:58:44 #8 type.registry] 
New type domain.Car

[2025-03-29 19:58:44 #9 type.registry] 
New type java.util.ArrayList<domain.Car>

[2025-03-29 19:58:44 #10 type.registry] 
New type java.util.ArrayList<domain.Ride>

[2025-03-29 19:58:44 #11 type] 
Type domain.Ride is not enhanced.

[2025-03-29 19:58:44 #12 type.registry] 
New type domain.Book

[2025-03-29 19:58:44 #13 type.registry] 
New type java.util.ArrayList<domain.Book>

[2025-03-29 19:58:44 #14 type] 
Type domain.Mugimenduak is not enhanced.

[2025-03-29 19:58:44 #15 type] 
Type domain.Car is not enhanced.

[2025-03-29 19:58:44 #16 type] 
Type domain.Book is not enhanced.

[2025-03-29 19:58:44 #17 type.registry] 
New type domain.Traveler

[2025-03-29 19:58:44 #18 type] 
Type domain.Traveler is not enhanced.

[2025-03-29 19:58:44 #19 type.registry] 
New type java.util.Vector<java.lang.Object>

[2025-03-29 19:58:44 #20 type.registry] 
New type java.util.Vector<domain.Ride>

[2025-03-29 19:58:44 #21 type.registry] 
New type java.util.ArrayList<java.lang.Object>

------------------------------------------------------------------------------------------------------------------------

[2025-03-29 20:15:44 #1 store] 
Database '/home/aguachufrei/Workspaces/eclipse-workspace/Rides24/src/main/resources/rides.temp' is opened by 33885@archlinux

[2025-03-29 20:15:44 #2 type.registry] 
New type domain.User

[2025-03-29 20:15:44 #3 type.registry] 
New type domain.Driver

[2025-03-29 20:15:44 #4 type] 
Type domain.User is not enhanced.

[2025-03-29 20:15:44 #5 type.registry] 
New type domain.Ride

[2025-03-29 20:15:44 #6 type.registry] 
New type domain.Mugimenduak

[2025-03-29 20:15:44 #7 type] 
Type domain.Driver is not enhanced.

[2025-03-29 20:15:44 #8 type.registry] 
New type domain.Car

[2025-03-29 20:15:44 #9 type.registry] 
New type java.util.ArrayList<domain.Car>

[2025-03-29 20:15:44 #10 type.registry] 
New type java.util.ArrayList<domain.Ride>

[2025-03-29 20:15:44 #11 type] 
Type domain.Ride is not enhanced.

[2025-03-29 20:15:44 #12 type.registry] 
New type domain.Book

[2025-03-29 20:15:44 #13 type.registry] 
New type java.util.ArrayList<domain.Book>

[2025-03-29 20:15:44 #14 type] 
Type domain.Mugimenduak is not enhanced.

[2025-03-29 20:15:44 #15 type] 
Type domain.Car is not enhanced.

[2025-03-29 20:15:44 #16 type] 
Type domain.Book is not enhanced.

[2025-03-29 20:15:44 #17 type.registry] 
New type domain.Traveler

[2025-03-29 20:15:44 #18 type] 
Type domain.Traveler is not enhanced.

[2025-03-29 20:15:44 #19 type.registry] 
New type java.util.Vector<java.lang.Object>

[2025-03-29 20:15:44 #20 type.registry] 
New type java.util.Vector<domain.Ride>

[2025-03-29 20:15:44 #21 type.registry] 
New type java.util.ArrayList<java.lang.Object>

------------------------------------------------------------------------------------------------------------------------

[2025-03-29 20:19:37 #1 store] 
Database '/home/aguachufrei/Workspaces/eclipse-workspace/Rides24/src/main/resources/rides.temp' is opened by 34362@archlinux

[2025-03-29 20:19:37 #2 type.registry] 
New type domain.User

[2025-03-29 20:19:37 #3 type.registry] 
New type domain.Driver

[2025-03-29 20:19:37 #4 type] 
Type domain.User is not enhanced.

[2025-03-29 20:19:37 #5 type.registry] 
New type domain.Ride

[2025-03-29 20:19:37 #6 type.registry] 
New type domain.Mugimenduak

[2025-03-29 20:19:37 #7 type] 
Type domain.Driver is not enhanced.

[2025-03-29 20:19:37 #8 type.registry] 
New type domain.Car

[2025-03-29 20:19:37 #9 type.registry] 
New type java.util.ArrayList<domain.Car>

[2025-03-29 20:19:37 #10 type.registry] 
New type java.util.ArrayList<domain.Ride>

[2025-03-29 20:19:37 #11 type] 
Type domain.Ride is not enhanced.

[2025-03-29 20:19:37 #12 type.registry] 
New type domain.Book

[2025-03-29 20:19:37 #13 type.registry] 
New type java.util.ArrayList<domain.Book>

[2025-03-29 20:19:37 #14 type] 
Type domain.Mugimenduak is not enhanced.

[2025-03-29 20:19:37 #15 type] 
Type domain.Car is not enhanced.

[2025-03-29 20:19:37 #16 type] 
Type domain.Book is not enhanced.

[2025-03-29 20:19:37 #17 type.registry] 
New type domain.Traveler

[2025-03-29 20:19:37 #18 type] 
Type domain.Traveler is not enhanced.

[2025-03-29 20:19:37 #19 type.registry] 
New type java.util.Vector<java.lang.Object>

[2025-03-29 20:19:37 #20 type.registry] 
New type java.util.Vector<domain.Ride>

[2025-03-29 20:19:37 #21 type.registry] 
New type java.util.ArrayList<java.lang.Object>

------------------------------------------------------------------------------------------------------------------------

[2025-03-29 20:20:21 #1 store] 
Database '/home/aguachufrei/Workspaces/eclipse-workspace/Rides24/src/main/resources/rides.temp' is opened by 34475@archlinux

[2025-03-29 20:20:21 #2 type.registry] 
New type domain.User

[2025-03-29 20:20:21 #3 type.registry] 
New type domain.Driver

[2025-03-29 20:20:21 #4 type] 
Type domain.User is not enhanced.

[2025-03-29 20:20:21 #5 type.registry] 
New type domain.Ride

[2025-03-29 20:20:21 #6 type.registry] 
New type domain.Mugimenduak

[2025-03-29 20:20:21 #7 type] 
Type domain.Driver is not enhanced.

[2025-03-29 20:20:21 #8 type.registry] 
New type domain.Car

[2025-03-29 20:20:22 #9 type.registry] 
New type java.util.ArrayList<domain.Car>

[2025-03-29 20:20:22 #10 type.registry] 
New type java.util.ArrayList<domain.Ride>

[2025-03-29 20:20:22 #11 type] 
Type domain.Ride is not enhanced.

[2025-03-29 20:20:22 #12 type.registry] 
New type domain.Book

[2025-03-29 20:20:22 #13 type.registry] 
New type java.util.ArrayList<domain.Book>

[2025-03-29 20:20:22 #14 type] 
Type domain.Mugimenduak is not enhanced.

[2025-03-29 20:20:22 #15 type] 
Type domain.Car is not enhanced.

[2025-03-29 20:20:22 #16 type] 
Type domain.Book is not enhanced.

[2025-03-29 20:20:22 #17 type.registry] 
New type domain.Traveler

[2025-03-29 20:20:22 #18 type] 
Type domain.Traveler is not enhanced.

[2025-03-29 20:20:22 #19 type.registry] 
New type java.util.Vector<java.lang.Object>

[2025-03-29 20:20:22 #20 type.registry] 
New type java.util.Vector<domain.Ride>

[2025-03-29 20:20:22 #21 type.registry] 
New type java.util.ArrayList<java.lang.Object>

------------------------------------------------------------------------------------------------------------------------

[2025-03-29 20:28:31 #1 store] 
Database '/home/aguachufrei/Workspaces/eclipse-workspace/Rides24/src/main/resources/rides.temp' is opened by 35950@archlinux

[2025-03-29 20:28:32 #2 type.registry] 
New type domain.User

[2025-03-29 20:28:32 #3 type.registry] 
New type domain.Driver

[2025-03-29 20:28:32 #4 type] 
Type domain.User is not enhanced.

[2025-03-29 20:28:32 #5 type.registry] 
New type domain.Ride

[2025-03-29 20:28:32 #6 type.registry] 
New type domain.Mugimenduak

[2025-03-29 20:28:32 #7 type] 
Type domain.Driver is not enhanced.

[2025-03-29 20:28:32 #8 type.registry] 
New type domain.Car

[2025-03-29 20:28:32 #9 type.registry] 
New type java.util.ArrayList<domain.Car>

[2025-03-29 20:28:32 #10 type.registry] 
New type java.util.ArrayList<domain.Ride>

[2025-03-29 20:28:32 #11 type] 
Type domain.Ride is not enhanced.

[2025-03-29 20:28:32 #12 type.registry] 
New type domain.Book

[2025-03-29 20:28:32 #13 type.registry] 
New type java.util.ArrayList<domain.Book>

[2025-03-29 20:28:32 #14 type] 
Type domain.Mugimenduak is not enhanced.

[2025-03-29 20:28:32 #15 type] 
Type domain.Car is not enhanced.

[2025-03-29 20:28:32 #16 type] 
Type domain.Book is not enhanced.

[2025-03-29 20:28:32 #17 type.registry] 
New type domain.Traveler

[2025-03-29 20:28:32 #18 type] 
Type domain.Traveler is not enhanced.

[2025-03-29 20:28:32 #19 type.registry] 
New type java.util.Vector<java.lang.Object>

[2025-03-29 20:28:32 #20 type.registry] 
New type java.util.Vector<domain.Ride>

[2025-03-29 20:28:32 #21 type.registry] 
New type java.util.ArrayList<java.lang.Object>

------------------------------------------------------------------------------------------------------------------------

[2025-03-29 20:30:44 #1 store] 
Database '/home/aguachufrei/Workspaces/eclipse-workspace/Rides24/src/main/resources/rides.temp' is opened by 36386@archlinux

[2025-03-29 20:30:44 #2 type.registry] 
New type domain.User

[2025-03-29 20:30:44 #3 type.registry] 
New type domain.Driver

[2025-03-29 20:30:44 #4 type] 
Type domain.User is not enhanced.

[2025-03-29 20:30:44 #5 type.registry] 
New type domain.Ride

[2025-03-29 20:30:44 #6 type.registry] 
New type domain.Mugimenduak

[2025-03-29 20:30:44 #7 type] 
Type domain.Driver is not enhanced.

[2025-03-29 20:30:44 #8 type.registry] 
New type domain.Car

[2025-03-29 20:30:44 #9 type.registry] 
New type java.util.ArrayList<domain.Car>

[2025-03-29 20:30:44 #10 type.registry] 
New type java.util.ArrayList<domain.Ride>

[2025-03-29 20:30:44 #11 type] 
Type domain.Ride is not enhanced.

[2025-03-29 20:30:44 #12 type.registry] 
New type domain.Book

[2025-03-29 20:30:44 #13 type.registry] 
New type java.util.ArrayList<domain.Book>

[2025-03-29 20:30:44 #14 type] 
Type domain.Mugimenduak is not enhanced.

[2025-03-29 20:30:44 #15 type] 
Type domain.Car is not enhanced.

[2025-03-29 20:30:44 #16 type] 
Type domain.Book is not enhanced.

[2025-03-29 20:30:44 #17 type.registry] 
New type domain.Traveler

[2025-03-29 20:30:44 #18 type] 
Type domain.Traveler is not enhanced.

[2025-03-29 20:30:44 #19 type.registry] 
New type java.util.Vector<java.lang.Object>

[2025-03-29 20:30:44 #20 type.registry] 
New type java.util.Vector<domain.Ride>

[2025-03-29 20:30:44 #21 type.registry] 
New type java.util.ArrayList<java.lang.Object>

------------------------------------------------------------------------------------------------------------------------

[2025-03-29 20:31:09 #1 store] 
Database '/home/aguachufrei/Workspaces/eclipse-workspace/Rides24/src/main/resources/rides.temp' is opened by 36443@archlinux

[2025-03-29 20:31:09 #2 type.registry] 
New type domain.User

[2025-03-29 20:31:09 #3 type.registry] 
New type domain.Driver

[2025-03-29 20:31:09 #4 type] 
Type domain.User is not enhanced.

[2025-03-29 20:31:09 #5 type.registry] 
New type domain.Ride

[2025-03-29 20:31:09 #6 type.registry] 
New type domain.Mugimenduak

[2025-03-29 20:31:09 #7 type] 
Type domain.Driver is not enhanced.

[2025-03-29 20:31:09 #8 type.registry] 
New type domain.Car

[2025-03-29 20:31:09 #9 type.registry] 
New type java.util.ArrayList<domain.Car>

[2025-03-29 20:31:09 #10 type.registry] 
New type java.util.ArrayList<domain.Ride>

[2025-03-29 20:31:09 #11 type] 
Type domain.Ride is not enhanced.

[2025-03-29 20:31:09 #12 type.registry] 
New type domain.Book

[2025-03-29 20:31:09 #13 type.registry] 
New type java.util.ArrayList<domain.Book>

[2025-03-29 20:31:09 #14 type] 
Type domain.Mugimenduak is not enhanced.

[2025-03-29 20:31:09 #15 type] 
Type domain.Car is not enhanced.

[2025-03-29 20:31:09 #16 type] 
Type domain.Book is not enhanced.

[2025-03-29 20:31:09 #17 type.registry] 
New type domain.Traveler

[2025-03-29 20:31:09 #18 type] 
Type domain.Traveler is not enhanced.

[2025-03-29 20:31:09 #19 type.registry] 
New type java.util.Vector<java.lang.Object>

[2025-03-29 20:31:09 #20 type.registry] 
New type java.util.Vector<domain.Ride>

[2025-03-29 20:31:09 #21 type.registry] 
New type java.util.ArrayList<java.lang.Object>

------------------------------------------------------------------------------------------------------------------------

[2025-03-29 20:35:58 #1 store] 
Database '/home/aguachufrei/Workspaces/eclipse-workspace/Rides24/src/main/resources/rides.temp' is opened by 37398@archlinux

[2025-03-29 20:35:58 #2 type.registry] 
New type domain.User

[2025-03-29 20:35:58 #3 type.registry] 
New type domain.Driver

[2025-03-29 20:35:58 #4 type] 
Type domain.User is not enhanced.

[2025-03-29 20:35:58 #5 type.registry] 
New type domain.Ride

[2025-03-29 20:35:58 #6 type.registry] 
New type domain.Mugimenduak

[2025-03-29 20:35:58 #7 type] 
Type domain.Driver is not enhanced.

[2025-03-29 20:35:58 #8 type.registry] 
New type domain.Car

[2025-03-29 20:35:58 #9 type.registry] 
New type java.util.ArrayList<domain.Car>

[2025-03-29 20:35:58 #10 type.registry] 
New type java.util.ArrayList<domain.Ride>

[2025-03-29 20:35:58 #11 type] 
Type domain.Ride is not enhanced.

[2025-03-29 20:35:58 #12 type.registry] 
New type domain.Book

[2025-03-29 20:35:58 #13 type.registry] 
New type java.util.ArrayList<domain.Book>

[2025-03-29 20:35:58 #14 type] 
Type domain.Mugimenduak is not enhanced.

[2025-03-29 20:35:58 #15 type] 
Type domain.Car is not enhanced.

[2025-03-29 20:35:58 #16 type] 
Type domain.Book is not enhanced.

[2025-03-29 20:35:58 #17 type.registry] 
New type domain.Traveler

[2025-03-29 20:35:58 #18 type] 
Type domain.Traveler is not enhanced.

[2025-03-29 20:35:58 #19 type.registry] 
New type java.util.Vector<java.lang.Object>

[2025-03-29 20:35:58 #20 type.registry] 
New type java.util.Vector<domain.Ride>

[2025-03-29 20:35:58 #21 type.registry] 
New type java.util.ArrayList<java.lang.Object>

------------------------------------------------------------------------------------------------------------------------

[2025-03-29 20:40:37 #1 store] 
Database '/home/aguachufrei/Workspaces/eclipse-workspace/Rides24/src/main/resources/rides.temp' is opened by 38360@archlinux

[2025-03-29 20:40:37 #2 type.registry] 
New type domain.User

[2025-03-29 20:40:37 #3 type.registry] 
New type domain.Driver

[2025-03-29 20:40:37 #4 type] 
Type domain.User is not enhanced.

[2025-03-29 20:40:37 #5 type.registry] 
New type domain.Ride

[2025-03-29 20:40:37 #6 type.registry] 
New type domain.Mugimenduak

[2025-03-29 20:40:37 #7 type] 
Type domain.Driver is not enhanced.

[2025-03-29 20:40:37 #8 type.registry] 
New type domain.Car

[2025-03-29 20:40:37 #9 type.registry] 
New type java.util.ArrayList<domain.Car>

[2025-03-29 20:40:37 #10 type.registry] 
New type java.util.ArrayList<domain.Ride>

[2025-03-29 20:40:37 #11 type] 
Type domain.Ride is not enhanced.

[2025-03-29 20:40:37 #12 type.registry] 
New type domain.Book

[2025-03-29 20:40:37 #13 type.registry] 
New type java.util.ArrayList<domain.Book>

[2025-03-29 20:40:37 #14 type] 
Type domain.Mugimenduak is not enhanced.

[2025-03-29 20:40:37 #15 type] 
Type domain.Car is not enhanced.

[2025-03-29 20:40:37 #16 type] 
Type domain.Book is not enhanced.

[2025-03-29 20:40:37 #17 type.registry] 
New type domain.Traveler

[2025-03-29 20:40:37 #18 type] 
Type domain.Traveler is not enhanced.

[2025-03-29 20:40:37 #19 type.registry] 
New type java.util.Vector<java.lang.Object>

[2025-03-29 20:40:37 #20 type.registry] 
New type java.util.Vector<domain.Ride>

[2025-03-29 20:40:37 #21 type.registry] 
New type java.util.ArrayList<java.lang.Object>

------------------------------------------------------------------------------------------------------------------------

[2025-03-29 20:44:11 #1 store] 
Database '/home/aguachufrei/Workspaces/eclipse-workspace/Rides24/src/main/resources/rides.temp' is opened by 38797@archlinux

[2025-03-29 20:44:11 #2 type.registry] 
New type domain.User

[2025-03-29 20:44:11 #3 type.registry] 
New type domain.Driver

[2025-03-29 20:44:11 #4 type] 
Type domain.User is not enhanced.

[2025-03-29 20:44:11 #5 type.registry] 
New type domain.Ride

[2025-03-29 20:44:11 #6 type.registry] 
New type domain.Mugimenduak

[2025-03-29 20:44:11 #7 type] 
Type domain.Driver is not enhanced.

[2025-03-29 20:44:11 #8 type.registry] 
New type domain.Car

[2025-03-29 20:44:11 #9 type.registry] 
New type java.util.ArrayList<domain.Car>

[2025-03-29 20:44:11 #10 type.registry] 
New type java.util.ArrayList<domain.Ride>

[2025-03-29 20:44:11 #11 type] 
Type domain.Ride is not enhanced.

[2025-03-29 20:44:11 #12 type.registry] 
New type domain.Book

[2025-03-29 20:44:11 #13 type.registry] 
New type java.util.ArrayList<domain.Book>

[2025-03-29 20:44:11 #14 type] 
Type domain.Mugimenduak is not enhanced.

[2025-03-29 20:44:11 #15 type] 
Type domain.Car is not enhanced.

[2025-03-29 20:44:11 #16 type] 
Type domain.Book is not enhanced.

[2025-03-29 20:44:11 #17 type.registry] 
New type domain.Traveler

[2025-03-29 20:44:11 #18 type] 
Type domain.Traveler is not enhanced.

[2025-03-29 20:44:11 #19 type.registry] 
New type java.util.Vector<java.lang.Object>

[2025-03-29 20:44:11 #20 type.registry] 
New type java.util.Vector<domain.Ride>

[2025-03-29 20:44:11 #21 type.registry] 
New type java.util.ArrayList<java.lang.Object>

