------------------------------------------------------------------------------------------------------------------------

[2025-03-01 18:10:55 #1 store] 
Database 'D:\Rides24\src\main\resources\rides.temp' is opened by 24704@LAPTOP-KQMM363R

[2025-03-01 18:10:55 #2 type.registry] 
New type domain.User

[2025-03-01 18:10:55 #3 type.registry] 
New type domain.Driver

[2025-03-01 18:10:55 #4 type] 
Type domain.User is not enhanced.

[2025-03-01 18:10:55 #5 type.registry] 
New type domain.Ride

[2025-03-01 18:10:55 #6 type] 
Type domain.Driver is not enhanced.

[2025-03-01 18:10:55 #7 type] 
Type domain.Ride is not enhanced.

[2025-03-01 18:10:55 #8 type.registry] 
New type domain.Traveler

[2025-03-01 18:10:55 #9 type.registry] 
New type java.util.ArrayList<domain.Traveler>

[2025-03-01 18:10:55 #10 type] 
Type domain.Traveler is not enhanced.

[2025-03-01 18:10:55 #11 type.registry] 
New type java.util.Vector<java.lang.Object>

[2025-03-01 18:10:55 #12 type.registry] 
New type java.util.Vector<domain.Ride>

[2025-03-01 18:10:55 #13 type.registry] 
New type java.util.ArrayList<java.lang.Object>

------------------------------------------------------------------------------------------------------------------------

[2025-03-01 18:12:21 #1 store] 
Database 'D:\Rides24\src\main\resources\rides.temp' is opened by 13452@LAPTOP-KQMM363R

[2025-03-01 18:12:21 #2 type.registry] 
New type domain.User

[2025-03-01 18:12:21 #3 type.registry] 
New type domain.Driver

[2025-03-01 18:12:21 #4 type] 
Type domain.User is not enhanced.

[2025-03-01 18:12:22 #5 type.registry] 
New type domain.Ride

[2025-03-01 18:12:22 #6 type] 
Type domain.Driver is not enhanced.

[2025-03-01 18:12:22 #7 type] 
Type domain.Ride is not enhanced.

[2025-03-01 18:12:22 #8 type.registry] 
New type domain.Traveler

[2025-03-01 18:12:22 #9 type.registry] 
New type java.util.ArrayList<domain.Traveler>

[2025-03-01 18:12:22 #10 type] 
Type domain.Traveler is not enhanced.

[2025-03-01 18:12:22 #11 type.registry] 
New type java.util.Vector<java.lang.Object>

[2025-03-01 18:12:22 #12 type.registry] 
New type java.util.Vector<domain.Ride>

[2025-03-01 18:12:22 #13 type.registry] 
New type java.util.ArrayList<java.lang.Object>

------------------------------------------------------------------------------------------------------------------------

[2025-03-01 18:12:39 #1 store] 
Database 'D:\Rides24\src\main\resources\rides.temp' is opened by 12440@LAPTOP-KQMM363R

[2025-03-01 18:12:39 #2 type.registry] 
New type domain.User

[2025-03-01 18:12:39 #3 type.registry] 
New type domain.Driver

[2025-03-01 18:12:39 #4 type] 
Type domain.User is not enhanced.

[2025-03-01 18:12:39 #5 type.registry] 
New type domain.Ride

[2025-03-01 18:12:39 #6 type] 
Type domain.Driver is not enhanced.

[2025-03-01 18:12:39 #7 type] 
Type domain.Ride is not enhanced.

[2025-03-01 18:12:39 #8 type.registry] 
New type domain.Traveler

[2025-03-01 18:12:39 #9 type.registry] 
New type java.util.ArrayList<domain.Traveler>

[2025-03-01 18:12:39 #10 type] 
Type domain.Traveler is not enhanced.

[2025-03-01 18:12:39 #11 type.registry] 
New type java.util.Vector<java.lang.Object>

[2025-03-01 18:12:39 #12 type.registry] 
New type java.util.Vector<domain.Ride>

[2025-03-01 18:12:39 #13 type.registry] 
New type java.util.ArrayList<java.lang.Object>

------------------------------------------------------------------------------------------------------------------------

[2025-03-01 18:13:39 #1 store] 
Database 'D:\Rides24\src\main\resources\rides.temp' is opened by 2720@LAPTOP-KQMM363R

[2025-03-01 18:13:40 #2 type.registry] 
New type domain.User

[2025-03-01 18:13:40 #3 type.registry] 
New type domain.Driver

[2025-03-01 18:13:40 #4 type] 
Type domain.User is not enhanced.

[2025-03-01 18:13:40 #5 type.registry] 
New type domain.Ride

[2025-03-01 18:13:40 #6 type] 
Type domain.Driver is not enhanced.

[2025-03-01 18:13:40 #7 type] 
Type domain.Ride is not enhanced.

[2025-03-01 18:13:40 #8 type.registry] 
New type domain.Traveler

[2025-03-01 18:13:40 #9 type.registry] 
New type java.util.ArrayList<domain.Traveler>

[2025-03-01 18:13:40 #10 type] 
Type domain.Traveler is not enhanced.

[2025-03-01 18:13:40 #11 type.registry] 
New type java.util.Vector<java.lang.Object>

[2025-03-01 18:13:40 #12 type.registry] 
New type java.util.Vector<domain.Ride>

[2025-03-01 18:13:40 #13 type.registry] 
New type java.util.ArrayList<java.lang.Object>

------------------------------------------------------------------------------------------------------------------------

[2025-03-01 18:48:44 #1 store] 
Database 'D:\Rides24\src\main\resources\rides.temp' is opened by 9576@LAPTOP-KQMM363R

[2025-03-01 18:48:44 #2 type.registry] 
New type domain.User

[2025-03-01 18:48:44 #3 type.registry] 
New type domain.Driver

[2025-03-01 18:48:44 #4 type] 
Type domain.User is not enhanced.

[2025-03-01 18:48:44 #5 type.registry] 
New type domain.Ride

[2025-03-01 18:48:44 #6 type] 
Type domain.Driver is not enhanced.

[2025-03-01 18:48:44 #7 type] 
Type domain.Ride is not enhanced.

[2025-03-01 18:48:44 #8 type.registry] 
New type domain.Traveler

[2025-03-01 18:48:44 #9 type.registry] 
New type java.util.ArrayList<domain.Traveler>

[2025-03-01 18:48:44 #10 type] 
Type domain.Traveler is not enhanced.

[2025-03-01 18:48:44 #11 type.registry] 
New type java.util.Vector<java.lang.Object>

[2025-03-01 18:48:44 #12 type.registry] 
New type java.util.Vector<domain.Ride>

[2025-03-01 18:48:44 #13 type.registry] 
New type java.util.ArrayList<java.lang.Object>

------------------------------------------------------------------------------------------------------------------------

[2025-03-01 18:50:57 #1 store] 
Database 'D:\Rides24\src\main\resources\rides.temp' is opened by 24636@LAPTOP-KQMM363R

[2025-03-01 18:50:57 #2 type.registry] 
New type domain.User

[2025-03-01 18:50:57 #3 type.registry] 
New type domain.Driver

[2025-03-01 18:50:57 #4 type] 
Type domain.User is not enhanced.

[2025-03-01 18:50:57 #5 type.registry] 
New type domain.Ride

[2025-03-01 18:50:57 #6 type] 
Type domain.Driver is not enhanced.

[2025-03-01 18:50:57 #7 type] 
Type domain.Ride is not enhanced.

[2025-03-01 18:50:57 #8 type.registry] 
New type domain.Traveler

[2025-03-01 18:50:57 #9 type.registry] 
New type java.util.ArrayList<domain.Traveler>

[2025-03-01 18:50:57 #10 type] 
Type domain.Traveler is not enhanced.

[2025-03-01 18:50:57 #11 type.registry] 
New type java.util.Vector<java.lang.Object>

[2025-03-01 18:50:57 #12 type.registry] 
New type java.util.Vector<domain.Ride>

[2025-03-01 18:50:57 #13 type.registry] 
New type java.util.ArrayList<java.lang.Object>

------------------------------------------------------------------------------------------------------------------------

[2025-03-01 18:52:03 #1 store] 
Database 'D:\Rides24\src\main\resources\rides.temp' is opened by 20580@LAPTOP-KQMM363R

[2025-03-01 18:52:03 #2 type.registry] 
New type domain.User

[2025-03-01 18:52:03 #3 type.registry] 
New type domain.Driver

[2025-03-01 18:52:03 #4 type] 
Type domain.User is not enhanced.

[2025-03-01 18:52:03 #5 type.registry] 
New type domain.Ride

[2025-03-01 18:52:03 #6 type] 
Type domain.Driver is not enhanced.

[2025-03-01 18:52:03 #7 type] 
Type domain.Ride is not enhanced.

[2025-03-01 18:52:03 #8 type.registry] 
New type domain.Traveler

[2025-03-01 18:52:03 #9 type.registry] 
New type java.util.ArrayList<domain.Traveler>

[2025-03-01 18:52:03 #10 type] 
Type domain.Traveler is not enhanced.

[2025-03-01 18:52:03 #11 type.registry] 
New type java.util.Vector<java.lang.Object>

[2025-03-01 18:52:03 #12 type.registry] 
New type java.util.Vector<domain.Ride>

[2025-03-01 18:52:03 #13 type.registry] 
New type java.util.ArrayList<java.lang.Object>

------------------------------------------------------------------------------------------------------------------------

[2025-03-01 18:52:54 #1 store] 
Database 'D:\Rides24\src\main\resources\rides.temp' is opened by 14012@LAPTOP-KQMM363R

[2025-03-01 18:52:54 #2 type.registry] 
New type domain.User

[2025-03-01 18:52:54 #3 type.registry] 
New type domain.Driver

[2025-03-01 18:52:54 #4 type] 
Type domain.User is not enhanced.

[2025-03-01 18:52:54 #5 type.registry] 
New type domain.Ride

[2025-03-01 18:52:54 #6 type] 
Type domain.Driver is not enhanced.

[2025-03-01 18:52:54 #7 type] 
Type domain.Ride is not enhanced.

[2025-03-01 18:52:54 #8 type.registry] 
New type domain.Traveler

[2025-03-01 18:52:54 #9 type.registry] 
New type java.util.ArrayList<domain.Traveler>

[2025-03-01 18:52:54 #10 type] 
Type domain.Traveler is not enhanced.

[2025-03-01 18:52:54 #11 type.registry] 
New type java.util.Vector<java.lang.Object>

[2025-03-01 18:52:54 #12 type.registry] 
New type java.util.Vector<domain.Ride>

[2025-03-01 18:52:54 #13 type.registry] 
New type java.util.ArrayList<java.lang.Object>

------------------------------------------------------------------------------------------------------------------------

[2025-03-01 18:59:09 #1 store] 
Database 'D:\Rides24\src\main\resources\rides.temp' is opened by 27904@LAPTOP-KQMM363R

[2025-03-01 18:59:09 #2 type.registry] 
New type domain.User

[2025-03-01 18:59:09 #3 type.registry] 
New type domain.Driver

[2025-03-01 18:59:09 #4 type] 
Type domain.User is not enhanced.

[2025-03-01 18:59:09 #5 type.registry] 
New type domain.Ride

[2025-03-01 18:59:09 #6 type] 
Type domain.Driver is not enhanced.

[2025-03-01 18:59:09 #7 type] 
Type domain.Ride is not enhanced.

[2025-03-01 18:59:09 #8 type.registry] 
New type domain.Traveler

[2025-03-01 18:59:09 #9 type.registry] 
New type java.util.ArrayList<domain.Traveler>

[2025-03-01 18:59:09 #10 type] 
Type domain.Traveler is not enhanced.

[2025-03-01 18:59:09 #11 type.registry] 
New type java.util.Vector<java.lang.Object>

[2025-03-01 18:59:09 #12 type.registry] 
New type java.util.Vector<domain.Ride>

[2025-03-01 18:59:09 #13 type.registry] 
New type java.util.ArrayList<java.lang.Object>

------------------------------------------------------------------------------------------------------------------------

[2025-03-01 18:59:55 #1 store] 
Database 'D:\Rides24\src\main\resources\rides.temp' is opened by 4884@LAPTOP-KQMM363R

[2025-03-01 18:59:55 #2 type.registry] 
New type domain.User

[2025-03-01 18:59:55 #3 type.registry] 
New type domain.Driver

[2025-03-01 18:59:55 #4 type] 
Type domain.User is not enhanced.

[2025-03-01 18:59:55 #5 type.registry] 
New type domain.Ride

[2025-03-01 18:59:55 #6 type] 
Type domain.Driver is not enhanced.

[2025-03-01 18:59:55 #7 type] 
Type domain.Ride is not enhanced.

[2025-03-01 18:59:55 #8 type.registry] 
New type domain.Traveler

[2025-03-01 18:59:55 #9 type.registry] 
New type java.util.ArrayList<domain.Traveler>

[2025-03-01 18:59:55 #10 type] 
Type domain.Traveler is not enhanced.

[2025-03-01 18:59:55 #11 type.registry] 
New type java.util.Vector<java.lang.Object>

[2025-03-01 18:59:55 #12 type.registry] 
New type java.util.Vector<domain.Ride>

[2025-03-01 18:59:55 #13 type.registry] 
New type java.util.ArrayList<java.lang.Object>

------------------------------------------------------------------------------------------------------------------------

[2025-03-01 19:00:06 #1 store] 
Database 'D:\Rides24\src\main\resources\rides.temp' is opened by 17904@LAPTOP-KQMM363R

[2025-03-01 19:00:06 #2 type.registry] 
New type domain.User

[2025-03-01 19:00:06 #3 type.registry] 
New type domain.Driver

[2025-03-01 19:00:06 #4 type] 
Type domain.User is not enhanced.

[2025-03-01 19:00:06 #5 type.registry] 
New type domain.Ride

[2025-03-01 19:00:06 #6 type] 
Type domain.Driver is not enhanced.

[2025-03-01 19:00:06 #7 type] 
Type domain.Ride is not enhanced.

[2025-03-01 19:00:06 #8 type.registry] 
New type domain.Traveler

[2025-03-01 19:00:06 #9 type.registry] 
New type java.util.ArrayList<domain.Traveler>

[2025-03-01 19:00:06 #10 type] 
Type domain.Traveler is not enhanced.

[2025-03-01 19:00:06 #11 type.registry] 
New type java.util.Vector<java.lang.Object>

[2025-03-01 19:00:06 #12 type.registry] 
New type java.util.Vector<domain.Ride>

[2025-03-01 19:00:06 #13 type.registry] 
New type java.util.ArrayList<java.lang.Object>

------------------------------------------------------------------------------------------------------------------------

[2025-03-01 19:01:02 #1 store] 
Database 'D:\Rides24\src\main\resources\rides.temp' is opened by 9592@LAPTOP-KQMM363R

[2025-03-01 19:01:02 #2 type.registry] 
New type domain.User

[2025-03-01 19:01:02 #3 type.registry] 
New type domain.Driver

[2025-03-01 19:01:02 #4 type] 
Type domain.User is not enhanced.

[2025-03-01 19:01:02 #5 type.registry] 
New type domain.Ride

[2025-03-01 19:01:02 #6 type] 
Type domain.Driver is not enhanced.

[2025-03-01 19:01:02 #7 type] 
Type domain.Ride is not enhanced.

[2025-03-01 19:01:02 #8 type.registry] 
New type domain.Traveler

[2025-03-01 19:01:02 #9 type.registry] 
New type java.util.ArrayList<domain.Traveler>

[2025-03-01 19:01:02 #10 type] 
Type domain.Traveler is not enhanced.

[2025-03-01 19:01:02 #11 type.registry] 
New type java.util.Vector<java.lang.Object>

[2025-03-01 19:01:02 #12 type.registry] 
New type java.util.Vector<domain.Ride>

[2025-03-01 19:01:02 #13 type.registry] 
New type java.util.ArrayList<java.lang.Object>

------------------------------------------------------------------------------------------------------------------------

[2025-03-01 19:02:17 #1 store] 
Database 'D:\Rides24\src\main\resources\rides.temp' is opened by 9360@LAPTOP-KQMM363R

[2025-03-01 19:02:17 #2 type.registry] 
New type domain.User

[2025-03-01 19:02:17 #3 type.registry] 
New type domain.Driver

[2025-03-01 19:02:17 #4 type] 
Type domain.User is not enhanced.

[2025-03-01 19:02:17 #5 type.registry] 
New type domain.Ride

[2025-03-01 19:02:17 #6 type] 
Type domain.Driver is not enhanced.

[2025-03-01 19:02:17 #7 type] 
Type domain.Ride is not enhanced.

[2025-03-01 19:02:17 #8 type.registry] 
New type domain.Traveler

[2025-03-01 19:02:17 #9 type.registry] 
New type java.util.ArrayList<domain.Traveler>

[2025-03-01 19:02:17 #10 type] 
Type domain.Traveler is not enhanced.

[2025-03-01 19:02:17 #11 type.registry] 
New type java.util.Vector<java.lang.Object>

[2025-03-01 19:02:17 #12 type.registry] 
New type java.util.Vector<domain.Ride>

[2025-03-01 19:02:17 #13 type.registry] 
New type java.util.ArrayList<java.lang.Object>

------------------------------------------------------------------------------------------------------------------------

[2025-03-01 19:03:06 #1 store] 
Database 'D:\Rides24\src\main\resources\rides.temp' is opened by 11008@LAPTOP-KQMM363R

[2025-03-01 19:03:06 #2 type.registry] 
New type domain.User

[2025-03-01 19:03:06 #3 type.registry] 
New type domain.Driver

[2025-03-01 19:03:06 #4 type] 
Type domain.User is not enhanced.

[2025-03-01 19:03:06 #5 type.registry] 
New type domain.Ride

[2025-03-01 19:03:06 #6 type] 
Type domain.Driver is not enhanced.

[2025-03-01 19:03:06 #7 type] 
Type domain.Ride is not enhanced.

[2025-03-01 19:03:06 #8 type.registry] 
New type domain.Traveler

[2025-03-01 19:03:06 #9 type.registry] 
New type java.util.ArrayList<domain.Traveler>

[2025-03-01 19:03:06 #10 type] 
Type domain.Traveler is not enhanced.

[2025-03-01 19:03:06 #11 type.registry] 
New type java.util.Vector<java.lang.Object>

[2025-03-01 19:03:06 #12 type.registry] 
New type java.util.Vector<domain.Ride>

[2025-03-01 19:03:06 #13 type.registry] 
New type java.util.ArrayList<java.lang.Object>

------------------------------------------------------------------------------------------------------------------------

[2025-03-01 19:03:10 #1 store] 
Database 'D:\Rides24\src\main\resources\rides.temp' is opened by 11996@LAPTOP-KQMM363R

[2025-03-01 19:03:10 #2 type.registry] 
New type domain.User

[2025-03-01 19:03:10 #3 type.registry] 
New type domain.Driver

[2025-03-01 19:03:10 #4 type] 
Type domain.User is not enhanced.

[2025-03-01 19:03:10 #5 type.registry] 
New type domain.Ride

[2025-03-01 19:03:10 #6 type] 
Type domain.Driver is not enhanced.

[2025-03-01 19:03:10 #7 type] 
Type domain.Ride is not enhanced.

[2025-03-01 19:03:10 #8 type.registry] 
New type domain.Traveler

[2025-03-01 19:03:10 #9 type.registry] 
New type java.util.ArrayList<domain.Traveler>

[2025-03-01 19:03:10 #10 type] 
Type domain.Traveler is not enhanced.

[2025-03-01 19:03:10 #11 type.registry] 
New type java.util.Vector<java.lang.Object>

[2025-03-01 19:03:10 #12 type.registry] 
New type java.util.Vector<domain.Ride>

[2025-03-01 19:03:10 #13 type.registry] 
New type java.util.ArrayList<java.lang.Object>

------------------------------------------------------------------------------------------------------------------------

[2025-03-01 19:04:36 #1 store] 
Database 'D:\Rides24\src\main\resources\rides.temp' is opened by 17108@LAPTOP-KQMM363R

[2025-03-01 19:04:36 #2 type.registry] 
New type domain.User

[2025-03-01 19:04:36 #3 type.registry] 
New type domain.Driver

[2025-03-01 19:04:36 #4 type] 
Type domain.User is not enhanced.

[2025-03-01 19:04:36 #5 type.registry] 
New type domain.Ride

[2025-03-01 19:04:36 #6 type] 
Type domain.Driver is not enhanced.

[2025-03-01 19:04:36 #7 type] 
Type domain.Ride is not enhanced.

[2025-03-01 19:04:36 #8 type.registry] 
New type domain.Traveler

[2025-03-01 19:04:36 #9 type.registry] 
New type java.util.ArrayList<domain.Traveler>

[2025-03-01 19:04:36 #10 type] 
Type domain.Traveler is not enhanced.

[2025-03-01 19:04:36 #11 type.registry] 
New type java.util.Vector<java.lang.Object>

[2025-03-01 19:04:36 #12 type.registry] 
New type java.util.Vector<domain.Ride>

[2025-03-01 19:04:36 #13 type.registry] 
New type java.util.ArrayList<java.lang.Object>

------------------------------------------------------------------------------------------------------------------------

[2025-03-01 19:06:53 #1 store] 
Database 'D:\Rides24\src\main\resources\rides.temp' is opened by 27576@LAPTOP-KQMM363R

[2025-03-01 19:06:54 #2 type.registry] 
New type domain.User

[2025-03-01 19:06:54 #3 type.registry] 
New type domain.Driver

[2025-03-01 19:06:54 #4 type] 
Type domain.User is not enhanced.

[2025-03-01 19:06:54 #5 type.registry] 
New type domain.Ride

[2025-03-01 19:06:54 #6 type] 
Type domain.Driver is not enhanced.

[2025-03-01 19:06:54 #7 type] 
Type domain.Ride is not enhanced.

[2025-03-01 19:06:54 #8 type.registry] 
New type domain.Traveler

[2025-03-01 19:06:54 #9 type.registry] 
New type java.util.ArrayList<domain.Traveler>

[2025-03-01 19:06:54 #10 type] 
Type domain.Traveler is not enhanced.

[2025-03-01 19:06:54 #11 type.registry] 
New type java.util.Vector<java.lang.Object>

[2025-03-01 19:06:54 #12 type.registry] 
New type java.util.Vector<domain.Ride>

[2025-03-01 19:06:54 #13 type.registry] 
New type java.util.ArrayList<java.lang.Object>

------------------------------------------------------------------------------------------------------------------------

[2025-03-01 19:08:04 #1 store] 
Database 'D:\Rides24\src\main\resources\rides.temp' is opened by 5580@LAPTOP-KQMM363R

[2025-03-01 19:08:04 #2 type.registry] 
New type domain.User

[2025-03-01 19:08:04 #3 type.registry] 
New type domain.Driver

[2025-03-01 19:08:04 #4 type] 
Type domain.User is not enhanced.

[2025-03-01 19:08:04 #5 type.registry] 
New type domain.Ride

[2025-03-01 19:08:04 #6 type] 
Type domain.Driver is not enhanced.

[2025-03-01 19:08:04 #7 type] 
Type domain.Ride is not enhanced.

[2025-03-01 19:08:04 #8 type.registry] 
New type domain.Traveler

[2025-03-01 19:08:04 #9 type.registry] 
New type java.util.ArrayList<domain.Traveler>

[2025-03-01 19:08:04 #10 type] 
Type domain.Traveler is not enhanced.

[2025-03-01 19:08:04 #11 type.registry] 
New type java.util.Vector<java.lang.Object>

[2025-03-01 19:08:04 #12 type.registry] 
New type java.util.Vector<domain.Ride>

[2025-03-01 19:08:04 #13 type.registry] 
New type java.util.ArrayList<java.lang.Object>

------------------------------------------------------------------------------------------------------------------------

[2025-03-01 19:10:11 #1 store] 
Database 'D:\Rides24\src\main\resources\rides.temp' is opened by 27284@LAPTOP-KQMM363R

[2025-03-01 19:10:11 #2 type.registry] 
New type domain.User

[2025-03-01 19:10:11 #3 type.registry] 
New type domain.Driver

[2025-03-01 19:10:11 #4 type] 
Type domain.User is not enhanced.

[2025-03-01 19:10:11 #5 type.registry] 
New type domain.Ride

[2025-03-01 19:10:11 #6 type] 
Type domain.Driver is not enhanced.

[2025-03-01 19:10:11 #7 type] 
Type domain.Ride is not enhanced.

[2025-03-01 19:10:11 #8 type.registry] 
New type domain.Traveler

[2025-03-01 19:10:11 #9 type.registry] 
New type java.util.ArrayList<domain.Traveler>

[2025-03-01 19:10:11 #10 type] 
Type domain.Traveler is not enhanced.

[2025-03-01 19:10:11 #11 type.registry] 
New type java.util.Vector<java.lang.Object>

[2025-03-01 19:10:11 #12 type.registry] 
New type java.util.Vector<domain.Ride>

[2025-03-01 19:10:11 #13 type.registry] 
New type java.util.ArrayList<java.lang.Object>

