------------------------------------------------------------------------------------------------------------------------

[2025-02-27 18:20:05 #1 server] 
Server on port 6136 has started by 19172@LAPTOP-KQMM363R

[2025-02-27 18:20:09 #2 store] 
Database 'D:\Rides24\src\main\resources\db\src\main\resources\rides.temp' has been recovered (tr. 84-86)

[2025-02-27 18:20:09 #3 store] 
Database 'D:\Rides24\src\main\resources\db\src\main\resources\rides.temp' is opened by 19172@LAPTOP-KQMM363R

------------------------------------------------------------------------------------------------------------------------

[2025-02-27 18:20:09 #1 type] 
Type domain.User is not enhanced.

[2025-02-27 18:20:09 #2 type] 
Type domain.Driver is not enhanced.

[2025-02-27 18:20:09 #3 type] 
Type domain.Ride is not enhanced.

------------------------------------------------------------------------------------------------------------------------

[2025-02-27 18:20:15 #1 type] 
Type domain.User is not enhanced.

[2025-02-27 18:20:15 #2 type] 
Type domain.Driver is not enhanced.

[2025-02-27 18:20:15 #3 type] 
Type domain.Ride is not enhanced.

------------------------------------------------------------------------------------------------------------------------

[2025-02-27 18:20:26 #1 type] 
Type domain.User is not enhanced.

[2025-02-27 18:20:26 #2 type] 
Type domain.Driver is not enhanced.

[2025-02-27 18:20:26 #3 type] 
Type domain.Ride is not enhanced.

------------------------------------------------------------------------------------------------------------------------

[2025-02-27 18:22:23 #1 type] 
Type domain.User is not enhanced.

[2025-02-27 18:22:23 #2 type] 
Type domain.Driver is not enhanced.

[2025-02-27 18:22:23 #3 type] 
Type domain.Ride is not enhanced.

------------------------------------------------------------------------------------------------------------------------

[2025-02-27 18:25:09 #1 type] 
Type domain.User is not enhanced.

[2025-02-27 18:25:09 #2 type] 
Type domain.Driver is not enhanced.

[2025-02-27 18:25:09 #3 type] 
Type domain.Ride is not enhanced.

------------------------------------------------------------------------------------------------------------------------

[2025-02-27 18:27:05 #1 type] 
Type domain.User is not enhanced.

[2025-02-27 18:27:05 #2 type] 
Type domain.Driver is not enhanced.

[2025-02-27 18:27:05 #3 type] 
Type domain.Ride is not enhanced.

------------------------------------------------------------------------------------------------------------------------

[2025-02-27 18:27:23 #1 type] 
Type domain.User is not enhanced.

[2025-02-27 18:27:23 #2 type] 
Type domain.Driver is not enhanced.

[2025-02-27 18:27:23 #3 type] 
Type domain.Ride is not enhanced.

------------------------------------------------------------------------------------------------------------------------

[2025-02-27 18:49:32 #1 type] 
Type domain.User is not enhanced.

[2025-02-27 18:49:32 #2 type] 
Type domain.Driver is not enhanced.

[2025-02-27 18:49:32 #3 type] 
Type domain.Ride is not enhanced.

------------------------------------------------------------------------------------------------------------------------

[2025-02-27 18:51:49 #1 type] 
Type domain.User is not enhanced.

[2025-02-27 18:51:49 #2 type] 
Type domain.Driver is not enhanced.

[2025-02-27 18:51:49 #3 type] 
Type domain.Ride is not enhanced.

------------------------------------------------------------------------------------------------------------------------

[2025-02-27 18:52:16 #1 type] 
Type domain.User is not enhanced.

[2025-02-27 18:52:16 #2 type] 
Type domain.Driver is not enhanced.

[2025-02-27 18:52:16 #3 type] 
Type domain.Ride is not enhanced.

------------------------------------------------------------------------------------------------------------------------

[2025-02-27 18:52:31 #1 type] 
Type domain.User is not enhanced.

[2025-02-27 18:52:31 #2 type] 
Type domain.Driver is not enhanced.

[2025-02-27 18:52:31 #3 type] 
Type domain.Ride is not enhanced.

------------------------------------------------------------------------------------------------------------------------

[2025-02-27 19:14:02 #1 type] 
Type domain.User is not enhanced.

[2025-02-27 19:14:02 #2 type] 
Type domain.Driver is not enhanced.

[2025-02-27 19:14:02 #3 type] 
Type domain.Ride is not enhanced.

------------------------------------------------------------------------------------------------------------------------

[2025-02-27 19:14:31 #1 type] 
Type domain.User is not enhanced.

[2025-02-27 19:14:31 #2 type] 
Type domain.Driver is not enhanced.

[2025-02-27 19:14:31 #3 type] 
Type domain.Ride is not enhanced.

------------------------------------------------------------------------------------------------------------------------

[2025-02-27 19:16:16 #1 type] 
Type domain.User is not enhanced.

[2025-02-27 19:16:16 #2 type] 
Type domain.Driver is not enhanced.

[2025-02-27 19:16:16 #3 type] 
Type domain.Ride is not enhanced.

------------------------------------------------------------------------------------------------------------------------

[2025-02-27 19:17:59 #1 type] 
Type domain.User is not enhanced.

[2025-02-27 19:17:59 #2 type] 
Type domain.Driver is not enhanced.

[2025-02-27 19:17:59 #3 type] 
Type domain.Ride is not enhanced.

------------------------------------------------------------------------------------------------------------------------

[2025-02-27 19:18:11 #1 type] 
Type domain.User is not enhanced.

[2025-02-27 19:18:11 #2 type] 
Type domain.Driver is not enhanced.

[2025-02-27 19:18:11 #3 type] 
Type domain.Ride is not enhanced.

------------------------------------------------------------------------------------------------------------------------

[2025-02-27 19:19:07 #1 type] 
Type domain.User is not enhanced.

[2025-02-27 19:19:07 #2 type] 
Type domain.Driver is not enhanced.

[2025-02-27 19:19:07 #3 type] 
Type domain.Ride is not enhanced.

------------------------------------------------------------------------------------------------------------------------

[2025-02-27 19:19:22 #1 type] 
Type domain.User is not enhanced.

[2025-02-27 19:19:22 #2 type] 
Type domain.Driver is not enhanced.

[2025-02-27 19:19:22 #3 type] 
Type domain.Ride is not enhanced.

------------------------------------------------------------------------------------------------------------------------

[2025-02-27 19:27:53 #1 type] 
Type domain.User is not enhanced.

[2025-02-27 19:27:53 #2 type] 
Type domain.Driver is not enhanced.

[2025-02-27 19:27:53 #3 type] 
Type domain.Ride is not enhanced.

------------------------------------------------------------------------------------------------------------------------

[2025-02-27 19:28:31 #1 type] 
Type domain.User is not enhanced.

[2025-02-27 19:28:31 #2 type] 
Type domain.Driver is not enhanced.

[2025-02-27 19:28:31 #3 type] 
Type domain.Ride is not enhanced.

------------------------------------------------------------------------------------------------------------------------

[2025-02-27 19:29:29 #1 type] 
Type domain.User is not enhanced.

[2025-02-27 19:29:29 #2 type] 
Type domain.Driver is not enhanced.

[2025-02-27 19:29:29 #3 type] 
Type domain.Ride is not enhanced.

------------------------------------------------------------------------------------------------------------------------

[2025-02-27 19:29:58 #1 type] 
Type domain.User is not enhanced.

[2025-02-27 19:29:58 #2 type] 
Type domain.Driver is not enhanced.

[2025-02-27 19:29:58 #3 type] 
Type domain.Ride is not enhanced.

------------------------------------------------------------------------------------------------------------------------

[2025-02-27 19:30:06 #1 type] 
Type domain.User is not enhanced.

[2025-02-27 19:30:06 #2 type] 
Type domain.Driver is not enhanced.

[2025-02-27 19:30:06 #3 type] 
Type domain.Ride is not enhanced.

------------------------------------------------------------------------------------------------------------------------

[2025-02-27 19:30:12 #1 server] 
java.net.BindException: Address already in use: bind
	at java.base/sun.nio.ch.Net.bind0(Native Method)
	at java.base/sun.nio.ch.Net.bind(Net.java:565)
	at java.base/sun.nio.ch.Net.bind(Net.java:554)
	at java.base/sun.nio.ch.NioSocketImpl.bind(NioSocketImpl.java:636)
	at java.base/java.net.ServerSocket.bind(ServerSocket.java:389)
	at java.base/java.net.ServerSocket.<init>(ServerSocket.java:276)
	at java.base/java.net.ServerSocket.<init>(ServerSocket.java:221)
	at com.objectdb.o.SMR.I(SMR.java:259)
	at com.objectdb.o.SMR.n(SMR.java:159)
	at com.objectdb.o.TOL.run(TOL.java:116)
	at com.objectdb.Server.runCommand(Server.java:200)
	at com.objectdb.Server.run(Server.java:104)
	at com.objectdb.Server.main(Server.java:63)

------------------------------------------------------------------------------------------------------------------------

[2025-02-27 19:30:21 #1 type] 
Type domain.User is not enhanced.

[2025-02-27 19:30:21 #2 type] 
Type domain.Driver is not enhanced.

[2025-02-27 19:30:21 #3 type] 
Type domain.Ride is not enhanced.

------------------------------------------------------------------------------------------------------------------------

[2025-02-27 19:31:33 #1 type] 
Type domain.User is not enhanced.

[2025-02-27 19:31:33 #2 type] 
Type domain.Driver is not enhanced.

[2025-02-27 19:31:33 #3 type] 
Type domain.Ride is not enhanced.

------------------------------------------------------------------------------------------------------------------------

[2025-02-27 19:34:30 #1 type] 
Type domain.User is not enhanced.

[2025-02-27 19:34:30 #2 type] 
Type domain.Driver is not enhanced.

[2025-02-27 19:34:30 #3 type] 
Type domain.Ride is not enhanced.

------------------------------------------------------------------------------------------------------------------------

[2025-02-27 19:35:13 #1 type] 
Type domain.User is not enhanced.

[2025-02-27 19:35:13 #2 type] 
Type domain.Driver is not enhanced.

[2025-02-27 19:35:13 #3 type] 
Type domain.Ride is not enhanced.

------------------------------------------------------------------------------------------------------------------------

[2025-02-27 19:37:06 #1 type] 
Type domain.User is not enhanced.

[2025-02-27 19:37:06 #2 type] 
Type domain.Driver is not enhanced.

[2025-02-27 19:37:06 #3 type] 
Type domain.Ride is not enhanced.

------------------------------------------------------------------------------------------------------------------------

[2025-02-27 19:37:22 #1 type] 
Type domain.User is not enhanced.

[2025-02-27 19:37:22 #2 type] 
Type domain.Driver is not enhanced.

[2025-02-27 19:37:22 #3 type] 
Type domain.Ride is not enhanced.

------------------------------------------------------------------------------------------------------------------------

[2025-02-27 19:41:26 #1 type] 
Type domain.User is not enhanced.

[2025-02-27 19:41:26 #2 type] 
Type domain.Driver is not enhanced.

[2025-02-27 19:41:26 #3 type] 
Type domain.Ride is not enhanced.

------------------------------------------------------------------------------------------------------------------------

[2025-02-27 19:43:31 #1 type] 
Type domain.User is not enhanced.

[2025-02-27 19:43:31 #2 type] 
Type domain.Driver is not enhanced.

[2025-02-27 19:43:31 #3 type] 
Type domain.Ride is not enhanced.

------------------------------------------------------------------------------------------------------------------------

[2025-02-27 19:45:09 #1 type] 
Type domain.User is not enhanced.

[2025-02-27 19:45:09 #2 type] 
Type domain.Driver is not enhanced.

[2025-02-27 19:45:09 #3 type] 
Type domain.Ride is not enhanced.

------------------------------------------------------------------------------------------------------------------------

[2025-02-27 19:45:17 #1 type] 
Type domain.User is not enhanced.

[2025-02-27 19:45:17 #2 type] 
Type domain.Driver is not enhanced.

[2025-02-27 19:45:17 #3 type] 
Type domain.Ride is not enhanced.

------------------------------------------------------------------------------------------------------------------------

[2025-02-27 19:46:56 #1 type] 
Type domain.User is not enhanced.

[2025-02-27 19:46:56 #2 type] 
Type domain.Driver is not enhanced.

[2025-02-27 19:46:56 #3 type] 
Type domain.Ride is not enhanced.

------------------------------------------------------------------------------------------------------------------------

[2025-02-27 19:48:29 #1 type] 
Type domain.User is not enhanced.

[2025-02-27 19:48:29 #2 type] 
Type domain.Driver is not enhanced.

[2025-02-27 19:48:29 #3 type] 
Type domain.Ride is not enhanced.

------------------------------------------------------------------------------------------------------------------------

[2025-02-27 19:52:02 #1 type] 
Type domain.User is not enhanced.

[2025-02-27 19:52:02 #2 type] 
Type domain.Driver is not enhanced.

[2025-02-27 19:52:02 #3 type] 
Type domain.Ride is not enhanced.

------------------------------------------------------------------------------------------------------------------------

[2025-02-27 20:05:18 #1 type] 
Type domain.User is not enhanced.

[2025-02-27 20:05:18 #2 type] 
Type domain.Driver is not enhanced.

[2025-02-27 20:05:18 #3 type] 
Type domain.Ride is not enhanced.

------------------------------------------------------------------------------------------------------------------------

[2025-02-27 20:05:19 #1 type] 
Type domain.User is not enhanced.

[2025-02-27 20:05:19 #2 type] 
Type domain.Driver is not enhanced.

[2025-02-27 20:05:19 #3 type] 
Type domain.Ride is not enhanced.

------------------------------------------------------------------------------------------------------------------------

[2025-02-27 20:05:26 #1 type] 
Type domain.User is not enhanced.

[2025-02-27 20:05:26 #2 type] 
Type domain.Driver is not enhanced.

[2025-02-27 20:05:26 #3 type] 
Type domain.Ride is not enhanced.

------------------------------------------------------------------------------------------------------------------------

[2025-02-27 20:05:38 #1 server] 
java.net.BindException: Address already in use: bind
	at java.base/sun.nio.ch.Net.bind0(Native Method)
	at java.base/sun.nio.ch.Net.bind(Net.java:565)
	at java.base/sun.nio.ch.Net.bind(Net.java:554)
	at java.base/sun.nio.ch.NioSocketImpl.bind(NioSocketImpl.java:636)
	at java.base/java.net.ServerSocket.bind(ServerSocket.java:389)
	at java.base/java.net.ServerSocket.<init>(ServerSocket.java:276)
	at java.base/java.net.ServerSocket.<init>(ServerSocket.java:221)
	at com.objectdb.o.SMR.I(SMR.java:259)
	at com.objectdb.o.SMR.n(SMR.java:159)
	at com.objectdb.o.TOL.run(TOL.java:116)
	at com.objectdb.Server.runCommand(Server.java:200)
	at com.objectdb.Server.run(Server.java:104)
	at com.objectdb.Server.main(Server.java:63)

------------------------------------------------------------------------------------------------------------------------

[2025-02-27 20:05:50 #1 type] 
Type domain.User is not enhanced.

[2025-02-27 20:05:50 #2 type] 
Type domain.Driver is not enhanced.

[2025-02-27 20:05:50 #3 type] 
Type domain.Ride is not enhanced.

------------------------------------------------------------------------------------------------------------------------

[2025-02-27 20:06:03 #1 type] 
Type domain.User is not enhanced.

[2025-02-27 20:06:03 #2 type] 
Type domain.Driver is not enhanced.

[2025-02-27 20:06:03 #3 type] 
Type domain.Ride is not enhanced.

------------------------------------------------------------------------------------------------------------------------

[2025-02-27 20:06:15 #1 type] 
Type domain.User is not enhanced.

[2025-02-27 20:06:15 #2 type] 
Type domain.Driver is not enhanced.

[2025-02-27 20:06:15 #3 type] 
Type domain.Ride is not enhanced.

------------------------------------------------------------------------------------------------------------------------

[2025-02-27 20:09:23 #1 type] 
Type domain.User is not enhanced.

[2025-02-27 20:09:23 #2 type] 
Type domain.Driver is not enhanced.

[2025-02-27 20:09:23 #3 type] 
Type domain.Ride is not enhanced.

------------------------------------------------------------------------------------------------------------------------

[2025-02-27 20:09:37 #1 type] 
Type domain.User is not enhanced.

[2025-02-27 20:09:37 #2 type] 
Type domain.Driver is not enhanced.

[2025-02-27 20:09:37 #3 type] 
Type domain.Ride is not enhanced.

------------------------------------------------------------------------------------------------------------------------

[2025-02-27 20:09:48 #1 server] 
java.net.BindException: Address already in use: bind
	at java.base/sun.nio.ch.Net.bind0(Native Method)
	at java.base/sun.nio.ch.Net.bind(Net.java:565)
	at java.base/sun.nio.ch.Net.bind(Net.java:554)
	at java.base/sun.nio.ch.NioSocketImpl.bind(NioSocketImpl.java:636)
	at java.base/java.net.ServerSocket.bind(ServerSocket.java:389)
	at java.base/java.net.ServerSocket.<init>(ServerSocket.java:276)
	at java.base/java.net.ServerSocket.<init>(ServerSocket.java:221)
	at com.objectdb.o.SMR.I(SMR.java:259)
	at com.objectdb.o.SMR.n(SMR.java:159)
	at com.objectdb.o.TOL.run(TOL.java:116)
	at com.objectdb.Server.runCommand(Server.java:200)
	at com.objectdb.Server.run(Server.java:104)
	at com.objectdb.Server.main(Server.java:63)

------------------------------------------------------------------------------------------------------------------------

[2025-02-27 20:09:54 #1 type] 
Type domain.User is not enhanced.

[2025-02-27 20:09:54 #2 type] 
Type domain.Driver is not enhanced.

[2025-02-27 20:09:54 #3 type] 
Type domain.Ride is not enhanced.

------------------------------------------------------------------------------------------------------------------------

[2025-02-27 20:10:05 #1 type] 
Type domain.User is not enhanced.

[2025-02-27 20:10:05 #2 type] 
Type domain.Driver is not enhanced.

[2025-02-27 20:10:05 #3 type] 
Type domain.Ride is not enhanced.

------------------------------------------------------------------------------------------------------------------------

[2025-02-27 20:10:20 #1 type] 
Type domain.User is not enhanced.

[2025-02-27 20:10:20 #2 type] 
Type domain.Driver is not enhanced.

[2025-02-27 20:10:20 #3 type] 
Type domain.Ride is not enhanced.

------------------------------------------------------------------------------------------------------------------------

[2025-02-27 20:12:40 #1 type] 
Type domain.User is not enhanced.

[2025-02-27 20:12:40 #2 type] 
Type domain.Driver is not enhanced.

[2025-02-27 20:12:40 #3 type] 
Type domain.Ride is not enhanced.

------------------------------------------------------------------------------------------------------------------------

[2025-02-27 20:13:58 #1 type] 
Type domain.User is not enhanced.

[2025-02-27 20:13:58 #2 type] 
Type domain.Driver is not enhanced.

[2025-02-27 20:13:58 #3 type] 
Type domain.Ride is not enhanced.

------------------------------------------------------------------------------------------------------------------------

[2025-02-27 20:16:37 #1 type] 
Type domain.User is not enhanced.

[2025-02-27 20:16:37 #2 type] 
Type domain.Driver is not enhanced.

[2025-02-27 20:16:37 #3 type] 
Type domain.Ride is not enhanced.

------------------------------------------------------------------------------------------------------------------------

[2025-02-27 20:19:11 #1 type] 
Type domain.User is not enhanced.

[2025-02-27 20:19:11 #2 type] 
Type domain.Driver is not enhanced.

[2025-02-27 20:19:11 #3 type] 
Type domain.Ride is not enhanced.

------------------------------------------------------------------------------------------------------------------------

[2025-02-27 20:19:41 #1 type] 
Type domain.User is not enhanced.

[2025-02-27 20:19:41 #2 type] 
Type domain.Driver is not enhanced.

[2025-02-27 20:19:41 #3 type] 
Type domain.Ride is not enhanced.

------------------------------------------------------------------------------------------------------------------------

[2025-02-27 20:20:21 #1 type] 
Type domain.User is not enhanced.

[2025-02-27 20:20:21 #2 type] 
Type domain.Driver is not enhanced.

[2025-02-27 20:20:21 #3 type] 
Type domain.Ride is not enhanced.

------------------------------------------------------------------------------------------------------------------------

[2025-02-27 20:26:20 #1 type] 
Type domain.User is not enhanced.

[2025-02-27 20:26:20 #2 type] 
Type domain.Driver is not enhanced.

[2025-02-27 20:26:20 #3 type] 
Type domain.Ride is not enhanced.

------------------------------------------------------------------------------------------------------------------------

[2025-02-27 20:26:33 #1 type] 
Type domain.User is not enhanced.

[2025-02-27 20:26:33 #2 type] 
Type domain.Driver is not enhanced.

[2025-02-27 20:26:33 #3 type] 
Type domain.Ride is not enhanced.

------------------------------------------------------------------------------------------------------------------------

[2025-02-27 20:28:19 #1 type] 
Type domain.User is not enhanced.

[2025-02-27 20:28:19 #2 type] 
Type domain.Driver is not enhanced.

[2025-02-27 20:28:19 #3 type] 
Type domain.Ride is not enhanced.

