------------------------------------------------------------------------------------------------------------------------

[2025-03-28 11:10:06 #1 store] 
Database '/home/aguachufrei/Workspaces/eclipse-workspace/Rides24/src/main/resources/rides.temp' is opened by 76252@archlinux

[2025-03-28 11:10:06 #2 type.registry] 
New type domain.User

[2025-03-28 11:10:06 #3 type.registry] 
New type domain.Driver

[2025-03-28 11:10:06 #4 type] 
Type domain.User is not enhanced.

[2025-03-28 11:10:06 #5 type] 
Type domain.Driver is not enhanced.

[2025-03-28 11:10:06 #6 type.registry] 
New type domain.Ride

[2025-03-28 11:10:06 #7 type.registry] 
New type domain.Car

[2025-03-28 11:10:06 #8 type.registry] 
New type java.util.ArrayList<domain.Car>

[2025-03-28 11:10:06 #9 type] 
Type domain.Ride is not enhanced.

[2025-03-28 11:10:06 #10 type.registry] 
New type domain.Traveler

[2025-03-28 11:10:06 #11 type.registry] 
New type java.util.ArrayList<domain.Traveler>

[2025-03-28 11:10:06 #12 type] 
Type domain.Car is not enhanced.

[2025-03-28 11:10:06 #13 type] 
Type domain.Traveler is not enhanced.

[2025-03-28 11:10:06 #14 type.registry] 
New type domain.Book

[2025-03-28 11:10:06 #15 type.registry] 
New type java.util.ArrayList<domain.Book>

[2025-03-28 11:10:06 #16 type.registry] 
New type java.util.Vector<java.lang.Object>

[2025-03-28 11:10:06 #17 type.registry] 
New type java.util.Vector<domain.Ride>

[2025-03-28 11:10:06 #18 type.registry] 
New type java.util.ArrayList<java.lang.Object>

------------------------------------------------------------------------------------------------------------------------

[2025-03-28 11:12:09 #1 store] 
Database '/home/aguachufrei/Workspaces/eclipse-workspace/Rides24/src/main/resources/rides.temp' is opened by 76342@archlinux

[2025-03-28 11:12:10 #2 type.registry] 
New type domain.User

[2025-03-28 11:12:10 #3 type.registry] 
New type domain.Driver

[2025-03-28 11:12:10 #4 type] 
Type domain.User is not enhanced.

[2025-03-28 11:12:10 #5 type] 
Type domain.Driver is not enhanced.

[2025-03-28 11:12:10 #6 type.registry] 
New type domain.Ride

[2025-03-28 11:12:10 #7 type.registry] 
New type domain.Car

[2025-03-28 11:12:10 #8 type.registry] 
New type java.util.ArrayList<domain.Car>

[2025-03-28 11:12:10 #9 type] 
Type domain.Ride is not enhanced.

[2025-03-28 11:12:10 #10 type.registry] 
New type domain.Traveler

[2025-03-28 11:12:10 #11 type.registry] 
New type java.util.ArrayList<domain.Traveler>

[2025-03-28 11:12:10 #12 type] 
Type domain.Car is not enhanced.

[2025-03-28 11:12:10 #13 type] 
Type domain.Traveler is not enhanced.

[2025-03-28 11:12:10 #14 type.registry] 
New type domain.Book

[2025-03-28 11:12:10 #15 type.registry] 
New type java.util.ArrayList<domain.Book>

[2025-03-28 11:12:10 #16 type.registry] 
New type java.util.Vector<java.lang.Object>

[2025-03-28 11:12:10 #17 type.registry] 
New type java.util.Vector<domain.Ride>

[2025-03-28 11:12:10 #18 type.registry] 
New type java.util.ArrayList<java.lang.Object>

------------------------------------------------------------------------------------------------------------------------

[2025-03-28 11:15:34 #1 store] 
Database '/home/aguachufrei/Workspaces/eclipse-workspace/Rides24/src/main/resources/rides.temp' is opened by 76840@archlinux

[2025-03-28 11:15:34 #2 type.registry] 
New type domain.User

[2025-03-28 11:15:34 #3 type.registry] 
New type domain.Driver

[2025-03-28 11:15:34 #4 type] 
Type domain.User is not enhanced.

[2025-03-28 11:15:34 #5 type] 
Type domain.Driver is not enhanced.

[2025-03-28 11:15:34 #6 type.registry] 
New type domain.Ride

[2025-03-28 11:15:34 #7 type.registry] 
New type domain.Car

[2025-03-28 11:15:34 #8 type.registry] 
New type java.util.ArrayList<domain.Car>

[2025-03-28 11:15:34 #9 type] 
Type domain.Ride is not enhanced.

[2025-03-28 11:15:34 #10 type.registry] 
New type domain.Traveler

[2025-03-28 11:15:34 #11 type.registry] 
New type java.util.ArrayList<domain.Traveler>

[2025-03-28 11:15:34 #12 type] 
Type domain.Car is not enhanced.

[2025-03-28 11:15:34 #13 type] 
Type domain.Traveler is not enhanced.

[2025-03-28 11:15:34 #14 type.registry] 
New type domain.Book

[2025-03-28 11:15:34 #15 type.registry] 
New type java.util.ArrayList<domain.Book>

[2025-03-28 11:15:34 #16 type.registry] 
New type java.util.Vector<java.lang.Object>

[2025-03-28 11:15:34 #17 type.registry] 
New type java.util.Vector<domain.Ride>

[2025-03-28 11:15:34 #18 type.registry] 
New type java.util.ArrayList<java.lang.Object>

