------------------------------------------------------------------------------------------------------------------------

[2025-03-30 15:18:35 #1 store] 
Database 'D:\Rides24\src\main\resources\rides.temp' is opened by 15148@LAPTOP-KQMM363R

[2025-03-30 15:18:35 #2 type.registry] 
New type domain.User

[2025-03-30 15:18:35 #3 type.registry] 
New type domain.Driver

[2025-03-30 15:18:35 #4 type] 
Type domain.User is not enhanced.

[2025-03-30 15:18:35 #5 type.registry] 
New type domain.Ride

[2025-03-30 15:18:35 #6 type.registry] 
New type domain.Mugimenduak

[2025-03-30 15:18:35 #7 type] 
Type domain.Driver is not enhanced.

[2025-03-30 15:18:35 #8 type.registry] 
New type domain.Car

[2025-03-30 15:18:35 #9 type.registry] 
New type java.util.ArrayList<domain.Car>

[2025-03-30 15:18:35 #10 type.registry] 
New type java.util.ArrayList<domain.Ride>

[2025-03-30 15:18:35 #11 type] 
Type domain.Ride is not enhanced.

[2025-03-30 15:18:35 #12 type.registry] 
New type domain.Book

[2025-03-30 15:18:35 #13 type.registry] 
New type java.util.ArrayList<domain.Book>

[2025-03-30 15:18:35 #14 type] 
Type domain.Mugimenduak is not enhanced.

[2025-03-30 15:18:35 #15 type] 
Type domain.Car is not enhanced.

[2025-03-30 15:18:35 #16 type] 
Type domain.Book is not enhanced.

[2025-03-30 15:18:35 #17 type.registry] 
New type domain.Traveler

[2025-03-30 15:18:35 #18 type] 
Type domain.Traveler is not enhanced.

[2025-03-30 15:18:35 #19 type.registry] 
New type java.util.Vector<java.lang.Object>

[2025-03-30 15:18:35 #20 type.registry] 
New type java.util.Vector<domain.Ride>

[2025-03-30 15:18:35 #21 type.registry] 
New type java.util.ArrayList<java.lang.Object>

------------------------------------------------------------------------------------------------------------------------

[2025-03-30 15:22:45 #1 store] 
Database 'D:\Rides24\src\main\resources\rides.temp' is opened by 13844@LAPTOP-KQMM363R

[2025-03-30 15:22:45 #2 type.registry] 
New type domain.User

[2025-03-30 15:22:45 #3 type.registry] 
New type domain.Driver

[2025-03-30 15:22:45 #4 type] 
Type domain.User is not enhanced.

[2025-03-30 15:22:45 #5 type.registry] 
New type domain.Ride

[2025-03-30 15:22:45 #6 type.registry] 
New type domain.Mugimenduak

[2025-03-30 15:22:45 #7 type] 
Type domain.Driver is not enhanced.

[2025-03-30 15:22:45 #8 type.registry] 
New type domain.Car

[2025-03-30 15:22:46 #9 type.registry] 
New type java.util.ArrayList<domain.Car>

[2025-03-30 15:22:46 #10 type.registry] 
New type java.util.ArrayList<domain.Ride>

[2025-03-30 15:22:46 #11 type] 
Type domain.Ride is not enhanced.

[2025-03-30 15:22:46 #12 type.registry] 
New type domain.Book

[2025-03-30 15:22:46 #13 type.registry] 
New type java.util.ArrayList<domain.Book>

[2025-03-30 15:22:46 #14 type] 
Type domain.Mugimenduak is not enhanced.

[2025-03-30 15:22:46 #15 type] 
Type domain.Car is not enhanced.

[2025-03-30 15:22:46 #16 type] 
Type domain.Book is not enhanced.

[2025-03-30 15:22:46 #17 type.registry] 
New type domain.Traveler

[2025-03-30 15:22:46 #18 type] 
Type domain.Traveler is not enhanced.

[2025-03-30 15:22:46 #19 type.registry] 
New type java.util.Vector<java.lang.Object>

[2025-03-30 15:22:46 #20 type.registry] 
New type java.util.Vector<domain.Ride>

[2025-03-30 15:22:46 #21 type.registry] 
New type java.util.ArrayList<java.lang.Object>

------------------------------------------------------------------------------------------------------------------------

[2025-03-30 15:26:37 #1 store] 
Database 'D:\Rides24\src\main\resources\rides.temp' is opened by 17868@LAPTOP-KQMM363R

[2025-03-30 15:26:37 #2 type.registry] 
New type domain.User

[2025-03-30 15:26:37 #3 type.registry] 
New type domain.Driver

[2025-03-30 15:26:37 #4 type] 
Type domain.User is not enhanced.

[2025-03-30 15:26:37 #5 type.registry] 
New type domain.Ride

[2025-03-30 15:26:37 #6 type.registry] 
New type domain.Mugimenduak

[2025-03-30 15:26:37 #7 type] 
Type domain.Driver is not enhanced.

[2025-03-30 15:26:37 #8 type.registry] 
New type domain.Car

[2025-03-30 15:26:37 #9 type.registry] 
New type java.util.ArrayList<domain.Car>

[2025-03-30 15:26:37 #10 type.registry] 
New type java.util.ArrayList<domain.Ride>

[2025-03-30 15:26:37 #11 type] 
Type domain.Ride is not enhanced.

[2025-03-30 15:26:37 #12 type.registry] 
New type domain.Book

[2025-03-30 15:26:37 #13 type.registry] 
New type java.util.ArrayList<domain.Book>

[2025-03-30 15:26:37 #14 type] 
Type domain.Mugimenduak is not enhanced.

[2025-03-30 15:26:37 #15 type] 
Type domain.Car is not enhanced.

[2025-03-30 15:26:37 #16 type] 
Type domain.Book is not enhanced.

[2025-03-30 15:26:37 #17 type.registry] 
New type domain.Traveler

[2025-03-30 15:26:37 #18 type] 
Type domain.Traveler is not enhanced.

[2025-03-30 15:26:37 #19 type.registry] 
New type java.util.Vector<java.lang.Object>

[2025-03-30 15:26:37 #20 type.registry] 
New type java.util.Vector<domain.Ride>

[2025-03-30 15:26:37 #21 type.registry] 
New type java.util.ArrayList<java.lang.Object>

------------------------------------------------------------------------------------------------------------------------

[2025-03-30 15:34:14 #1 store] 
Database 'D:\Rides24\src\main\resources\rides.temp' is opened by 1336@LAPTOP-KQMM363R

[2025-03-30 15:34:14 #2 type.registry] 
New type domain.User

[2025-03-30 15:34:14 #3 type.registry] 
New type domain.Driver

[2025-03-30 15:34:14 #4 type] 
Type domain.User is not enhanced.

[2025-03-30 15:34:14 #5 type.registry] 
New type domain.Ride

[2025-03-30 15:34:14 #6 type.registry] 
New type domain.Mugimenduak

[2025-03-30 15:34:14 #7 type] 
Type domain.Driver is not enhanced.

[2025-03-30 15:34:14 #8 type.registry] 
New type domain.Car

[2025-03-30 15:34:14 #9 type.registry] 
New type java.util.ArrayList<domain.Car>

[2025-03-30 15:34:14 #10 type.registry] 
New type java.util.ArrayList<domain.Ride>

[2025-03-30 15:34:14 #11 type] 
Type domain.Ride is not enhanced.

[2025-03-30 15:34:14 #12 type.registry] 
New type domain.Book

[2025-03-30 15:34:14 #13 type.registry] 
New type java.util.ArrayList<domain.Book>

[2025-03-30 15:34:14 #14 type] 
Type domain.Mugimenduak is not enhanced.

[2025-03-30 15:34:14 #15 type] 
Type domain.Car is not enhanced.

[2025-03-30 15:34:14 #16 type] 
Type domain.Book is not enhanced.

[2025-03-30 15:34:14 #17 type.registry] 
New type domain.Traveler

[2025-03-30 15:34:14 #18 type] 
Type domain.Traveler is not enhanced.

[2025-03-30 15:34:14 #19 type.registry] 
New type java.util.Vector<java.lang.Object>

[2025-03-30 15:34:14 #20 type.registry] 
New type java.util.Vector<domain.Ride>

[2025-03-30 15:34:14 #21 type.registry] 
New type java.util.ArrayList<java.lang.Object>

------------------------------------------------------------------------------------------------------------------------

[2025-03-30 15:37:53 #1 store] 
Database 'D:\Rides24\src\main\resources\rides.temp' is opened by 6564@LAPTOP-KQMM363R

[2025-03-30 15:37:53 #2 type.registry] 
New type domain.User

[2025-03-30 15:37:53 #3 type.registry] 
New type domain.Driver

[2025-03-30 15:37:53 #4 type] 
Type domain.User is not enhanced.

[2025-03-30 15:37:53 #5 type.registry] 
New type domain.Ride

[2025-03-30 15:37:53 #6 type.registry] 
New type domain.Mugimenduak

[2025-03-30 15:37:53 #7 type] 
Type domain.Driver is not enhanced.

[2025-03-30 15:37:53 #8 type.registry] 
New type domain.Car

[2025-03-30 15:37:53 #9 type.registry] 
New type java.util.ArrayList<domain.Car>

[2025-03-30 15:37:53 #10 type.registry] 
New type java.util.ArrayList<domain.Ride>

[2025-03-30 15:37:53 #11 type] 
Type domain.Ride is not enhanced.

[2025-03-30 15:37:53 #12 type.registry] 
New type domain.Book

[2025-03-30 15:37:53 #13 type.registry] 
New type java.util.ArrayList<domain.Book>

[2025-03-30 15:37:53 #14 type] 
Type domain.Mugimenduak is not enhanced.

[2025-03-30 15:37:53 #15 type] 
Type domain.Car is not enhanced.

[2025-03-30 15:37:53 #16 type] 
Type domain.Book is not enhanced.

[2025-03-30 15:37:53 #17 type.registry] 
New type domain.Traveler

[2025-03-30 15:37:53 #18 type] 
Type domain.Traveler is not enhanced.

[2025-03-30 15:37:53 #19 type.registry] 
New type java.util.Vector<java.lang.Object>

[2025-03-30 15:37:53 #20 type.registry] 
New type java.util.Vector<domain.Ride>

[2025-03-30 15:37:53 #21 type.registry] 
New type java.util.ArrayList<java.lang.Object>

------------------------------------------------------------------------------------------------------------------------

[2025-03-30 15:39:58 #1 store] 
Database 'D:\Rides24\src\main\resources\rides.temp' is opened by 17912@LAPTOP-KQMM363R

[2025-03-30 15:39:59 #2 type.registry] 
New type domain.User

[2025-03-30 15:39:59 #3 type.registry] 
New type domain.Driver

[2025-03-30 15:39:59 #4 type] 
Type domain.User is not enhanced.

[2025-03-30 15:39:59 #5 type.registry] 
New type domain.Ride

[2025-03-30 15:39:59 #6 type.registry] 
New type domain.Mugimenduak

[2025-03-30 15:39:59 #7 type] 
Type domain.Driver is not enhanced.

[2025-03-30 15:39:59 #8 type.registry] 
New type domain.Car

[2025-03-30 15:39:59 #9 type.registry] 
New type java.util.ArrayList<domain.Car>

[2025-03-30 15:39:59 #10 type.registry] 
New type java.util.ArrayList<domain.Ride>

[2025-03-30 15:39:59 #11 type] 
Type domain.Ride is not enhanced.

[2025-03-30 15:39:59 #12 type.registry] 
New type domain.Book

[2025-03-30 15:39:59 #13 type.registry] 
New type java.util.ArrayList<domain.Book>

[2025-03-30 15:39:59 #14 type] 
Type domain.Mugimenduak is not enhanced.

[2025-03-30 15:39:59 #15 type] 
Type domain.Car is not enhanced.

[2025-03-30 15:39:59 #16 type] 
Type domain.Book is not enhanced.

[2025-03-30 15:39:59 #17 type.registry] 
New type domain.Traveler

[2025-03-30 15:39:59 #18 type] 
Type domain.Traveler is not enhanced.

[2025-03-30 15:39:59 #19 type.registry] 
New type java.util.Vector<java.lang.Object>

[2025-03-30 15:39:59 #20 type.registry] 
New type java.util.Vector<domain.Ride>

[2025-03-30 15:39:59 #21 type.registry] 
New type java.util.ArrayList<java.lang.Object>

------------------------------------------------------------------------------------------------------------------------

[2025-03-30 17:22:15 #1 store] 
Database 'D:\Rides24\src\main\resources\rides.temp' is opened by 17468@LAPTOP-KQMM363R

[2025-03-30 17:22:15 #2 type.registry] 
New type domain.User

[2025-03-30 17:22:15 #3 type.registry] 
New type domain.Driver

[2025-03-30 17:22:15 #4 type] 
Type domain.User is not enhanced.

[2025-03-30 17:22:15 #5 type.registry] 
New type domain.Ride

[2025-03-30 17:22:15 #6 type.registry] 
New type domain.Mugimenduak

[2025-03-30 17:22:15 #7 type] 
Type domain.Driver is not enhanced.

[2025-03-30 17:22:15 #8 type.registry] 
New type domain.Car

[2025-03-30 17:22:15 #9 type.registry] 
New type java.util.ArrayList<domain.Car>

[2025-03-30 17:22:15 #10 type.registry] 
New type java.util.ArrayList<domain.Ride>

[2025-03-30 17:22:15 #11 type] 
Type domain.Ride is not enhanced.

[2025-03-30 17:22:15 #12 type.registry] 
New type domain.Book

[2025-03-30 17:22:15 #13 type.registry] 
New type java.util.ArrayList<domain.Book>

[2025-03-30 17:22:15 #14 type] 
Type domain.Mugimenduak is not enhanced.

[2025-03-30 17:22:15 #15 type] 
Type domain.Car is not enhanced.

[2025-03-30 17:22:15 #16 type] 
Type domain.Book is not enhanced.

[2025-03-30 17:22:15 #17 type.registry] 
New type domain.Traveler

[2025-03-30 17:22:15 #18 type] 
Type domain.Traveler is not enhanced.

[2025-03-30 17:22:15 #19 type.registry] 
New type java.util.Vector<java.lang.Object>

[2025-03-30 17:22:15 #20 type.registry] 
New type java.util.Vector<domain.Ride>

[2025-03-30 17:22:15 #21 type.registry] 
New type java.util.ArrayList<java.lang.Object>

------------------------------------------------------------------------------------------------------------------------

[2025-03-30 18:11:14 #1 store] 
Database 'D:\Rides24\src\main\resources\rides.temp' is opened by 14044@LAPTOP-KQMM363R

[2025-03-30 18:11:14 #2 type.registry] 
New type domain.User

[2025-03-30 18:11:14 #3 type.registry] 
New type domain.Driver

[2025-03-30 18:11:14 #4 type] 
Type domain.User is not enhanced.

[2025-03-30 18:11:14 #5 type.registry] 
New type domain.Ride

[2025-03-30 18:11:14 #6 type.registry] 
New type domain.Mugimenduak

[2025-03-30 18:11:14 #7 type] 
Type domain.Driver is not enhanced.

[2025-03-30 18:11:14 #8 type.registry] 
New type domain.Car

[2025-03-30 18:11:14 #9 type.registry] 
New type java.util.ArrayList<domain.Car>

[2025-03-30 18:11:14 #10 type.registry] 
New type java.util.ArrayList<domain.Ride>

[2025-03-30 18:11:14 #11 type] 
Type domain.Ride is not enhanced.

[2025-03-30 18:11:14 #12 type.registry] 
New type domain.Book

[2025-03-30 18:11:14 #13 type.registry] 
New type java.util.ArrayList<domain.Book>

[2025-03-30 18:11:14 #14 type] 
Type domain.Mugimenduak is not enhanced.

[2025-03-30 18:11:14 #15 type] 
Type domain.Car is not enhanced.

[2025-03-30 18:11:14 #16 type] 
Type domain.Book is not enhanced.

[2025-03-30 18:11:14 #17 type.registry] 
New type domain.Traveler

[2025-03-30 18:11:14 #18 type] 
Type domain.Traveler is not enhanced.

[2025-03-30 18:11:14 #19 type.registry] 
New type java.util.Vector<java.lang.Object>

[2025-03-30 18:11:14 #20 type.registry] 
New type java.util.Vector<domain.Ride>

[2025-03-30 18:11:14 #21 type.registry] 
New type java.util.ArrayList<java.lang.Object>

------------------------------------------------------------------------------------------------------------------------

[2025-03-30 18:30:30 #1 store] 
Database 'D:\Rides24\src\main\resources\rides.temp' is opened by 10340@LAPTOP-KQMM363R

[2025-03-30 18:30:30 #2 type.registry] 
New type domain.User

[2025-03-30 18:30:30 #3 type.registry] 
New type domain.Driver

[2025-03-30 18:30:30 #4 type] 
Type domain.User is not enhanced.

[2025-03-30 18:30:30 #5 type.registry] 
New type domain.Ride

[2025-03-30 18:30:30 #6 type.registry] 
New type domain.Mugimenduak

[2025-03-30 18:30:30 #7 type] 
Type domain.Driver is not enhanced.

[2025-03-30 18:30:30 #8 type.registry] 
New type domain.Car

[2025-03-30 18:30:30 #9 type.registry] 
New type java.util.ArrayList<domain.Car>

[2025-03-30 18:30:30 #10 type.registry] 
New type java.util.ArrayList<domain.Ride>

[2025-03-30 18:30:30 #11 type] 
Type domain.Ride is not enhanced.

[2025-03-30 18:30:30 #12 type.registry] 
New type domain.Book

[2025-03-30 18:30:30 #13 type.registry] 
New type java.util.ArrayList<domain.Book>

[2025-03-30 18:30:30 #14 type] 
Type domain.Mugimenduak is not enhanced.

[2025-03-30 18:30:30 #15 type] 
Type domain.Car is not enhanced.

[2025-03-30 18:30:30 #16 type] 
Type domain.Book is not enhanced.

[2025-03-30 18:30:30 #17 type.registry] 
New type domain.Traveler

[2025-03-30 18:30:30 #18 type] 
Type domain.Traveler is not enhanced.

[2025-03-30 18:30:30 #19 type.registry] 
New type java.util.Vector<java.lang.Object>

[2025-03-30 18:30:30 #20 type.registry] 
New type java.util.Vector<domain.Ride>

[2025-03-30 18:30:30 #21 type.registry] 
New type java.util.ArrayList<java.lang.Object>

------------------------------------------------------------------------------------------------------------------------

[2025-03-30 18:51:01 #1 store] 
Database 'D:\Rides24\src\main\resources\rides.temp' is opened by 12996@LAPTOP-KQMM363R

[2025-03-30 18:51:01 #2 type.registry] 
New type domain.User

[2025-03-30 18:51:01 #3 type.registry] 
New type domain.Driver

[2025-03-30 18:51:01 #4 type] 
Type domain.User is not enhanced.

[2025-03-30 18:51:01 #5 type.registry] 
New type domain.Ride

[2025-03-30 18:51:01 #6 type.registry] 
New type domain.Mugimenduak

[2025-03-30 18:51:01 #7 type] 
Type domain.Driver is not enhanced.

[2025-03-30 18:51:01 #8 type.registry] 
New type domain.Car

[2025-03-30 18:51:01 #9 type.registry] 
New type java.util.ArrayList<domain.Car>

[2025-03-30 18:51:01 #10 type.registry] 
New type java.util.ArrayList<domain.Ride>

[2025-03-30 18:51:01 #11 type] 
Type domain.Ride is not enhanced.

[2025-03-30 18:51:01 #12 type.registry] 
New type domain.Book

[2025-03-30 18:51:01 #13 type.registry] 
New type java.util.ArrayList<domain.Book>

[2025-03-30 18:51:01 #14 type] 
Type domain.Mugimenduak is not enhanced.

[2025-03-30 18:51:01 #15 type] 
Type domain.Car is not enhanced.

[2025-03-30 18:51:01 #16 type] 
Type domain.Book is not enhanced.

[2025-03-30 18:51:01 #17 type.registry] 
New type domain.Traveler

[2025-03-30 18:51:01 #18 type] 
Type domain.Traveler is not enhanced.

[2025-03-30 18:51:01 #19 type.registry] 
New type java.util.Vector<java.lang.Object>

[2025-03-30 18:51:01 #20 type.registry] 
New type java.util.Vector<domain.Ride>

[2025-03-30 18:51:01 #21 type.registry] 
New type java.util.ArrayList<java.lang.Object>

------------------------------------------------------------------------------------------------------------------------

[2025-03-30 19:36:38 #1 store] 
Database 'D:\Rides24\src\main\resources\rides.temp' is opened by 20716@LAPTOP-KQMM363R

[2025-03-30 19:36:38 #2 type.registry] 
New type domain.User

[2025-03-30 19:36:38 #3 type.registry] 
New type domain.Driver

[2025-03-30 19:36:38 #4 type] 
Type domain.User is not enhanced.

[2025-03-30 19:36:38 #5 type.registry] 
New type domain.Ride

[2025-03-30 19:36:38 #6 type.registry] 
New type domain.Mugimenduak

[2025-03-30 19:36:38 #7 type] 
Type domain.Driver is not enhanced.

[2025-03-30 19:36:38 #8 type.registry] 
New type domain.Car

[2025-03-30 19:36:38 #9 type.registry] 
New type java.util.ArrayList<domain.Car>

[2025-03-30 19:36:38 #10 type.registry] 
New type java.util.ArrayList<domain.Ride>

[2025-03-30 19:36:38 #11 type] 
Type domain.Ride is not enhanced.

[2025-03-30 19:36:38 #12 type.registry] 
New type domain.Book

[2025-03-30 19:36:38 #13 type.registry] 
New type java.util.ArrayList<domain.Book>

[2025-03-30 19:36:38 #14 type] 
Type domain.Mugimenduak is not enhanced.

[2025-03-30 19:36:38 #15 type] 
Type domain.Car is not enhanced.

[2025-03-30 19:36:38 #16 type] 
Type domain.Book is not enhanced.

[2025-03-30 19:36:38 #17 type.registry] 
New type domain.Traveler

[2025-03-30 19:36:38 #18 type] 
Type domain.Traveler is not enhanced.

[2025-03-30 19:36:38 #19 type.registry] 
New type java.util.Vector<java.lang.Object>

[2025-03-30 19:36:38 #20 type.registry] 
New type java.util.Vector<domain.Ride>

[2025-03-30 19:36:38 #21 type.registry] 
New type java.util.ArrayList<java.lang.Object>

------------------------------------------------------------------------------------------------------------------------

[2025-03-30 19:38:52 #1 store] 
Database 'D:\Rides24\src\main\resources\rides.temp' is opened by 21684@LAPTOP-KQMM363R

[2025-03-30 19:38:52 #2 type.registry] 
New type domain.User

[2025-03-30 19:38:52 #3 type.registry] 
New type domain.Driver

[2025-03-30 19:38:52 #4 type] 
Type domain.User is not enhanced.

[2025-03-30 19:38:52 #5 type.registry] 
New type domain.Ride

[2025-03-30 19:38:52 #6 type.registry] 
New type domain.Mugimenduak

[2025-03-30 19:38:52 #7 type] 
Type domain.Driver is not enhanced.

[2025-03-30 19:38:52 #8 type.registry] 
New type domain.Car

[2025-03-30 19:38:52 #9 type.registry] 
New type java.util.ArrayList<domain.Car>

[2025-03-30 19:38:52 #10 type.registry] 
New type java.util.ArrayList<domain.Ride>

[2025-03-30 19:38:52 #11 type] 
Type domain.Ride is not enhanced.

[2025-03-30 19:38:52 #12 type.registry] 
New type domain.Book

[2025-03-30 19:38:52 #13 type.registry] 
New type java.util.ArrayList<domain.Book>

[2025-03-30 19:38:52 #14 type] 
Type domain.Mugimenduak is not enhanced.

[2025-03-30 19:38:52 #15 type] 
Type domain.Car is not enhanced.

[2025-03-30 19:38:52 #16 type] 
Type domain.Book is not enhanced.

[2025-03-30 19:38:52 #17 type.registry] 
New type domain.Traveler

[2025-03-30 19:38:52 #18 type] 
Type domain.Traveler is not enhanced.

[2025-03-30 19:38:52 #19 type.registry] 
New type java.util.Vector<java.lang.Object>

[2025-03-30 19:38:52 #20 type.registry] 
New type java.util.Vector<domain.Ride>

[2025-03-30 19:38:52 #21 type.registry] 
New type java.util.ArrayList<java.lang.Object>

------------------------------------------------------------------------------------------------------------------------

[2025-03-30 19:42:38 #1 store] 
Database 'D:\Rides24\src\main\resources\rides.temp' is opened by 1864@LAPTOP-KQMM363R

[2025-03-30 19:42:39 #2 type.registry] 
New type domain.User

[2025-03-30 19:42:39 #3 type.registry] 
New type domain.Driver

[2025-03-30 19:42:39 #4 type] 
Type domain.User is not enhanced.

[2025-03-30 19:42:39 #5 type.registry] 
New type domain.Ride

[2025-03-30 19:42:39 #6 type.registry] 
New type domain.Mugimenduak

[2025-03-30 19:42:39 #7 type] 
Type domain.Driver is not enhanced.

[2025-03-30 19:42:39 #8 type.registry] 
New type domain.Car

[2025-03-30 19:42:39 #9 type.registry] 
New type java.util.ArrayList<domain.Car>

[2025-03-30 19:42:39 #10 type.registry] 
New type java.util.ArrayList<domain.Ride>

[2025-03-30 19:42:39 #11 type] 
Type domain.Ride is not enhanced.

[2025-03-30 19:42:39 #12 type.registry] 
New type domain.Book

[2025-03-30 19:42:39 #13 type.registry] 
New type java.util.ArrayList<domain.Book>

[2025-03-30 19:42:39 #14 type] 
Type domain.Mugimenduak is not enhanced.

[2025-03-30 19:42:39 #15 type] 
Type domain.Car is not enhanced.

[2025-03-30 19:42:39 #16 type] 
Type domain.Book is not enhanced.

[2025-03-30 19:42:39 #17 type.registry] 
New type domain.Traveler

[2025-03-30 19:42:39 #18 type] 
Type domain.Traveler is not enhanced.

[2025-03-30 19:42:39 #19 type.registry] 
New type java.util.Vector<java.lang.Object>

[2025-03-30 19:42:39 #20 type.registry] 
New type java.util.Vector<domain.Ride>

[2025-03-30 19:42:39 #21 type.registry] 
New type java.util.ArrayList<java.lang.Object>

------------------------------------------------------------------------------------------------------------------------

[2025-03-30 19:43:52 #1 store] 
Database 'D:\Rides24\src\main\resources\rides.temp' is opened by 11864@LAPTOP-KQMM363R

[2025-03-30 19:43:52 #2 type.registry] 
New type domain.User

[2025-03-30 19:43:52 #3 type.registry] 
New type domain.Driver

[2025-03-30 19:43:52 #4 type] 
Type domain.User is not enhanced.

[2025-03-30 19:43:52 #5 type.registry] 
New type domain.Ride

[2025-03-30 19:43:52 #6 type.registry] 
New type domain.Mugimenduak

[2025-03-30 19:43:52 #7 type] 
Type domain.Driver is not enhanced.

[2025-03-30 19:43:52 #8 type.registry] 
New type domain.Car

[2025-03-30 19:43:52 #9 type.registry] 
New type java.util.ArrayList<domain.Car>

[2025-03-30 19:43:52 #10 type.registry] 
New type java.util.ArrayList<domain.Ride>

[2025-03-30 19:43:52 #11 type] 
Type domain.Ride is not enhanced.

[2025-03-30 19:43:52 #12 type.registry] 
New type domain.Book

[2025-03-30 19:43:52 #13 type.registry] 
New type java.util.ArrayList<domain.Book>

[2025-03-30 19:43:52 #14 type] 
Type domain.Mugimenduak is not enhanced.

[2025-03-30 19:43:52 #15 type] 
Type domain.Car is not enhanced.

[2025-03-30 19:43:52 #16 type] 
Type domain.Book is not enhanced.

[2025-03-30 19:43:52 #17 type.registry] 
New type domain.Traveler

[2025-03-30 19:43:52 #18 type] 
Type domain.Traveler is not enhanced.

[2025-03-30 19:43:52 #19 type.registry] 
New type java.util.Vector<java.lang.Object>

[2025-03-30 19:43:52 #20 type.registry] 
New type java.util.Vector<domain.Ride>

[2025-03-30 19:43:52 #21 type.registry] 
New type java.util.ArrayList<java.lang.Object>

------------------------------------------------------------------------------------------------------------------------

[2025-03-30 19:44:59 #1 store] 
Database 'D:\Rides24\src\main\resources\rides.temp' is opened by 11252@LAPTOP-KQMM363R

[2025-03-30 19:45:00 #2 type.registry] 
New type domain.User

[2025-03-30 19:45:00 #3 type.registry] 
New type domain.Driver

[2025-03-30 19:45:00 #4 type] 
Type domain.User is not enhanced.

[2025-03-30 19:45:00 #5 type.registry] 
New type domain.Ride

[2025-03-30 19:45:00 #6 type.registry] 
New type domain.Mugimenduak

[2025-03-30 19:45:00 #7 type] 
Type domain.Driver is not enhanced.

[2025-03-30 19:45:00 #8 type.registry] 
New type domain.Car

[2025-03-30 19:45:00 #9 type.registry] 
New type java.util.ArrayList<domain.Car>

[2025-03-30 19:45:00 #10 type.registry] 
New type java.util.ArrayList<domain.Ride>

[2025-03-30 19:45:00 #11 type] 
Type domain.Ride is not enhanced.

[2025-03-30 19:45:00 #12 type.registry] 
New type domain.Book

[2025-03-30 19:45:00 #13 type.registry] 
New type java.util.ArrayList<domain.Book>

[2025-03-30 19:45:00 #14 type] 
Type domain.Mugimenduak is not enhanced.

[2025-03-30 19:45:00 #15 type] 
Type domain.Car is not enhanced.

[2025-03-30 19:45:00 #16 type] 
Type domain.Book is not enhanced.

[2025-03-30 19:45:00 #17 type.registry] 
New type domain.Traveler

[2025-03-30 19:45:00 #18 type] 
Type domain.Traveler is not enhanced.

[2025-03-30 19:45:00 #19 type.registry] 
New type java.util.Vector<java.lang.Object>

[2025-03-30 19:45:00 #20 type.registry] 
New type java.util.Vector<domain.Ride>

[2025-03-30 19:45:00 #21 type.registry] 
New type java.util.ArrayList<java.lang.Object>

------------------------------------------------------------------------------------------------------------------------

[2025-03-30 19:51:37 #1 store] 
Database 'D:\Rides24\src\main\resources\rides.temp' is opened by 7016@LAPTOP-KQMM363R

[2025-03-30 19:51:37 #2 type.registry] 
New type domain.User

[2025-03-30 19:51:37 #3 type.registry] 
New type domain.Driver

[2025-03-30 19:51:37 #4 type] 
Type domain.User is not enhanced.

[2025-03-30 19:51:37 #5 type.registry] 
New type domain.Ride

[2025-03-30 19:51:37 #6 type.registry] 
New type domain.Mugimenduak

[2025-03-30 19:51:37 #7 type] 
Type domain.Driver is not enhanced.

[2025-03-30 19:51:37 #8 type.registry] 
New type domain.Car

[2025-03-30 19:51:37 #9 type.registry] 
New type java.util.ArrayList<domain.Car>

[2025-03-30 19:51:37 #10 type.registry] 
New type java.util.ArrayList<domain.Ride>

[2025-03-30 19:51:37 #11 type] 
Type domain.Ride is not enhanced.

[2025-03-30 19:51:37 #12 type.registry] 
New type domain.Book

[2025-03-30 19:51:37 #13 type.registry] 
New type java.util.ArrayList<domain.Book>

[2025-03-30 19:51:37 #14 type] 
Type domain.Mugimenduak is not enhanced.

[2025-03-30 19:51:37 #15 type] 
Type domain.Car is not enhanced.

[2025-03-30 19:51:37 #16 type] 
Type domain.Book is not enhanced.

[2025-03-30 19:51:37 #17 type.registry] 
New type domain.Traveler

[2025-03-30 19:51:37 #18 type] 
Type domain.Traveler is not enhanced.

[2025-03-30 19:51:37 #19 type.registry] 
New type java.util.Vector<java.lang.Object>

[2025-03-30 19:51:37 #20 type.registry] 
New type java.util.Vector<domain.Ride>

[2025-03-30 19:51:37 #21 type.registry] 
New type java.util.ArrayList<java.lang.Object>

------------------------------------------------------------------------------------------------------------------------

[2025-03-30 19:57:06 #1 store] 
Database 'D:\Rides24\src\main\resources\rides.temp' is opened by 20476@LAPTOP-KQMM363R

[2025-03-30 19:57:06 #2 type.registry] 
New type domain.User

[2025-03-30 19:57:06 #3 type.registry] 
New type domain.Driver

[2025-03-30 19:57:06 #4 type] 
Type domain.User is not enhanced.

[2025-03-30 19:57:06 #5 type.registry] 
New type domain.Ride

[2025-03-30 19:57:06 #6 type.registry] 
New type domain.Mugimenduak

[2025-03-30 19:57:06 #7 type] 
Type domain.Driver is not enhanced.

[2025-03-30 19:57:06 #8 type.registry] 
New type domain.Car

[2025-03-30 19:57:06 #9 type.registry] 
New type java.util.ArrayList<domain.Car>

[2025-03-30 19:57:06 #10 type.registry] 
New type java.util.ArrayList<domain.Ride>

[2025-03-30 19:57:06 #11 type] 
Type domain.Ride is not enhanced.

[2025-03-30 19:57:06 #12 type.registry] 
New type domain.Book

[2025-03-30 19:57:06 #13 type.registry] 
New type java.util.ArrayList<domain.Book>

[2025-03-30 19:57:06 #14 type] 
Type domain.Mugimenduak is not enhanced.

[2025-03-30 19:57:06 #15 type.registry] 
New type domain.Traveler

[2025-03-30 19:57:06 #16 type] 
Type domain.Car is not enhanced.

[2025-03-30 19:57:06 #17 type] 
Type domain.Book is not enhanced.

[2025-03-30 19:57:06 #18 type] 
Type domain.Traveler is not enhanced.

[2025-03-30 19:57:06 #19 type.registry] 
New type java.util.Vector<java.lang.Object>

[2025-03-30 19:57:06 #20 type.registry] 
New type java.util.Vector<domain.Ride>

[2025-03-30 19:57:06 #21 type.registry] 
New type java.util.ArrayList<java.lang.Object>

------------------------------------------------------------------------------------------------------------------------

[2025-03-30 19:58:28 #1 store] 
Database 'D:\Rides24\src\main\resources\rides.temp' is opened by 7916@LAPTOP-KQMM363R

[2025-03-30 19:58:29 #2 type.registry] 
New type domain.User

[2025-03-30 19:58:29 #3 type.registry] 
New type domain.Driver

[2025-03-30 19:58:29 #4 type] 
Type domain.User is not enhanced.

[2025-03-30 19:58:29 #5 type.registry] 
New type domain.Ride

[2025-03-30 19:58:29 #6 type.registry] 
New type domain.Mugimenduak

[2025-03-30 19:58:29 #7 type] 
Type domain.Driver is not enhanced.

[2025-03-30 19:58:29 #8 type.registry] 
New type domain.Car

[2025-03-30 19:58:29 #9 type.registry] 
New type java.util.ArrayList<domain.Car>

[2025-03-30 19:58:29 #10 type.registry] 
New type java.util.ArrayList<domain.Ride>

[2025-03-30 19:58:29 #11 type] 
Type domain.Ride is not enhanced.

[2025-03-30 19:58:29 #12 type.registry] 
New type domain.Book

[2025-03-30 19:58:29 #13 type.registry] 
New type java.util.ArrayList<domain.Book>

[2025-03-30 19:58:29 #14 type] 
Type domain.Mugimenduak is not enhanced.

[2025-03-30 19:58:29 #15 type.registry] 
New type domain.Traveler

[2025-03-30 19:58:29 #16 type] 
Type domain.Car is not enhanced.

[2025-03-30 19:58:29 #17 type] 
Type domain.Book is not enhanced.

[2025-03-30 19:58:29 #18 type] 
Type domain.Traveler is not enhanced.

[2025-03-30 19:58:29 #19 type.registry] 
New type java.util.Vector<java.lang.Object>

[2025-03-30 19:58:29 #20 type.registry] 
New type java.util.Vector<domain.Ride>

[2025-03-30 19:58:29 #21 type.registry] 
New type java.util.ArrayList<java.lang.Object>

